[0.066s] Invoking command in '/home/shruthir/CSE180FinalProject/src/build/finalProject': CMAKE_PREFIX_PATH=${CMAKE_PREFIX_PATH}:/opt/ros/jazzy DEBUGINFOD_URLS=https://debuginfod.ubuntu.com /usr/bin/cmake --build /home/shruthir/CSE180FinalProject/src/build/finalProject -- -j12 -l12
[0.183s] [ 33%] Built target perception_node
[0.193s] [ 66%] Built target navigation_node
[0.195s] [100%] Built target locomotion_node
[0.216s] Invoked command in '/home/shruthir/CSE180FinalProject/src/build/finalProject' returned '0': CMAKE_PREFIX_PATH=${CMAKE_PREFIX_PATH}:/opt/ros/jazzy DEBUGINFOD_URLS=https://debuginfod.ubuntu.com /usr/bin/cmake --build /home/shruthir/CSE180FinalProject/src/build/finalProject -- -j12 -l12
[0.240s] Invoking command in '/home/shruthir/CSE180FinalProject/src/build/finalProject': CMAKE_PREFIX_PATH=${CMAKE_PREFIX_PATH}:/opt/ros/jazzy DEBUGINFOD_URLS=https://debuginfod.ubuntu.com /usr/bin/cmake --install /home/shruthir/CSE180FinalProject/src/build/finalProject
[0.264s] -- Install configuration: ""
[0.266s] -- Up-to-date: /home/shruthir/CSE180FinalProject/src/install/finalProject/lib/finalProject/navigation_node
[0.267s] -- Up-to-date: /home/shruthir/CSE180FinalProject/src/install/finalProject/lib/finalProject/perception_node
[0.268s] -- Up-to-date: /home/shruthir/CSE180FinalProject/src/install/finalProject/lib/finalProject/locomotion_node
[0.268s] -- Up-to-date: /home/shruthir/CSE180FinalProject/src/install/finalProject/share/ament_index/resource_index/package_run_dependencies/finalProject
[0.270s] -- Up-to-date: /home/shruthir/CSE180FinalProject/src/install/finalProject/share/ament_index/resource_index/parent_prefix_path/finalProject
[0.271s] -- Up-to-date: /home/shruthir/CSE180FinalProject/src/install/finalProject/share/finalProject/environment/ament_prefix_path.sh
[0.271s] -- Up-to-date: /home/shruthir/CSE180FinalProject/src/install/finalProject/share/finalProject/environment/ament_prefix_path.dsv
[0.272s] -- Up-to-date: /home/shruthir/CSE180FinalProject/src/install/finalProject/share/finalProject/environment/path.sh
[0.272s] -- Up-to-date: /home/shruthir/CSE180FinalProject/src/install/finalProject/share/finalProject/environment/path.dsv
[0.273s] -- Up-to-date: /home/shruthir/CSE180FinalProject/src/install/finalProject/share/finalProject/local_setup.bash
[0.273s] -- Up-to-date: /home/shruthir/CSE180FinalProject/src/install/finalProject/share/finalProject/local_setup.sh
[0.273s] -- Up-to-date: /home/shruthir/CSE180FinalProject/src/install/finalProject/share/finalProject/local_setup.zsh
[0.276s] -- Up-to-date: /home/shruthir/CSE180FinalProject/src/install/finalProject/share/finalProject/local_setup.dsv
[0.278s] -- Installing: /home/shruthir/CSE180FinalProject/src/install/finalProject/share/finalProject/package.dsv
[0.279s] -- Up-to-date: /home/shruthir/CSE180FinalProject/src/install/finalProject/share/ament_index/resource_index/packages/finalProject
[0.279s] -- Up-to-date: /home/shruthir/CSE180FinalProject/src/install/finalProject/share/finalProject/cmake/finalProjectConfig.cmake
[0.279s] -- Up-to-date: /home/shruthir/CSE180FinalProject/src/install/finalProject/share/finalProject/cmake/finalProjectConfig-version.cmake
[0.280s] -- Up-to-date: /home/shruthir/CSE180FinalProject/src/install/finalProject/share/finalProject/package.xml
[0.289s] Invoked command in '/home/shruthir/CSE180FinalProject/src/build/finalProject' returned '0': CMAKE_PREFIX_PATH=${CMAKE_PREFIX_PATH}:/opt/ros/jazzy DEBUGINFOD_URLS=https://debuginfod.ubuntu.com /usr/bin/cmake --install /home/shruthir/CSE180FinalProject/src/build/finalProject
