[0.029s] Invoking command in '/home/shruthir/CSE180FinalProject/build/finalProject': CMAKE_PREFIX_PATH=${CMAKE_PREFIX_PATH}:/opt/ros/jazzy DEBUGINFOD_URLS=https://debuginfod.ubuntu.com /usr/bin/cmake --build /home/shruthir/CSE180FinalProject/build/finalProject -- -j12 -l12
[0.194s] [ 33%] Built target navigation_node
[0.252s] [ 66%] Built target locomotion_node
[0.310s] [100%] Built target perception_node
[0.337s] Invoked command in '/home/shruthir/CSE180FinalProject/build/finalProject' returned '0': CMAKE_PREFIX_PATH=${CMAKE_PREFIX_PATH}:/opt/ros/jazzy DEBUGINFOD_URLS=https://debuginfod.ubuntu.com /usr/bin/cmake --build /home/shruthir/CSE180FinalProject/build/finalProject -- -j12 -l12
[0.363s] Invoking command in '/home/shruthir/CSE180FinalProject/build/finalProject': CMAKE_PREFIX_PATH=${CMAKE_PREFIX_PATH}:/opt/ros/jazzy DEBUGINFOD_URLS=https://debuginfod.ubuntu.com /usr/bin/cmake --install /home/shruthir/CSE180FinalProject/build/finalProject
[0.373s] -- Install configuration: ""
[0.374s] -- Up-to-date: /home/shruthir/CSE180FinalProject/install/finalProject/lib/finalProject/navigation_node
[0.375s] -- Up-to-date: /home/shruthir/CSE180FinalProject/install/finalProject/lib/finalProject/perception_node
[0.377s] -- Up-to-date: /home/shruthir/CSE180FinalProject/install/finalProject/lib/finalProject/locomotion_node
[0.379s] -- Up-to-date: /home/shruthir/CSE180FinalProject/install/finalProject/share/ament_index/resource_index/package_run_dependencies/finalProject
[0.379s] -- Up-to-date: /home/shruthir/CSE180FinalProject/install/finalProject/share/ament_index/resource_index/parent_prefix_path/finalProject
[0.388s] -- Up-to-date: /home/shruthir/CSE180FinalProject/install/finalProject/share/finalProject/environment/ament_prefix_path.sh
[0.388s] -- Up-to-date: /home/shruthir/CSE180FinalProject/install/finalProject/share/finalProject/environment/ament_prefix_path.dsv
[0.388s] -- Up-to-date: /home/shruthir/CSE180FinalProject/install/finalProject/share/finalProject/environment/path.sh
[0.388s] -- Up-to-date: /home/shruthir/CSE180FinalProject/install/finalProject/share/finalProject/environment/path.dsv
[0.388s] -- Up-to-date: /home/shruthir/CSE180FinalProject/install/finalProject/share/finalProject/local_setup.bash
[0.388s] -- Up-to-date: /home/shruthir/CSE180FinalProject/install/finalProject/share/finalProject/local_setup.sh
[0.388s] -- Up-to-date: /home/shruthir/CSE180FinalProject/install/finalProject/share/finalProject/local_setup.zsh
[0.388s] -- Up-to-date: /home/shruthir/CSE180FinalProject/install/finalProject/share/finalProject/local_setup.dsv
[0.388s] -- Installing: /home/shruthir/CSE180FinalProject/install/finalProject/share/finalProject/package.dsv
[0.388s] -- Up-to-date: /home/shruthir/CSE180FinalProject/install/finalProject/share/ament_index/resource_index/packages/finalProject
[0.388s] -- Up-to-date: /home/shruthir/CSE180FinalProject/install/finalProject/share/finalProject/cmake/finalProjectConfig.cmake
[0.388s] -- Up-to-date: /home/shruthir/CSE180FinalProject/install/finalProject/share/finalProject/cmake/finalProjectConfig-version.cmake
[0.389s] -- Up-to-date: /home/shruthir/CSE180FinalProject/install/finalProject/share/finalProject/package.xml
[0.389s] Invoked command in '/home/shruthir/CSE180FinalProject/build/finalProject' returned '0': CMAKE_PREFIX_PATH=${CMAKE_PREFIX_PATH}:/opt/ros/jazzy DEBUGINFOD_URLS=https://debuginfod.ubuntu.com /usr/bin/cmake --install /home/shruthir/CSE180FinalProject/build/finalProject
