[0.014s] Invoking command in '/home/shruthir/CSE180FinalProject/src/build/finalProject': CMAKE_PREFIX_PATH=/opt/ros/jazzy DEBUGINFOD_URLS=https://debuginfod.ubuntu.com /usr/bin/cmake /home/shruthir/CSE180FinalProject/src/finalProject -DCMAKE_INSTALL_PREFIX=/home/shruthir/CSE180FinalProject/src/install/finalProject
[0.534s] -- The C compiler identification is GNU 13.3.0
[2.624s] -- The CXX compiler identification is GNU 13.3.0
[4.514s] -- Detecting C compiler ABI info
[5.172s] -- Detecting C compiler ABI info - done
[5.189s] -- Check for working C compiler: /usr/bin/cc - skipped
[5.191s] -- Detecting C compile features
[5.194s] -- Detecting C compile features - done
[5.532s] -- Detecting CXX compiler ABI info
[6.318s] -- Detecting CXX compiler ABI info - done
[6.344s] -- Check for working CXX compiler: /usr/bin/c++ - skipped
[6.344s] -- Detecting CXX compile features
[6.345s] -- Detecting CXX compile features - done
[6.368s] -- Found ament_cmake: 2.5.4 (/opt/ros/jazzy/share/ament_cmake/cmake)
[6.590s] -- Found Python3: /usr/bin/python3 (found version "3.12.3") found components: Interpreter 
[6.837s] -- Found rclcpp: 28.1.11 (/opt/ros/jazzy/share/rclcpp/cmake)
[7.317s] -- Found rosidl_generator_c: 4.6.6 (/opt/ros/jazzy/share/rosidl_generator_c/cmake)
[7.357s] -- Found rosidl_generator_cpp: 4.6.6 (/opt/ros/jazzy/share/rosidl_generator_cpp/cmake)
[7.421s] -- Using all available rosidl_typesupport_c: rosidl_typesupport_fastrtps_c;rosidl_typesupport_introspection_c
[7.476s] -- Using all available rosidl_typesupport_cpp: rosidl_typesupport_fastrtps_cpp;rosidl_typesupport_introspection_cpp
[7.669s] -- Found rmw_implementation_cmake: 7.3.2 (/opt/ros/jazzy/share/rmw_implementation_cmake/cmake)
[7.681s] -- Found rmw_fastrtps_cpp: 8.4.3 (/opt/ros/jazzy/share/rmw_fastrtps_cpp/cmake)
[7.854s] -- Found OpenSSL: /usr/lib/x86_64-linux-gnu/libcrypto.so (found version "3.0.13")  
[8.493s] -- Found FastRTPS: /opt/ros/jazzy/include (Required is at least version "2.13") 
[8.804s] -- Using RMW implementation 'rmw_fastrtps_cpp' as default
[9.488s] -- Found sensor_msgs: 5.3.6 (/opt/ros/jazzy/share/sensor_msgs/cmake)
[9.655s] -- Found nav_msgs: 5.3.6 (/opt/ros/jazzy/share/nav_msgs/cmake)
[9.715s] -- Found ament_lint_auto: 0.17.3 (/opt/ros/jazzy/share/ament_lint_auto/cmake)
[9.841s] WARNING: Package name "finalProject" does not follow the naming conventions. It should start with a lower case letter and only contain lower case letters, digits, underscores, and dashes.
[9.938s] -- Added test 'cppcheck' to perform static code analysis on C / C++ code
[9.938s] -- Configured cppcheck include dirs: 
[9.938s] -- Configured cppcheck exclude dirs and/or files: 
[9.942s] -- Added test 'lint_cmake' to check CMake code style
[9.946s] -- Added test 'uncrustify' to check C / C++ code style
[9.946s] -- Configured uncrustify additional arguments: 
[9.947s] -- Added test 'xmllint' to check XML markup files
[9.951s] -- Configuring done (9.9s)
[9.965s] -- Generating done (0.0s)
[9.972s] -- Build files have been written to: /home/shruthir/CSE180FinalProject/src/build/finalProject
[9.984s] Invoked command in '/home/shruthir/CSE180FinalProject/src/build/finalProject' returned '0': CMAKE_PREFIX_PATH=/opt/ros/jazzy DEBUGINFOD_URLS=https://debuginfod.ubuntu.com /usr/bin/cmake /home/shruthir/CSE180FinalProject/src/finalProject -DCMAKE_INSTALL_PREFIX=/home/shruthir/CSE180FinalProject/src/install/finalProject
[9.985s] Invoking command in '/home/shruthir/CSE180FinalProject/src/build/finalProject': CMAKE_PREFIX_PATH=/opt/ros/jazzy DEBUGINFOD_URLS=https://debuginfod.ubuntu.com /usr/bin/cmake --build /home/shruthir/CSE180FinalProject/src/build/finalProject -- -j12 -l12
[10.044s] Invoked command in '/home/shruthir/CSE180FinalProject/src/build/finalProject' returned '0': CMAKE_PREFIX_PATH=/opt/ros/jazzy DEBUGINFOD_URLS=https://debuginfod.ubuntu.com /usr/bin/cmake --build /home/shruthir/CSE180FinalProject/src/build/finalProject -- -j12 -l12
[10.060s] Invoking command in '/home/shruthir/CSE180FinalProject/src/build/finalProject': CMAKE_PREFIX_PATH=/opt/ros/jazzy DEBUGINFOD_URLS=https://debuginfod.ubuntu.com /usr/bin/cmake --install /home/shruthir/CSE180FinalProject/src/build/finalProject
[10.071s] -- Install configuration: ""
[10.077s] -- Installing: /home/shruthir/CSE180FinalProject/src/install/finalProject/share/ament_index/resource_index/package_run_dependencies/finalProject
[10.078s] -- Installing: /home/shruthir/CSE180FinalProject/src/install/finalProject/share/ament_index/resource_index/parent_prefix_path/finalProject
[10.080s] -- Installing: /home/shruthir/CSE180FinalProject/src/install/finalProject/share/finalProject/environment/ament_prefix_path.sh
[10.080s] -- Installing: /home/shruthir/CSE180FinalProject/src/install/finalProject/share/finalProject/environment/ament_prefix_path.dsv
[10.081s] -- Installing: /home/shruthir/CSE180FinalProject/src/install/finalProject/share/finalProject/environment/path.sh
[10.081s] -- Installing: /home/shruthir/CSE180FinalProject/src/install/finalProject/share/finalProject/environment/path.dsv
[10.081s] -- Installing: /home/shruthir/CSE180FinalProject/src/install/finalProject/share/finalProject/local_setup.bash
[10.082s] -- Installing: /home/shruthir/CSE180FinalProject/src/install/finalProject/share/finalProject/local_setup.sh
[10.083s] -- Installing: /home/shruthir/CSE180FinalProject/src/install/finalProject/share/finalProject/local_setup.zsh
[10.083s] -- Installing: /home/shruthir/CSE180FinalProject/src/install/finalProject/share/finalProject/local_setup.dsv
[10.084s] -- Installing: /home/shruthir/CSE180FinalProject/src/install/finalProject/share/finalProject/package.dsv
[10.084s] -- Installing: /home/shruthir/CSE180FinalProject/src/install/finalProject/share/ament_index/resource_index/packages/finalProject
[10.084s] -- Installing: /home/shruthir/CSE180FinalProject/src/install/finalProject/share/finalProject/cmake/finalProjectConfig.cmake
[10.084s] -- Installing: /home/shruthir/CSE180FinalProject/src/install/finalProject/share/finalProject/cmake/finalProjectConfig-version.cmake
[10.084s] -- Installing: /home/shruthir/CSE180FinalProject/src/install/finalProject/share/finalProject/package.xml
[10.088s] Invoked command in '/home/shruthir/CSE180FinalProject/src/build/finalProject' returned '0': CMAKE_PREFIX_PATH=/opt/ros/jazzy DEBUGINFOD_URLS=https://debuginfod.ubuntu.com /usr/bin/cmake --install /home/shruthir/CSE180FinalProject/src/build/finalProject
