-- Found ament_cmake: 2.5.4 (/opt/ros/jazzy/share/ament_cmake/cmake)
-- Found rclcpp: 28.1.11 (/opt/ros/jazzy/share/rclcpp/cmake)
-- Found rosidl_generator_c: 4.6.6 (/opt/ros/jazzy/share/rosidl_generator_c/cmake)
-- Found rosidl_generator_cpp: 4.6.6 (/opt/ros/jazzy/share/rosidl_generator_cpp/cmake)
-- Using all available rosidl_typesupport_c: rosidl_typesupport_fastrtps_c;rosidl_typesupport_introspection_c
-- Using all available rosidl_typesupport_cpp: rosidl_typesupport_fastrtps_cpp;rosidl_typesupport_introspection_cpp
-- Found rmw_implementation_cmake: 7.3.2 (/opt/ros/jazzy/share/rmw_implementation_cmake/cmake)
-- Found rmw_fastrtps_cpp: 8.4.3 (/opt/ros/jazzy/share/rmw_fastrtps_cpp/cmake)
-- Using RMW implementation 'rmw_fastrtps_cpp' as default
-- Found sensor_msgs: 5.3.6 (/opt/ros/jazzy/share/sensor_msgs/cmake)
-- Found nav_msgs: 5.3.6 (/opt/ros/jazzy/share/nav_msgs/cmake)
-- Found nav2_msgs: 1.3.10 (/opt/ros/jazzy/share/nav2_msgs/cmake)
-- Found rclcpp_action: 28.1.11 (/opt/ros/jazzy/share/rclcpp_action/cmake)
-- Found ament_lint_auto: 0.17.3 (/opt/ros/jazzy/share/ament_lint_auto/cmake)
-- Added test 'copyright' to check source files copyright and LICENSE
-- Added test 'cppcheck' to perform static code analysis on C / C++ code
-- Configured cppcheck include dirs: /home/shruthir/CSE180FinalProject/src/finalProject/include
-- Configured cppcheck exclude dirs and/or files: 
-- Added test 'cpplint' to check C / C++ code against the Google style
-- Configured cpplint exclude dirs and/or files: 
-- Added test 'flake8' to check Python code syntax and style conventions
-- Configured 'flake8' exclude dirs and/or files: 
-- Added test 'lint_cmake' to check CMake code style
-- Added test 'pep257' to check Python code against some of the docstring style conventions in PEP 257
-- Added test 'uncrustify' to check C / C++ code style
-- Configured uncrustify additional arguments: 
-- Added test 'xmllint' to check XML markup files
-- Configuring done (2.9s)
-- Generating done (0.0s)
-- Build files have been written to: /home/shruthir/CSE180FinalProject/src/build/finalProject
[ 16%] [32mBuilding CXX object CMakeFiles/perception_node.dir/src/perception.cpp.o[0m
[ 33%] [32mBuilding CXX object CMakeFiles/navigation_node.dir/src/navigation.cpp.o[0m
[ 50%] [32mBuilding CXX object CMakeFiles/locomotion_node.dir/src/locomotion.cpp.o[0m
[ 66%] [32m[1mLinking CXX executable locomotion_node[0m
[ 66%] Built target locomotion_node
[ 83%] [32m[1mLinking CXX executable perception_node[0m
[ 83%] Built target perception_node
[100%] [32m[1mLinking CXX executable navigation_node[0m
[100%] Built target navigation_node
-- Install configuration: ""
-- Installing: /home/shruthir/CSE180FinalProject/src/install/finalProject/lib/finalProject/navigation_node
-- Set non-toolchain portion of runtime path of "/home/shruthir/CSE180FinalProject/src/install/finalProject/lib/finalProject/navigation_node" to ""
-- Installing: /home/shruthir/CSE180FinalProject/src/install/finalProject/lib/finalProject/perception_node
-- Set non-toolchain portion of runtime path of "/home/shruthir/CSE180FinalProject/src/install/finalProject/lib/finalProject/perception_node" to ""
-- Installing: /home/shruthir/CSE180FinalProject/src/install/finalProject/lib/finalProject/locomotion_node
-- Set non-toolchain portion of runtime path of "/home/shruthir/CSE180FinalProject/src/install/finalProject/lib/finalProject/locomotion_node" to ""
-- Up-to-date: /home/shruthir/CSE180FinalProject/src/install/finalProject/share/ament_index/resource_index/package_run_dependencies/finalProject
-- Installing: /home/shruthir/CSE180FinalProject/src/install/finalProject/share/ament_index/resource_index/parent_prefix_path/finalProject
-- Up-to-date: /home/shruthir/CSE180FinalProject/src/install/finalProject/share/finalProject/environment/ament_prefix_path.sh
-- Up-to-date: /home/shruthir/CSE180FinalProject/src/install/finalProject/share/finalProject/environment/ament_prefix_path.dsv
-- Up-to-date: /home/shruthir/CSE180FinalProject/src/install/finalProject/share/finalProject/environment/path.sh
-- Up-to-date: /home/shruthir/CSE180FinalProject/src/install/finalProject/share/finalProject/environment/path.dsv
-- Up-to-date: /home/shruthir/CSE180FinalProject/src/install/finalProject/share/finalProject/local_setup.bash
-- Up-to-date: /home/shruthir/CSE180FinalProject/src/install/finalProject/share/finalProject/local_setup.sh
-- Up-to-date: /home/shruthir/CSE180FinalProject/src/install/finalProject/share/finalProject/local_setup.zsh
-- Up-to-date: /home/shruthir/CSE180FinalProject/src/install/finalProject/share/finalProject/local_setup.dsv
-- Installing: /home/shruthir/CSE180FinalProject/src/install/finalProject/share/finalProject/package.dsv
-- Up-to-date: /home/shruthir/CSE180FinalProject/src/install/finalProject/share/ament_index/resource_index/packages/finalProject
-- Up-to-date: /home/shruthir/CSE180FinalProject/src/install/finalProject/share/finalProject/cmake/finalProjectConfig.cmake
-- Up-to-date: /home/shruthir/CSE180FinalProject/src/install/finalProject/share/finalProject/cmake/finalProjectConfig-version.cmake
-- Up-to-date: /home/shruthir/CSE180FinalProject/src/install/finalProject/share/finalProject/package.xml
