[0.034s] Invoking command in '/home/shruthir/CSE180FinalProject/src/build/finalProject': CMAKE_PREFIX_PATH=${CMAKE_PREFIX_PATH}:/opt/ros/jazzy DEBUGINFOD_URLS=https://debuginfod.ubuntu.com /usr/bin/cmake --build /home/shruthir/CSE180FinalProject/src/build/finalProject -- -j12 -l12
[0.080s] -- Found ament_cmake: 2.5.4 (/opt/ros/jazzy/share/ament_cmake/cmake)
[0.502s] -- Found rclcpp: 28.1.11 (/opt/ros/jazzy/share/rclcpp/cmake)
[0.926s] -- Found rosidl_generator_c: 4.6.6 (/opt/ros/jazzy/share/rosidl_generator_c/cmake)
[0.947s] -- Found rosidl_generator_cpp: 4.6.6 (/opt/ros/jazzy/share/rosidl_generator_cpp/cmake)
[0.972s] -- Using all available rosidl_typesupport_c: rosidl_typesupport_fastrtps_c;rosidl_typesupport_introspection_c
[0.997s] -- Using all available rosidl_typesupport_cpp: rosidl_typesupport_fastrtps_cpp;rosidl_typesupport_introspection_cpp
[1.096s] -- Found rmw_implementation_cmake: 7.3.2 (/opt/ros/jazzy/share/rmw_implementation_cmake/cmake)
[1.101s] -- Found rmw_fastrtps_cpp: 8.4.3 (/opt/ros/jazzy/share/rmw_fastrtps_cpp/cmake)
[1.680s] -- Using RMW implementation 'rmw_fastrtps_cpp' as default
[2.103s] -- Found sensor_msgs: 5.3.6 (/opt/ros/jazzy/share/sensor_msgs/cmake)
[2.219s] -- Found nav_msgs: 5.3.6 (/opt/ros/jazzy/share/nav_msgs/cmake)
[2.270s] -- Found nav2_msgs: 1.3.10 (/opt/ros/jazzy/share/nav2_msgs/cmake)
[2.580s] -- Found rclcpp_action: 28.1.11 (/opt/ros/jazzy/share/rclcpp_action/cmake)
[2.608s] -- Found ament_lint_auto: 0.17.3 (/opt/ros/jazzy/share/ament_lint_auto/cmake)
[2.794s] WARNING: Package name "finalProject" does not follow the naming conventions. It should start with a lower case letter and only contain lower case letters, digits, underscores, and dashes.
[2.905s] -- Added test 'copyright' to check source files copyright and LICENSE
[2.912s] -- Added test 'cppcheck' to perform static code analysis on C / C++ code
[2.913s] -- Configured cppcheck include dirs: /home/shruthir/CSE180FinalProject/src/finalProject/include
[2.913s] -- Configured cppcheck exclude dirs and/or files: 
[2.924s] -- Added test 'cpplint' to check C / C++ code against the Google style
[2.926s] -- Configured cpplint exclude dirs and/or files: 
[2.927s] -- Added test 'flake8' to check Python code syntax and style conventions
[2.928s] -- Configured 'flake8' exclude dirs and/or files: 
[2.933s] -- Added test 'lint_cmake' to check CMake code style
[2.934s] -- Added test 'pep257' to check Python code against some of the docstring style conventions in PEP 257
[2.944s] -- Added test 'uncrustify' to check C / C++ code style
[2.944s] -- Configured uncrustify additional arguments: 
[2.947s] -- Added test 'xmllint' to check XML markup files
[2.952s] -- Configuring done (2.9s)
[3.001s] -- Generating done (0.0s)
[3.014s] -- Build files have been written to: /home/shruthir/CSE180FinalProject/src/build/finalProject
[3.117s] [ 16%] [32mBuilding CXX object CMakeFiles/perception_node.dir/src/perception.cpp.o[0m
[3.129s] [ 33%] [32mBuilding CXX object CMakeFiles/navigation_node.dir/src/navigation.cpp.o[0m
[3.132s] [ 50%] [32mBuilding CXX object CMakeFiles/locomotion_node.dir/src/locomotion.cpp.o[0m
[23.679s] [ 66%] [32m[1mLinking CXX executable locomotion_node[0m
[24.553s] [ 66%] Built target locomotion_node
[25.689s] [ 83%] [32m[1mLinking CXX executable perception_node[0m
[26.535s] [ 83%] Built target perception_node
[26.706s] [100%] [32m[1mLinking CXX executable navigation_node[0m
[27.876s] [100%] Built target navigation_node
[27.905s] Invoked command in '/home/shruthir/CSE180FinalProject/src/build/finalProject' returned '0': CMAKE_PREFIX_PATH=${CMAKE_PREFIX_PATH}:/opt/ros/jazzy DEBUGINFOD_URLS=https://debuginfod.ubuntu.com /usr/bin/cmake --build /home/shruthir/CSE180FinalProject/src/build/finalProject -- -j12 -l12
[27.925s] Invoking command in '/home/shruthir/CSE180FinalProject/src/build/finalProject': CMAKE_PREFIX_PATH=${CMAKE_PREFIX_PATH}:/opt/ros/jazzy DEBUGINFOD_URLS=https://debuginfod.ubuntu.com /usr/bin/cmake --install /home/shruthir/CSE180FinalProject/src/build/finalProject
[27.940s] -- Install configuration: ""
[27.941s] -- Installing: /home/shruthir/CSE180FinalProject/src/install/finalProject/lib/finalProject/navigation_node
[27.950s] -- Set non-toolchain portion of runtime path of "/home/shruthir/CSE180FinalProject/src/install/finalProject/lib/finalProject/navigation_node" to ""
[27.951s] -- Installing: /home/shruthir/CSE180FinalProject/src/install/finalProject/lib/finalProject/perception_node
[27.961s] -- Set non-toolchain portion of runtime path of "/home/shruthir/CSE180FinalProject/src/install/finalProject/lib/finalProject/perception_node" to ""
[27.962s] -- Installing: /home/shruthir/CSE180FinalProject/src/install/finalProject/lib/finalProject/locomotion_node
[27.968s] -- Set non-toolchain portion of runtime path of "/home/shruthir/CSE180FinalProject/src/install/finalProject/lib/finalProject/locomotion_node" to ""
[27.968s] -- Up-to-date: /home/shruthir/CSE180FinalProject/src/install/finalProject/share/ament_index/resource_index/package_run_dependencies/finalProject
[27.969s] -- Installing: /home/shruthir/CSE180FinalProject/src/install/finalProject/share/ament_index/resource_index/parent_prefix_path/finalProject
[27.969s] -- Up-to-date: /home/shruthir/CSE180FinalProject/src/install/finalProject/share/finalProject/environment/ament_prefix_path.sh
[27.970s] -- Up-to-date: /home/shruthir/CSE180FinalProject/src/install/finalProject/share/finalProject/environment/ament_prefix_path.dsv
[27.970s] -- Up-to-date: /home/shruthir/CSE180FinalProject/src/install/finalProject/share/finalProject/environment/path.sh
[27.970s] -- Up-to-date: /home/shruthir/CSE180FinalProject/src/install/finalProject/share/finalProject/environment/path.dsv
[27.970s] -- Up-to-date: /home/shruthir/CSE180FinalProject/src/install/finalProject/share/finalProject/local_setup.bash
[27.971s] -- Up-to-date: /home/shruthir/CSE180FinalProject/src/install/finalProject/share/finalProject/local_setup.sh
[27.972s] -- Up-to-date: /home/shruthir/CSE180FinalProject/src/install/finalProject/share/finalProject/local_setup.zsh
[27.973s] -- Up-to-date: /home/shruthir/CSE180FinalProject/src/install/finalProject/share/finalProject/local_setup.dsv
[27.976s] -- Installing: /home/shruthir/CSE180FinalProject/src/install/finalProject/share/finalProject/package.dsv
[27.976s] -- Up-to-date: /home/shruthir/CSE180FinalProject/src/install/finalProject/share/ament_index/resource_index/packages/finalProject
[27.979s] -- Up-to-date: /home/shruthir/CSE180FinalProject/src/install/finalProject/share/finalProject/cmake/finalProjectConfig.cmake
[27.981s] -- Up-to-date: /home/shruthir/CSE180FinalProject/src/install/finalProject/share/finalProject/cmake/finalProjectConfig-version.cmake
[27.986s] -- Up-to-date: /home/shruthir/CSE180FinalProject/src/install/finalProject/share/finalProject/package.xml
[27.986s] Invoked command in '/home/shruthir/CSE180FinalProject/src/build/finalProject' returned '0': CMAKE_PREFIX_PATH=${CMAKE_PREFIX_PATH}:/opt/ros/jazzy DEBUGINFOD_URLS=https://debuginfod.ubuntu.com /usr/bin/cmake --install /home/shruthir/CSE180FinalProject/src/build/finalProject
