[0.074s] Invoking command in '/home/shruthir/CSE180FinalProject/build/finalProject': CMAKE_PREFIX_PATH=${CMAKE_PREFIX_PATH}:/opt/ros/jazzy DEBUGINFOD_URLS=https://debuginfod.ubuntu.com /usr/bin/cmake --build /home/shruthir/CSE180FinalProject/build/finalProject -- -j12 -l12
[0.526s] [ 16%] [32mBuilding CXX object CMakeFiles/perception_node.dir/src/perception.cpp.o[0m
[0.533s] [ 50%] [32mBuilding CXX object CMakeFiles/navigation_node.dir/src/navigation.cpp.o[0m
[0.533s] [ 33%] [32mBuilding CXX object CMakeFiles/locomotion_node.dir/src/locomotion.cpp.o[0m
[15.561s] [ 66%] [32m[1mLinking CXX executable locomotion_node[0m
[16.428s] [ 83%] [32m[1mLinking CXX executable perception_node[0m
[16.501s] [ 83%] Built target locomotion_node
[16.925s] [100%] [32m[1mLinking CXX executable navigation_node[0m
[17.246s] [100%] Built target perception_node
[18.159s] [100%] Built target navigation_node
[18.201s] Invoked command in '/home/shruthir/CSE180FinalProject/build/finalProject' returned '0': CMAKE_PREFIX_PATH=${CMAKE_PREFIX_PATH}:/opt/ros/jazzy DEBUGINFOD_URLS=https://debuginfod.ubuntu.com /usr/bin/cmake --build /home/shruthir/CSE180FinalProject/build/finalProject -- -j12 -l12
[18.218s] Invoking command in '/home/shruthir/CSE180FinalProject/build/finalProject': CMAKE_PREFIX_PATH=${CMAKE_PREFIX_PATH}:/opt/ros/jazzy DEBUGINFOD_URLS=https://debuginfod.ubuntu.com /usr/bin/cmake --install /home/shruthir/CSE180FinalProject/build/finalProject
[18.231s] -- Install configuration: ""
[18.233s] -- Installing: /home/shruthir/CSE180FinalProject/install/finalProject/lib/finalProject/navigation_node
[18.245s] -- Set non-toolchain portion of runtime path of "/home/shruthir/CSE180FinalProject/install/finalProject/lib/finalProject/navigation_node" to ""
[18.248s] -- Installing: /home/shruthir/CSE180FinalProject/install/finalProject/lib/finalProject/perception_node
[18.258s] -- Set non-toolchain portion of runtime path of "/home/shruthir/CSE180FinalProject/install/finalProject/lib/finalProject/perception_node" to ""
[18.259s] -- Installing: /home/shruthir/CSE180FinalProject/install/finalProject/lib/finalProject/locomotion_node
[18.273s] -- Set non-toolchain portion of runtime path of "/home/shruthir/CSE180FinalProject/install/finalProject/lib/finalProject/locomotion_node" to ""
[18.273s] -- Up-to-date: /home/shruthir/CSE180FinalProject/install/finalProject/share/ament_index/resource_index/package_run_dependencies/finalProject
[18.273s] -- Up-to-date: /home/shruthir/CSE180FinalProject/install/finalProject/share/ament_index/resource_index/parent_prefix_path/finalProject
[18.274s] -- Up-to-date: /home/shruthir/CSE180FinalProject/install/finalProject/share/finalProject/environment/ament_prefix_path.sh
[18.274s] -- Up-to-date: /home/shruthir/CSE180FinalProject/install/finalProject/share/finalProject/environment/ament_prefix_path.dsv
[18.275s] -- Up-to-date: /home/shruthir/CSE180FinalProject/install/finalProject/share/finalProject/environment/path.sh
[18.275s] -- Up-to-date: /home/shruthir/CSE180FinalProject/install/finalProject/share/finalProject/environment/path.dsv
[18.275s] -- Up-to-date: /home/shruthir/CSE180FinalProject/install/finalProject/share/finalProject/local_setup.bash
[18.275s] -- Up-to-date: /home/shruthir/CSE180FinalProject/install/finalProject/share/finalProject/local_setup.sh
[18.276s] -- Up-to-date: /home/shruthir/CSE180FinalProject/install/finalProject/share/finalProject/local_setup.zsh
[18.276s] -- Up-to-date: /home/shruthir/CSE180FinalProject/install/finalProject/share/finalProject/local_setup.dsv
[18.276s] -- Installing: /home/shruthir/CSE180FinalProject/install/finalProject/share/finalProject/package.dsv
[18.276s] -- Up-to-date: /home/shruthir/CSE180FinalProject/install/finalProject/share/ament_index/resource_index/packages/finalProject
[18.277s] -- Up-to-date: /home/shruthir/CSE180FinalProject/install/finalProject/share/finalProject/cmake/finalProjectConfig.cmake
[18.279s] -- Up-to-date: /home/shruthir/CSE180FinalProject/install/finalProject/share/finalProject/cmake/finalProjectConfig-version.cmake
[18.280s] -- Up-to-date: /home/shruthir/CSE180FinalProject/install/finalProject/share/finalProject/package.xml
[18.287s] Invoked command in '/home/shruthir/CSE180FinalProject/build/finalProject' returned '0': CMAKE_PREFIX_PATH=${CMAKE_PREFIX_PATH}:/opt/ros/jazzy DEBUGINFOD_URLS=https://debuginfod.ubuntu.com /usr/bin/cmake --install /home/shruthir/CSE180FinalProject/build/finalProject
