[0.012s] Invoking command in '/home/shruthir/CSE180FinalProject/src/build/finalProject': CMAKE_PREFIX_PATH=${CMAKE_PREFIX_PATH}:/opt/ros/jazzy DEBUGINFOD_URLS=https://debuginfod.ubuntu.com /usr/bin/cmake /home/shruthir/CSE180FinalProject/src/finalProject -DCMAKE_INSTALL_PREFIX=/home/shruthir/CSE180FinalProject/src/install/finalProject
[0.342s] -- The C compiler identification is GNU 13.3.0
[1.542s] -- The CXX compiler identification is GNU 13.3.0
[2.750s] -- Detecting C compiler ABI info
[3.247s] -- Detecting C compiler ABI info - done
[3.260s] -- Check for working C compiler: /usr/bin/cc - skipped
[3.263s] -- Detecting C compile features
[3.264s] -- Detecting C compile features - done
[3.470s] -- Detecting CXX compiler ABI info
[3.992s] -- Detecting CXX compiler ABI info - done
[4.001s] -- Check for working CXX compiler: /usr/bin/c++ - skipped
[4.002s] -- Detecting CXX compile features
[4.003s] -- Detecting CXX compile features - done
[4.039s] -- Found ament_cmake: 2.5.4 (/opt/ros/jazzy/share/ament_cmake/cmake)
[4.195s] -- Found Python3: /usr/bin/python3 (found version "3.12.3") found components: Interpreter 
[4.326s] -- Found rclcpp: 28.1.11 (/opt/ros/jazzy/share/rclcpp/cmake)
[4.708s] -- Found rosidl_generator_c: 4.6.6 (/opt/ros/jazzy/share/rosidl_generator_c/cmake)
[4.724s] -- Found rosidl_generator_cpp: 4.6.6 (/opt/ros/jazzy/share/rosidl_generator_cpp/cmake)
[4.757s] -- Using all available rosidl_typesupport_c: rosidl_typesupport_fastrtps_c;rosidl_typesupport_introspection_c
[4.784s] -- Using all available rosidl_typesupport_cpp: rosidl_typesupport_fastrtps_cpp;rosidl_typesupport_introspection_cpp
[4.878s] -- Found rmw_implementation_cmake: 7.3.2 (/opt/ros/jazzy/share/rmw_implementation_cmake/cmake)
[4.881s] -- Found rmw_fastrtps_cpp: 8.4.3 (/opt/ros/jazzy/share/rmw_fastrtps_cpp/cmake)
[5.022s] -- Found OpenSSL: /usr/lib/x86_64-linux-gnu/libcrypto.so (found version "3.0.13")  
[5.439s] -- Found FastRTPS: /opt/ros/jazzy/include (Required is at least version "2.13") 
[5.683s] -- Using RMW implementation 'rmw_fastrtps_cpp' as default
[6.096s] -- Found geometry_msgs: 5.3.6 (/opt/ros/jazzy/share/geometry_msgs/cmake)
[6.143s] -- Found nav_msgs: 5.3.6 (/opt/ros/jazzy/share/nav_msgs/cmake)
[6.177s] -- Found nav2_msgs: 1.3.10 (/opt/ros/jazzy/share/nav2_msgs/cmake)
[6.315s] -- Found rclcpp_action: 28.1.11 (/opt/ros/jazzy/share/rclcpp_action/cmake)
[6.331s] -- Found lifecycle_msgs: 2.0.3 (/opt/ros/jazzy/share/lifecycle_msgs/cmake)
[6.352s] -- Found sensor_msgs: 5.3.6 (/opt/ros/jazzy/share/sensor_msgs/cmake)
[6.382s] -- Found ament_lint_auto: 0.17.3 (/opt/ros/jazzy/share/ament_lint_auto/cmake)
[6.452s] WARNING: Package name "finalProject" does not follow the naming conventions. It should start with a lower case letter and only contain lower case letters, digits, underscores, and dashes.
[6.508s] -- Added test 'copyright' to check source files copyright and LICENSE
[6.510s] -- Added test 'cppcheck' to perform static code analysis on C / C++ code
[6.510s] -- Configured cppcheck include dirs: $<BUILD_INTERFACE:/home/shruthir/CSE180FinalProject/src/finalProject/include>
[6.511s] -- Configured cppcheck exclude dirs and/or files: 
[6.512s] -- Added test 'cpplint' to check C / C++ code against the Google style
[6.512s] -- Configured cpplint exclude dirs and/or files: 
[6.513s] -- Added test 'lint_cmake' to check CMake code style
[6.515s] -- Added test 'uncrustify' to check C / C++ code style
[6.515s] -- Configured uncrustify additional arguments: 
[6.516s] -- Added test 'xmllint' to check XML markup files
[6.519s] -- Configuring done (6.5s)
[6.545s] -- Generating done (0.0s)
[6.552s] -- Build files have been written to: /home/shruthir/CSE180FinalProject/src/build/finalProject
[6.562s] Invoked command in '/home/shruthir/CSE180FinalProject/src/build/finalProject' returned '0': CMAKE_PREFIX_PATH=${CMAKE_PREFIX_PATH}:/opt/ros/jazzy DEBUGINFOD_URLS=https://debuginfod.ubuntu.com /usr/bin/cmake /home/shruthir/CSE180FinalProject/src/finalProject -DCMAKE_INSTALL_PREFIX=/home/shruthir/CSE180FinalProject/src/install/finalProject
[6.564s] Invoking command in '/home/shruthir/CSE180FinalProject/src/build/finalProject': CMAKE_PREFIX_PATH=${CMAKE_PREFIX_PATH}:/opt/ros/jazzy DEBUGINFOD_URLS=https://debuginfod.ubuntu.com /usr/bin/cmake --build /home/shruthir/CSE180FinalProject/src/build/finalProject -- -j12 -l12
[6.614s] [ 11%] [32mBuilding CXX object CMakeFiles/nav.dir/src/nav.cpp.o[0m
[6.614s] [ 33%] [32mBuilding CXX object CMakeFiles/locomotion_node.dir/src/locomotion.cpp.o[0m
[6.614s] [ 33%] [32mBuilding CXX object CMakeFiles/navigator.dir/src/navigation.cpp.o[0m
[6.618s] [ 44%] [32mBuilding CXX object CMakeFiles/nav.dir/src/navigation.cpp.o[0m
[6.622s] [ 55%] [32mBuilding CXX object CMakeFiles/perception_node.dir/src/perception.cpp.o[0m
[18.746s] [ 66%] [32m[1mLinking CXX executable locomotion_node[0m
[19.234s] [ 66%] Built target locomotion_node
[19.619s] [ 77%] [32m[1mLinking CXX executable perception_node[0m
[20.085s] [ 77%] Built target perception_node
[28.321s] [ 88%] [32m[1mLinking CXX executable nav[0m
[28.406s] [100%] [32m[1mLinking CXX static library libnavigator.a[0m
[28.632s] [100%] Built target navigator
[29.211s] [100%] Built target nav
[29.224s] Invoked command in '/home/shruthir/CSE180FinalProject/src/build/finalProject' returned '0': CMAKE_PREFIX_PATH=${CMAKE_PREFIX_PATH}:/opt/ros/jazzy DEBUGINFOD_URLS=https://debuginfod.ubuntu.com /usr/bin/cmake --build /home/shruthir/CSE180FinalProject/src/build/finalProject -- -j12 -l12
[29.233s] Invoking command in '/home/shruthir/CSE180FinalProject/src/build/finalProject': CMAKE_PREFIX_PATH=${CMAKE_PREFIX_PATH}:/opt/ros/jazzy DEBUGINFOD_URLS=https://debuginfod.ubuntu.com /usr/bin/cmake --install /home/shruthir/CSE180FinalProject/src/build/finalProject
[29.240s] -- Install configuration: ""
[29.241s] -- Installing: /home/shruthir/CSE180FinalProject/src/install/finalProject/share/finalProject/environment/library_path.sh
[29.241s] -- Installing: /home/shruthir/CSE180FinalProject/src/install/finalProject/share/finalProject/environment/library_path.dsv
[29.241s] -- Installing: /home/shruthir/CSE180FinalProject/src/install/finalProject/include
[29.241s] -- Installing: /home/shruthir/CSE180FinalProject/src/install/finalProject/include/finalProject
[29.241s] -- Installing: /home/shruthir/CSE180FinalProject/src/install/finalProject/include/finalProject/navigation.hpp
[29.242s] -- Installing: /home/shruthir/CSE180FinalProject/src/install/finalProject/lib/libnavigator.a
[29.260s] -- Installing: /home/shruthir/CSE180FinalProject/src/install/finalProject/lib/finalProject/nav
[29.269s] -- Set non-toolchain portion of runtime path of "/home/shruthir/CSE180FinalProject/src/install/finalProject/lib/finalProject/nav" to ""
[29.269s] -- Installing: /home/shruthir/CSE180FinalProject/src/install/finalProject/lib/finalProject/perception_node
[29.273s] -- Set non-toolchain portion of runtime path of "/home/shruthir/CSE180FinalProject/src/install/finalProject/lib/finalProject/perception_node" to ""
[29.273s] -- Installing: /home/shruthir/CSE180FinalProject/src/install/finalProject/lib/finalProject/locomotion_node
[29.277s] [31mCMake Error at cmake_install.cmake:134 (file):
[29.277s]   file INSTALL cannot find
[29.277s]   "/home/shruthir/CSE180FinalProject/src/finalProject/launch": No such file
[29.277s]   or directory.
[29.277s] 
[29.277s] [0m
[29.278s] -- Set non-toolchain portion of runtime path of "/home/shruthir/CSE180FinalProject/src/install/finalProject/lib/finalProject/locomotion_node" to ""
[29.279s] Invoked command in '/home/shruthir/CSE180FinalProject/src/build/finalProject' returned '1': CMAKE_PREFIX_PATH=${CMAKE_PREFIX_PATH}:/opt/ros/jazzy DEBUGINFOD_URLS=https://debuginfod.ubuntu.com /usr/bin/cmake --install /home/shruthir/CSE180FinalProject/src/build/finalProject
