[0.015s] Invoking command in '/home/shruthir/CSE180FinalProject/build/finalProject': CMAKE_PREFIX_PATH=${CMAKE_PREFIX_PATH}:/opt/ros/jazzy DEBUGINFOD_URLS=https://debuginfod.ubuntu.com /usr/bin/cmake --build /home/shruthir/CSE180FinalProject/build/finalProject -- -j12 -l12
[0.071s] [ 16%] [32mBuilding CXX object CMakeFiles/navigation_node.dir/src/navigation.cpp.o[0m
[0.072s] [ 50%] Built target perception_node
[0.076s] [ 83%] Built target locomotion_node
[2.824s] [01m[K/home/shruthir/CSE180FinalProject/src/finalProject/src/navigation.cpp:[m[K In function ‘[01m[Kvoid[01;32m[K callback[m[K(nav_msgs::msg::OccupancyGrid_<std::allocator<void> >::SharedPtr)[m[K’:
[2.824s] [01m[K/home/shruthir/CSE180FinalProject/src/finalProject/src/navigation.cpp:337:61:[m[K [01;35m[Kwarning: [m[Kunused parameter ‘[01m[Kmsg[m[K’ [[01;35m[K]8;;https://gcc.gnu.org/onlinedocs/gcc/Warning-Options.html#index-Wunused-parameter-Wunused-parameter]8;;[m[K]
[2.824s]   337 | void callback([01;35m[Kconst nav_msgs::msg::OccupancyGrid::SharedPtr msg[m[K){
[2.824s]       |               [01;35m[K~~~~~~~~~~~~~~~~~~~~~~~~~~~~~~~~~~~~~~~~~~~~~~^~~[m[K
[9.697s] [100%] [32m[1mLinking CXX executable navigation_node[0m
[10.372s] [100%] Built target navigation_node
[10.388s] Invoked command in '/home/shruthir/CSE180FinalProject/build/finalProject' returned '0': CMAKE_PREFIX_PATH=${CMAKE_PREFIX_PATH}:/opt/ros/jazzy DEBUGINFOD_URLS=https://debuginfod.ubuntu.com /usr/bin/cmake --build /home/shruthir/CSE180FinalProject/build/finalProject -- -j12 -l12
[10.401s] Invoking command in '/home/shruthir/CSE180FinalProject/build/finalProject': CMAKE_PREFIX_PATH=${CMAKE_PREFIX_PATH}:/opt/ros/jazzy DEBUGINFOD_URLS=https://debuginfod.ubuntu.com /usr/bin/cmake --install /home/shruthir/CSE180FinalProject/build/finalProject
[10.410s] -- Install configuration: ""
[10.415s] -- Installing: /home/shruthir/CSE180FinalProject/install/finalProject/lib/finalProject/navigation_node
[10.421s] -- Set non-toolchain portion of runtime path of "/home/shruthir/CSE180FinalProject/install/finalProject/lib/finalProject/navigation_node" to ""
[10.422s] -- Installing: /home/shruthir/CSE180FinalProject/install/finalProject/lib/finalProject/perception_node
[10.436s] -- Set non-toolchain portion of runtime path of "/home/shruthir/CSE180FinalProject/install/finalProject/lib/finalProject/perception_node" to ""
[10.437s] -- Up-to-date: /home/shruthir/CSE180FinalProject/install/finalProject/lib/finalProject/locomotion_node
[10.438s] -- Up-to-date: /home/shruthir/CSE180FinalProject/install/finalProject/share/ament_index/resource_index/package_run_dependencies/finalProject
[10.438s] -- Up-to-date: /home/shruthir/CSE180FinalProject/install/finalProject/share/ament_index/resource_index/parent_prefix_path/finalProject
[10.438s] -- Up-to-date: /home/shruthir/CSE180FinalProject/install/finalProject/share/finalProject/environment/ament_prefix_path.sh
[10.438s] -- Up-to-date: /home/shruthir/CSE180FinalProject/install/finalProject/share/finalProject/environment/ament_prefix_path.dsv
[10.438s] -- Up-to-date: /home/shruthir/CSE180FinalProject/install/finalProject/share/finalProject/environment/path.sh
[10.438s] -- Up-to-date: /home/shruthir/CSE180FinalProject/install/finalProject/share/finalProject/environment/path.dsv
[10.438s] -- Up-to-date: /home/shruthir/CSE180FinalProject/install/finalProject/share/finalProject/local_setup.bash
[10.438s] -- Up-to-date: /home/shruthir/CSE180FinalProject/install/finalProject/share/finalProject/local_setup.sh
[10.439s] -- Up-to-date: /home/shruthir/CSE180FinalProject/install/finalProject/share/finalProject/local_setup.zsh
[10.439s] -- Up-to-date: /home/shruthir/CSE180FinalProject/install/finalProject/share/finalProject/local_setup.dsv
[10.439s] -- Installing: /home/shruthir/CSE180FinalProject/install/finalProject/share/finalProject/package.dsv
[10.439s] -- Up-to-date: /home/shruthir/CSE180FinalProject/install/finalProject/share/ament_index/resource_index/packages/finalProject
[10.439s] -- Up-to-date: /home/shruthir/CSE180FinalProject/install/finalProject/share/finalProject/cmake/finalProjectConfig.cmake
[10.439s] -- Up-to-date: /home/shruthir/CSE180FinalProject/install/finalProject/share/finalProject/cmake/finalProjectConfig-version.cmake
[10.439s] -- Up-to-date: /home/shruthir/CSE180FinalProject/install/finalProject/share/finalProject/package.xml
[10.442s] Invoked command in '/home/shruthir/CSE180FinalProject/build/finalProject' returned '0': CMAKE_PREFIX_PATH=${CMAKE_PREFIX_PATH}:/opt/ros/jazzy DEBUGINFOD_URLS=https://debuginfod.ubuntu.com /usr/bin/cmake --install /home/shruthir/CSE180FinalProject/build/finalProject
