[ 16%] [32mBuilding CXX object CMakeFiles/navigation_node.dir/src/navigation.cpp.o[0m
[ 50%] Built target perception_node
[ 83%] Built target locomotion_node
In file included from [01m[K/home/shruthir/CSE180FinalProject/src/finalProject/src/nav.hpp:18[m[K,
                 from [01m[K/home/shruthir/CSE180FinalProject/src/finalProject/src/nav.hpp:18[m[K,
                 from [01m[K/home/shruthir/CSE180FinalProject/src/finalProject/src/nav.hpp:18[m[K,
                 from [01m[K/home/shruthir/CSE180FinalProject/src/finalProject/src/nav.hpp:18[m[K,
                 from [01m[K/home/shruthir/CSE180FinalProject/src/finalProject/src/nav.hpp:18[m[K,
                 from [01m[K/home/shruthir/CSE180FinalProject/src/finalProject/src/nav.hpp:18[m[K,
                 from [01m[K/home/shruthir/CSE180FinalProject/src/finalProject/src/nav.hpp:18[m[K,
                 from [01m[K/home/shruthir/CSE180FinalProject/src/finalProject/src/nav.hpp:18[m[K,
                 from [01m[K/home/shruthir/CSE180FinalProject/src/finalProject/src/nav.hpp:18[m[K,
                 from [01m[K/home/shruthir/CSE180FinalProject/src/finalProject/src/nav.hpp:18[m[K,
                 from [01m[K/home/shruthir/CSE180FinalProject/src/finalProject/src/nav.hpp:18[m[K,
                 from [01m[K/home/shruthir/CSE180FinalProject/src/finalProject/src/nav.hpp:18[m[K,
                 from [01m[K/home/shruthir/CSE180FinalProject/src/finalProject/src/nav.hpp:18[m[K,
                 from [01m[K/home/shruthir/CSE180FinalProject/src/finalProject/src/nav.hpp:18[m[K,
                 from [01m[K/home/shruthir/CSE180FinalProject/src/finalProject/src/nav.hpp:18[m[K,
                 from [01m[K/home/shruthir/CSE180FinalProject/src/finalProject/src/nav.hpp:18[m[K,
                 from [01m[K/home/shruthir/CSE180FinalProject/src/finalProject/src/nav.hpp:18[m[K,
                 from [01m[K/home/shruthir/CSE180FinalProject/src/finalProject/src/nav.hpp:18[m[K,
                 from [01m[K/home/shruthir/CSE180FinalProject/src/finalProject/src/nav.hpp:18[m[K,
                 from [01m[K/home/shruthir/CSE180FinalProject/src/finalProject/src/nav.hpp:18[m[K,
                 from [01m[K/home/shruthir/CSE180FinalProject/src/finalProject/src/nav.hpp:18[m[K,
                 from [01m[K/home/shruthir/CSE180FinalProject/src/finalProject/src/nav.hpp:18[m[K,
                 from [01m[K/home/shruthir/CSE180FinalProject/src/finalProject/src/nav.hpp:18[m[K,
                 from [01m[K/home/shruthir/CSE180FinalProject/src/finalProject/src/nav.hpp:18[m[K,
                 from [01m[K/home/shruthir/CSE180FinalProject/src/finalProject/src/nav.hpp:18[m[K,
                 from [01m[K/home/shruthir/CSE180FinalProject/src/finalProject/src/nav.hpp:18[m[K,
                 from [01m[K/home/shruthir/CSE180FinalProject/src/finalProject/src/nav.hpp:18[m[K,
                 from [01m[K/home/shruthir/CSE180FinalProject/src/finalProject/src/nav.hpp:18[m[K,
                 from [01m[K/home/shruthir/CSE180FinalProject/src/finalProject/src/nav.hpp:18[m[K,
                 from [01m[K/home/shruthir/CSE180FinalProject/src/finalProject/src/nav.hpp:18[m[K,
                 from [01m[K/home/shruthir/CSE180FinalProject/src/finalProject/src/nav.hpp:18[m[K,
                 from [01m[K/home/shruthir/CSE180FinalProject/src/finalProject/src/nav.hpp:18[m[K,
                 from [01m[K/home/shruthir/CSE180FinalProject/src/finalProject/src/nav.hpp:18[m[K,
                 from [01m[K/home/shruthir/CSE180FinalProject/src/finalProject/src/nav.hpp:18[m[K,
                 from [01m[K/home/shruthir/CSE180FinalProject/src/finalProject/src/nav.hpp:18[m[K,
                 from [01m[K/home/shruthir/CSE180FinalProject/src/finalProject/src/nav.hpp:18[m[K,
                 from [01m[K/home/shruthir/CSE180FinalProject/src/finalProject/src/nav.hpp:18[m[K,
                 from [01m[K/home/shruthir/CSE180FinalProject/src/finalProject/src/nav.hpp:18[m[K,
                 from [01m[K/home/shruthir/CSE180FinalProject/src/finalProject/src/nav.hpp:18[m[K,
                 from [01m[K/home/shruthir/CSE180FinalProject/src/finalProject/src/nav.hpp:18[m[K,
                 from [01m[K/home/shruthir/CSE180FinalProject/src/finalProject/src/nav.hpp:18[m[K,
                 from [01m[K/home/shruthir/CSE180FinalProject/src/finalProject/src/nav.hpp:18[m[K,
                 from [01m[K/home/shruthir/CSE180FinalProject/src/finalProject/src/nav.hpp:18[m[K,
                 from [01m[K/home/shruthir/CSE180FinalProject/src/finalProject/src/nav.hpp:18[m[K,
                 from [01m[K/home/shruthir/CSE180FinalProject/src/finalProject/src/nav.hpp:18[m[K,
                 from [01m[K/home/shruthir/CSE180FinalProject/src/finalProject/src/nav.hpp:18[m[K,
                 from [01m[K/home/shruthir/CSE180FinalProject/src/finalProject/src/nav.hpp:18[m[K,
                 from [01m[K/home/shruthir/CSE180FinalProject/src/finalProject/src/nav.hpp:18[m[K,
                 from [01m[K/home/shruthir/CSE180FinalProject/src/finalProject/src/nav.hpp:18[m[K,
                 from [01m[K/home/shruthir/CSE180FinalProject/src/finalProject/src/nav.hpp:18[m[K,
                 from [01m[K/home/shruthir/CSE180FinalProject/src/finalProject/src/nav.hpp:18[m[K,
                 from [01m[K/home/shruthir/CSE180FinalProject/src/finalProject/src/nav.hpp:18[m[K,
                 from [01m[K/home/shruthir/CSE180FinalProject/src/finalProject/src/nav.hpp:18[m[K,
                 from [01m[K/home/shruthir/CSE180FinalProject/src/finalProject/src/nav.hpp:18[m[K,
                 from [01m[K/home/shruthir/CSE180FinalProject/src/finalProject/src/nav.hpp:18[m[K,
                 from [01m[K/home/shruthir/CSE180FinalProject/src/finalProject/src/nav.hpp:18[m[K,
                 from [01m[K/home/shruthir/CSE180FinalProject/src/finalProject/src/nav.hpp:18[m[K,
                 from [01m[K/home/shruthir/CSE180FinalProject/src/finalProject/src/nav.hpp:18[m[K,
                 from [01m[K/home/shruthir/CSE180FinalProject/src/finalProject/src/nav.hpp:18[m[K,
                 from [01m[K/home/shruthir/CSE180FinalProject/src/finalProject/src/nav.hpp:18[m[K,
                 from [01m[K/home/shruthir/CSE180FinalProject/src/finalProject/src/nav.hpp:18[m[K,
                 from [01m[K/home/shruthir/CSE180FinalProject/src/finalProject/src/nav.hpp:18[m[K,
                 from [01m[K/home/shruthir/CSE180FinalProject/src/finalProject/src/nav.hpp:18[m[K,
                 from [01m[K/home/shruthir/CSE180FinalProject/src/finalProject/src/nav.hpp:18[m[K,
                 from [01m[K/home/shruthir/CSE180FinalProject/src/finalProject/src/nav.hpp:18[m[K,
                 from [01m[K/home/shruthir/CSE180FinalProject/src/finalProject/src/nav.hpp:18[m[K,
                 from [01m[K/home/shruthir/CSE180FinalProject/src/finalProject/src/nav.hpp:18[m[K,
                 from [01m[K/home/shruthir/CSE180FinalProject/src/finalProject/src/nav.hpp:18[m[K,
                 from [01m[K/home/shruthir/CSE180FinalProject/src/finalProject/src/nav.hpp:18[m[K,
                 from [01m[K/home/shruthir/CSE180FinalProject/src/finalProject/src/nav.hpp:18[m[K,
                 from [01m[K/home/shruthir/CSE180FinalProject/src/finalProject/src/nav.hpp:18[m[K,
                 from [01m[K/home/shruthir/CSE180FinalProject/src/finalProject/src/nav.hpp:18[m[K,
                 from [01m[K/home/shruthir/CSE180FinalProject/src/finalProject/src/nav.hpp:18[m[K,
                 from [01m[K/home/shruthir/CSE180FinalProject/src/finalProject/src/nav.hpp:18[m[K,
                 from [01m[K/home/shruthir/CSE180FinalProject/src/finalProject/src/nav.hpp:18[m[K,
                 from [01m[K/home/shruthir/CSE180FinalProject/src/finalProject/src/nav.hpp:18[m[K,
                 from [01m[K/home/shruthir/CSE180FinalProject/src/finalProject/src/nav.hpp:18[m[K,
                 from [01m[K/home/shruthir/CSE180FinalProject/src/finalProject/src/nav.hpp:18[m[K,
                 from [01m[K/home/shruthir/CSE180FinalProject/src/finalProject/src/nav.hpp:18[m[K,
                 from [01m[K/home/shruthir/CSE180FinalProject/src/finalProject/src/nav.hpp:18[m[K,
                 from [01m[K/home/shruthir/CSE180FinalProject/src/finalProject/src/nav.hpp:18[m[K,
                 from [01m[K/home/shruthir/CSE180FinalProject/src/finalProject/src/nav.hpp:18[m[K,
                 from [01m[K/home/shruthir/CSE180FinalProject/src/finalProject/src/nav.hpp:18[m[K,
                 from [01m[K/home/shruthir/CSE180FinalProject/src/finalProject/src/nav.hpp:18[m[K,
                 from [01m[K/home/shruthir/CSE180FinalProject/src/finalProject/src/nav.hpp:18[m[K,
                 from [01m[K/home/shruthir/CSE180FinalProject/src/finalProject/src/nav.hpp:18[m[K,
                 from [01m[K/home/shruthir/CSE180FinalProject/src/finalProject/src/nav.hpp:18[m[K,
                 from [01m[K/home/shruthir/CSE180FinalProject/src/finalProject/src/nav.hpp:18[m[K,
                 from [01m[K/home/shruthir/CSE180FinalProject/src/finalProject/src/nav.hpp:18[m[K,
                 from [01m[K/home/shruthir/CSE180FinalProject/src/finalProject/src/nav.hpp:18[m[K,
                 from [01m[K/home/shruthir/CSE180FinalProject/src/finalProject/src/nav.hpp:18[m[K,
                 from [01m[K/home/shruthir/CSE180FinalProject/src/finalProject/src/nav.hpp:18[m[K,
                 from [01m[K/home/shruthir/CSE180FinalProject/src/finalProject/src/nav.hpp:18[m[K,
                 from [01m[K/home/shruthir/CSE180FinalProject/src/finalProject/src/nav.hpp:18[m[K,
                 from [01m[K/home/shruthir/CSE180FinalProject/src/finalProject/src/nav.hpp:18[m[K,
                 from [01m[K/home/shruthir/CSE180FinalProject/src/finalProject/src/nav.hpp:18[m[K,
                 from [01m[K/home/shruthir/CSE180FinalProject/src/finalProject/src/nav.hpp:18[m[K,
                 from [01m[K/home/shruthir/CSE180FinalProject/src/finalProject/src/nav.hpp:18[m[K,
                 from [01m[K/home/shruthir/CSE180FinalProject/src/finalProject/src/nav.hpp:18[m[K,
                 from [01m[K/home/shruthir/CSE180FinalProject/src/finalProject/src/nav.hpp:18[m[K,
                 from [01m[K/home/shruthir/CSE180FinalProject/src/finalProject/src/nav.hpp:18[m[K,
                 from [01m[K/home/shruthir/CSE180FinalProject/src/finalProject/src/nav.hpp:18[m[K,
                 from [01m[K/home/shruthir/CSE180FinalProject/src/finalProject/src/nav.hpp:18[m[K,
                 from [01m[K/home/shruthir/CSE180FinalProject/src/finalProject/src/nav.hpp:18[m[K,
                 from [01m[K/home/shruthir/CSE180FinalProject/src/finalProject/src/nav.hpp:18[m[K,
                 from [01m[K/home/shruthir/CSE180FinalProject/src/finalProject/src/nav.hpp:18[m[K,
                 from [01m[K/home/shruthir/CSE180FinalProject/src/finalProject/src/nav.hpp:18[m[K,
                 from [01m[K/home/shruthir/CSE180FinalProject/src/finalProject/src/nav.hpp:18[m[K,
                 from [01m[K/home/shruthir/CSE180FinalProject/src/finalProject/src/nav.hpp:18[m[K,
                 from [01m[K/home/shruthir/CSE180FinalProject/src/finalProject/src/nav.hpp:18[m[K,
                 from [01m[K/home/shruthir/CSE180FinalProject/src/finalProject/src/nav.hpp:18[m[K,
                 from [01m[K/home/shruthir/CSE180FinalProject/src/finalProject/src/nav.hpp:18[m[K,
                 from [01m[K/home/shruthir/CSE180FinalProject/src/finalProject/src/nav.hpp:18[m[K,
                 from [01m[K/home/shruthir/CSE180FinalProject/src/finalProject/src/nav.hpp:18[m[K,
                 from [01m[K/home/shruthir/CSE180FinalProject/src/finalProject/src/nav.hpp:18[m[K,
                 from [01m[K/home/shruthir/CSE180FinalProject/src/finalProject/src/nav.hpp:18[m[K,
                 from [01m[K/home/shruthir/CSE180FinalProject/src/finalProject/src/nav.hpp:18[m[K,
                 from [01m[K/home/shruthir/CSE180FinalProject/src/finalProject/src/nav.hpp:18[m[K,
                 from [01m[K/home/shruthir/CSE180FinalProject/src/finalProject/src/nav.hpp:18[m[K,
                 from [01m[K/home/shruthir/CSE180FinalProject/src/finalProject/src/nav.hpp:18[m[K,
                 from [01m[K/home/shruthir/CSE180FinalProject/src/finalProject/src/nav.hpp:18[m[K,
                 from [01m[K/home/shruthir/CSE180FinalProject/src/finalProject/src/nav.hpp:18[m[K,
                 from [01m[K/home/shruthir/CSE180FinalProject/src/finalProject/src/nav.hpp:18[m[K,
                 from [01m[K/home/shruthir/CSE180FinalProject/src/finalProject/src/nav.hpp:18[m[K,
                 from [01m[K/home/shruthir/CSE180FinalProject/src/finalProject/src/nav.hpp:18[m[K,
                 from [01m[K/home/shruthir/CSE180FinalProject/src/finalProject/src/nav.hpp:18[m[K,
                 from [01m[K/home/shruthir/CSE180FinalProject/src/finalProject/src/nav.hpp:18[m[K,
                 from [01m[K/home/shruthir/CSE180FinalProject/src/finalProject/src/nav.hpp:18[m[K,
                 from [01m[K/home/shruthir/CSE180FinalProject/src/finalProject/src/nav.hpp:18[m[K,
                 from [01m[K/home/shruthir/CSE180FinalProject/src/finalProject/src/nav.hpp:18[m[K,
                 from [01m[K/home/shruthir/CSE180FinalProject/src/finalProject/src/nav.hpp:18[m[K,
                 from [01m[K/home/shruthir/CSE180FinalProject/src/finalProject/src/nav.hpp:18[m[K,
                 from [01m[K/home/shruthir/CSE180FinalProject/src/finalProject/src/nav.hpp:18[m[K,
                 from [01m[K/home/shruthir/CSE180FinalProject/src/finalProject/src/nav.hpp:18[m[K,
                 from [01m[K/home/shruthir/CSE180FinalProject/src/finalProject/src/nav.hpp:18[m[K,
                 from [01m[K/home/shruthir/CSE180FinalProject/src/finalProject/src/nav.hpp:18[m[K,
                 from [01m[K/home/shruthir/CSE180FinalProject/src/finalProject/src/nav.hpp:18[m[K,
                 from [01m[K/home/shruthir/CSE180FinalProject/src/finalProject/src/nav.hpp:18[m[K,
                 from [01m[K/home/shruthir/CSE180FinalProject/src/finalProject/src/nav.hpp:18[m[K,
                 from [01m[K/home/shruthir/CSE180FinalProject/src/finalProject/src/nav.hpp:18[m[K,
                 from [01m[K/home/shruthir/CSE180FinalProject/src/finalProject/src/nav.hpp:18[m[K,
                 from [01m[K/home/shruthir/CSE180FinalProject/src/finalProject/src/nav.hpp:18[m[K,
                 from [01m[K/home/shruthir/CSE180FinalProject/src/finalProject/src/nav.hpp:18[m[K,
                 from [01m[K/home/shruthir/CSE180FinalProject/src/finalProject/src/nav.hpp:18[m[K,
                 from [01m[K/home/shruthir/CSE180FinalProject/src/finalProject/src/nav.hpp:18[m[K,
                 from [01m[K/home/shruthir/CSE180FinalProject/src/finalProject/src/nav.hpp:18[m[K,
                 from [01m[K/home/shruthir/CSE180FinalProject/src/finalProject/src/nav.hpp:18[m[K,
                 from [01m[K/home/shruthir/CSE180FinalProject/src/finalProject/src/nav.hpp:18[m[K,
                 from [01m[K/home/shruthir/CSE180FinalProject/src/finalProject/src/nav.hpp:18[m[K,
                 from [01m[K/home/shruthir/CSE180FinalProject/src/finalProject/src/nav.hpp:18[m[K,
                 from [01m[K/home/shruthir/CSE180FinalProject/src/finalProject/src/nav.hpp:18[m[K,
                 from [01m[K/home/shruthir/CSE180FinalProject/src/finalProject/src/nav.hpp:18[m[K,
                 from [01m[K/home/shruthir/CSE180FinalProject/src/finalProject/src/nav.hpp:18[m[K,
                 from [01m[K/home/shruthir/CSE180FinalProject/src/finalProject/src/nav.hpp:18[m[K,
                 from [01m[K/home/shruthir/CSE180FinalProject/src/finalProject/src/nav.hpp:18[m[K,
                 from [01m[K/home/shruthir/CSE180FinalProject/src/finalProject/src/nav.hpp:18[m[K,
                 from [01m[K/home/shruthir/CSE180FinalProject/src/finalProject/src/nav.hpp:18[m[K,
                 from [01m[K/home/shruthir/CSE180FinalProject/src/finalProject/src/nav.hpp:18[m[K,
                 from [01m[K/home/shruthir/CSE180FinalProject/src/finalProject/src/nav.hpp:18[m[K,
                 from [01m[K/home/shruthir/CSE180FinalProject/src/finalProject/src/nav.hpp:18[m[K,
                 from [01m[K/home/shruthir/CSE180FinalProject/src/finalProject/src/nav.hpp:18[m[K,
                 from [01m[K/home/shruthir/CSE180FinalProject/src/finalProject/src/nav.hpp:18[m[K,
                 from [01m[K/home/shruthir/CSE180FinalProject/src/finalProject/src/nav.hpp:18[m[K,
                 from [01m[K/home/shruthir/CSE180FinalProject/src/finalProject/src/nav.hpp:18[m[K,
                 from [01m[K/home/shruthir/CSE180FinalProject/src/finalProject/src/nav.hpp:18[m[K,
                 from [01m[K/home/shruthir/CSE180FinalProject/src/finalProject/src/nav.hpp:18[m[K,
                 from [01m[K/home/shruthir/CSE180FinalProject/src/finalProject/src/nav.hpp:18[m[K,
                 from [01m[K/home/shruthir/CSE180FinalProject/src/finalProject/src/nav.hpp:18[m[K,
                 from [01m[K/home/shruthir/CSE180FinalProject/src/finalProject/src/nav.hpp:18[m[K,
                 from [01m[K/home/shruthir/CSE180FinalProject/src/finalProject/src/nav.hpp:18[m[K,
                 from [01m[K/home/shruthir/CSE180FinalProject/src/finalProject/src/nav.hpp:18[m[K,
                 from [01m[K/home/shruthir/CSE180FinalProject/src/finalProject/src/nav.hpp:18[m[K,
                 from [01m[K/home/shruthir/CSE180FinalProject/src/finalProject/src/nav.hpp:18[m[K,
                 from [01m[K/home/shruthir/CSE180FinalProject/src/finalProject/src/nav.hpp:18[m[K,
                 from [01m[K/home/shruthir/CSE180FinalProject/src/finalProject/src/nav.hpp:18[m[K,
                 from [01m[K/home/shruthir/CSE180FinalProject/src/finalProject/src/nav.hpp:18[m[K,
                 from [01m[K/home/shruthir/CSE180FinalProject/src/finalProject/src/nav.hpp:18[m[K,
                 from [01m[K/home/shruthir/CSE180FinalProject/src/finalProject/src/nav.hpp:18[m[K,
                 from [01m[K/home/shruthir/CSE180FinalProject/src/finalProject/src/nav.hpp:18[m[K,
                 from [01m[K/home/shruthir/CSE180FinalProject/src/finalProject/src/nav.hpp:18[m[K,
                 from [01m[K/home/shruthir/CSE180FinalProject/src/finalProject/src/nav.hpp:18[m[K,
                 from [01m[K/home/shruthir/CSE180FinalProject/src/finalProject/src/nav.hpp:18[m[K,
                 from [01m[K/home/shruthir/CSE180FinalProject/src/finalProject/src/nav.hpp:18[m[K,
                 from [01m[K/home/shruthir/CSE180FinalProject/src/finalProject/src/nav.hpp:18[m[K,
                 from [01m[K/home/shruthir/CSE180FinalProject/src/finalProject/src/nav.hpp:18[m[K,
                 from [01m[K/home/shruthir/CSE180FinalProject/src/finalProject/src/nav.hpp:18[m[K,
                 from [01m[K/home/shruthir/CSE180FinalProject/src/finalProject/src/nav.hpp:18[m[K,
                 from [01m[K/home/shruthir/CSE180FinalProject/src/finalProject/src/nav.hpp:18[m[K,
                 from [01m[K/home/shruthir/CSE180FinalProject/src/finalProject/src/nav.hpp:18[m[K,
                 from [01m[K/home/shruthir/CSE180FinalProject/src/finalProject/src/nav.hpp:18[m[K,
                 from [01m[K/home/shruthir/CSE180FinalProject/src/finalProject/src/nav.hpp:18[m[K,
                 from [01m[K/home/shruthir/CSE180FinalProject/src/finalProject/src/nav.hpp:18[m[K,
                 from [01m[K/home/shruthir/CSE180FinalProject/src/finalProject/src/nav.hpp:18[m[K,
                 from [01m[K/home/shruthir/CSE180FinalProject/src/finalProject/src/nav.hpp:18[m[K,
                 from [01m[K/home/shruthir/CSE180FinalProject/src/finalProject/src/nav.hpp:18[m[K,
                 from [01m[K/home/shruthir/CSE180FinalProject/src/finalProject/src/nav.hpp:18[m[K,
                 from [01m[K/home/shruthir/CSE180FinalProject/src/finalProject/src/nav.hpp:18[m[K,
                 from [01m[K/home/shruthir/CSE180FinalProject/src/finalProject/src/nav.hpp:18[m[K,
                 from [01m[K/home/shruthir/CSE180FinalProject/src/finalProject/src/navigation.cpp:12[m[K:
[01m[K/home/shruthir/CSE180FinalProject/src/finalProject/src/nav.hpp:17:30:[m[K [01;31m[Kerror: [m[K#include nested depth 200 exceeds maximum of 200 (use -fmax-include-depth=DEPTH to increase the maximum)
   17 | #include <rclcpp/rclcpp.hpp>
      |                              [01;31m[K^[m[K
[01m[K/home/shruthir/CSE180FinalProject/src/finalProject/src/nav.hpp:18:74:[m[K [01;31m[Kerror: [m[K#include nested depth 200 exceeds maximum of 200 (use -fmax-include-depth=DEPTH to increase the maximum)
   18 | #include </home/shruthir/CSE180FinalProject/src/finalProject/src/nav.hpp>
      |                                                                          [01;31m[K^[m[K
[01m[K/home/shruthir/CSE180FinalProject/src/finalProject/src/nav.hpp:19:44:[m[K [01;31m[Kerror: [m[K#include nested depth 200 exceeds maximum of 200 (use -fmax-include-depth=DEPTH to increase the maximum)
   19 | #include <lifecycle_msgs/srv/get_state.hpp>
      |                                            [01;31m[K^[m[K
[01m[K/home/shruthir/CSE180FinalProject/src/finalProject/src/nav.hpp:20:43:[m[K [01;31m[Kerror: [m[K#include nested depth 200 exceeds maximum of 200 (use -fmax-include-depth=DEPTH to increase the maximum)
   20 | #include <action_msgs/srv/cancel_goal.hpp>
      |                                           [01;31m[K^[m[K
[01m[K/home/shruthir/CSE180FinalProject/src/finalProject/src/nav.hpp:21:18:[m[K [01;31m[Kerror: [m[K#include nested depth 200 exceeds maximum of 200 (use -fmax-include-depth=DEPTH to increase the maximum)
   21 | #include <chrono>
      |                  [01;31m[K^[m[K
[01m[K/home/shruthir/CSE180FinalProject/src/finalProject/src/nav.hpp:19:10:[m[K [01;31m[Kfatal error: [m[Klifecycle_msgs/srv/get_state.hpp: No such file or directory
   19 | #include [01;31m[K<lifecycle_msgs/srv/get_state.hpp>[m[K
      |          [01;31m[K^~~~~~~~~~~~~~~~~~~~~~~~~~~~~~~~~~[m[K
compilation terminated.
gmake[2]: *** [CMakeFiles/navigation_node.dir/build.make:76: CMakeFiles/navigation_node.dir/src/navigation.cpp.o] Error 1
gmake[1]: *** [CMakeFiles/Makefile2:141: CMakeFiles/navigation_node.dir/all] Error 2
gmake: *** [Makefile:146: all] Error 2
