[0.011s] Invoking command in '/home/shruthir/CSE180FinalProject/build/finalProject': CMAKE_PREFIX_PATH=${CMAKE_PREFIX_PATH}:/opt/ros/jazzy DEBUGINFOD_URLS=https://debuginfod.ubuntu.com /usr/bin/cmake --build /home/shruthir/CSE180FinalProject/build/finalProject -- -j12 -l12
[0.066s] [ 16%] [32mBuilding CXX object CMakeFiles/navigation_node.dir/src/navigation.cpp.o[0m
[0.067s] [ 50%] Built target perception_node
[0.072s] [ 83%] Built target locomotion_node
[0.281s] In file included from [01m[K/home/shruthir/CSE180FinalProject/src/finalProject/src/nav.hpp:18[m[K,
[0.281s]                  from [01m[K/home/shruthir/CSE180FinalProject/src/finalProject/src/nav.hpp:18[m[K,
[0.282s]                  from [01m[K/home/shruthir/CSE180FinalProject/src/finalProject/src/nav.hpp:18[m[K,
[0.282s]                  from [01m[K/home/shruthir/CSE180FinalProject/src/finalProject/src/nav.hpp:18[m[K,
[0.282s]                  from [01m[K/home/shruthir/CSE180FinalProject/src/finalProject/src/nav.hpp:18[m[K,
[0.282s]                  from [01m[K/home/shruthir/CSE180FinalProject/src/finalProject/src/nav.hpp:18[m[K,
[0.282s]                  from [01m[K/home/shruthir/CSE180FinalProject/src/finalProject/src/nav.hpp:18[m[K,
[0.282s]                  from [01m[K/home/shruthir/CSE180FinalProject/src/finalProject/src/nav.hpp:18[m[K,
[0.283s]                  from [01m[K/home/shruthir/CSE180FinalProject/src/finalProject/src/nav.hpp:18[m[K,
[0.283s]                  from [01m[K/home/shruthir/CSE180FinalProject/src/finalProject/src/nav.hpp:18[m[K,
[0.283s]                  from [01m[K/home/shruthir/CSE180FinalProject/src/finalProject/src/nav.hpp:18[m[K,
[0.283s]                  from [01m[K/home/shruthir/CSE180FinalProject/src/finalProject/src/nav.hpp:18[m[K,
[0.283s]                  from [01m[K/home/shruthir/CSE180FinalProject/src/finalProject/src/nav.hpp:18[m[K,
[0.283s]                  from [01m[K/home/shruthir/CSE180FinalProject/src/finalProject/src/nav.hpp:18[m[K,
[0.283s]                  from [01m[K/home/shruthir/CSE180FinalProject/src/finalProject/src/nav.hpp:18[m[K,
[0.284s]                  from [01m[K/home/shruthir/CSE180FinalProject/src/finalProject/src/nav.hpp:18[m[K,
[0.284s]                  from [01m[K/home/shruthir/CSE180FinalProject/src/finalProject/src/nav.hpp:18[m[K,
[0.284s]                  from [01m[K/home/shruthir/CSE180FinalProject/src/finalProject/src/nav.hpp:18[m[K,
[0.284s]                  from [01m[K/home/shruthir/CSE180FinalProject/src/finalProject/src/nav.hpp:18[m[K,
[0.284s]                  from [01m[K/home/shruthir/CSE180FinalProject/src/finalProject/src/nav.hpp:18[m[K,
[0.284s]                  from [01m[K/home/shruthir/CSE180FinalProject/src/finalProject/src/nav.hpp:18[m[K,
[0.284s]                  from [01m[K/home/shruthir/CSE180FinalProject/src/finalProject/src/nav.hpp:18[m[K,
[0.284s]                  from [01m[K/home/shruthir/CSE180FinalProject/src/finalProject/src/nav.hpp:18[m[K,
[0.284s]                  from [01m[K/home/shruthir/CSE180FinalProject/src/finalProject/src/nav.hpp:18[m[K,
[0.284s]                  from [01m[K/home/shruthir/CSE180FinalProject/src/finalProject/src/nav.hpp:18[m[K,
[0.284s]                  from [01m[K/home/shruthir/CSE180FinalProject/src/finalProject/src/nav.hpp:18[m[K,
[0.284s]                  from [01m[K/home/shruthir/CSE180FinalProject/src/finalProject/src/nav.hpp:18[m[K,
[0.284s]                  from [01m[K/home/shruthir/CSE180FinalProject/src/finalProject/src/nav.hpp:18[m[K,
[0.284s]                  from [01m[K/home/shruthir/CSE180FinalProject/src/finalProject/src/nav.hpp:18[m[K,
[0.284s]                  from [01m[K/home/shruthir/CSE180FinalProject/src/finalProject/src/nav.hpp:18[m[K,
[0.284s]                  from [01m[K/home/shruthir/CSE180FinalProject/src/finalProject/src/nav.hpp:18[m[K,
[0.284s]                  from [01m[K/home/shruthir/CSE180FinalProject/src/finalProject/src/nav.hpp:18[m[K,
[0.284s]                  from [01m[K/home/shruthir/CSE180FinalProject/src/finalProject/src/nav.hpp:18[m[K,
[0.285s]                  from [01m[K/home/shruthir/CSE180FinalProject/src/finalProject/src/nav.hpp:18[m[K,
[0.285s]                  from [01m[K/home/shruthir/CSE180FinalProject/src/finalProject/src/nav.hpp:18[m[K,
[0.285s]                  from [01m[K/home/shruthir/CSE180FinalProject/src/finalProject/src/nav.hpp:18[m[K,
[0.285s]                  from [01m[K/home/shruthir/CSE180FinalProject/src/finalProject/src/nav.hpp:18[m[K,
[0.285s]                  from [01m[K/home/shruthir/CSE180FinalProject/src/finalProject/src/nav.hpp:18[m[K,
[0.285s]                  from [01m[K/home/shruthir/CSE180FinalProject/src/finalProject/src/nav.hpp:18[m[K,
[0.285s]                  from [01m[K/home/shruthir/CSE180FinalProject/src/finalProject/src/nav.hpp:18[m[K,
[0.285s]                  from [01m[K/home/shruthir/CSE180FinalProject/src/finalProject/src/nav.hpp:18[m[K,
[0.285s]                  from [01m[K/home/shruthir/CSE180FinalProject/src/finalProject/src/nav.hpp:18[m[K,
[0.285s]                  from [01m[K/home/shruthir/CSE180FinalProject/src/finalProject/src/nav.hpp:18[m[K,
[0.285s]                  from [01m[K/home/shruthir/CSE180FinalProject/src/finalProject/src/nav.hpp:18[m[K,
[0.285s]                  from [01m[K/home/shruthir/CSE180FinalProject/src/finalProject/src/nav.hpp:18[m[K,
[0.285s]                  from [01m[K/home/shruthir/CSE180FinalProject/src/finalProject/src/nav.hpp:18[m[K,
[0.285s]                  from [01m[K/home/shruthir/CSE180FinalProject/src/finalProject/src/nav.hpp:18[m[K,
[0.285s]                  from [01m[K/home/shruthir/CSE180FinalProject/src/finalProject/src/nav.hpp:18[m[K,
[0.285s]                  from [01m[K/home/shruthir/CSE180FinalProject/src/finalProject/src/nav.hpp:18[m[K,
[0.285s]                  from [01m[K/home/shruthir/CSE180FinalProject/src/finalProject/src/nav.hpp:18[m[K,
[0.285s]                  from [01m[K/home/shruthir/CSE180FinalProject/src/finalProject/src/nav.hpp:18[m[K,
[0.285s]                  from [01m[K/home/shruthir/CSE180FinalProject/src/finalProject/src/nav.hpp:18[m[K,
[0.286s]                  from [01m[K/home/shruthir/CSE180FinalProject/src/finalProject/src/nav.hpp:18[m[K,
[0.286s]                  from [01m[K/home/shruthir/CSE180FinalProject/src/finalProject/src/nav.hpp:18[m[K,
[0.286s]                  from [01m[K/home/shruthir/CSE180FinalProject/src/finalProject/src/nav.hpp:18[m[K,
[0.286s]                  from [01m[K/home/shruthir/CSE180FinalProject/src/finalProject/src/nav.hpp:18[m[K,
[0.286s]                  from [01m[K/home/shruthir/CSE180FinalProject/src/finalProject/src/nav.hpp:18[m[K,
[0.286s]                  from [01m[K/home/shruthir/CSE180FinalProject/src/finalProject/src/nav.hpp:18[m[K,
[0.286s]                  from [01m[K/home/shruthir/CSE180FinalProject/src/finalProject/src/nav.hpp:18[m[K,
[0.286s]                  from [01m[K/home/shruthir/CSE180FinalProject/src/finalProject/src/nav.hpp:18[m[K,
[0.286s]                  from [01m[K/home/shruthir/CSE180FinalProject/src/finalProject/src/nav.hpp:18[m[K,
[0.286s]                  from [01m[K/home/shruthir/CSE180FinalProject/src/finalProject/src/nav.hpp:18[m[K,
[0.286s]                  from [01m[K/home/shruthir/CSE180FinalProject/src/finalProject/src/nav.hpp:18[m[K,
[0.286s]                  from [01m[K/home/shruthir/CSE180FinalProject/src/finalProject/src/nav.hpp:18[m[K,
[0.286s]                  from [01m[K/home/shruthir/CSE180FinalProject/src/finalProject/src/nav.hpp:18[m[K,
[0.286s]                  from [01m[K/home/shruthir/CSE180FinalProject/src/finalProject/src/nav.hpp:18[m[K,
[0.286s]                  from [01m[K/home/shruthir/CSE180FinalProject/src/finalProject/src/nav.hpp:18[m[K,
[0.286s]                  from [01m[K/home/shruthir/CSE180FinalProject/src/finalProject/src/nav.hpp:18[m[K,
[0.286s]                  from [01m[K/home/shruthir/CSE180FinalProject/src/finalProject/src/nav.hpp:18[m[K,
[0.286s]                  from [01m[K/home/shruthir/CSE180FinalProject/src/finalProject/src/nav.hpp:18[m[K,
[0.286s]                  from [01m[K/home/shruthir/CSE180FinalProject/src/finalProject/src/nav.hpp:18[m[K,
[0.287s]                  from [01m[K/home/shruthir/CSE180FinalProject/src/finalProject/src/nav.hpp:18[m[K,
[0.287s]                  from [01m[K/home/shruthir/CSE180FinalProject/src/finalProject/src/nav.hpp:18[m[K,
[0.287s]                  from [01m[K/home/shruthir/CSE180FinalProject/src/finalProject/src/nav.hpp:18[m[K,
[0.287s]                  from [01m[K/home/shruthir/CSE180FinalProject/src/finalProject/src/nav.hpp:18[m[K,
[0.287s]                  from [01m[K/home/shruthir/CSE180FinalProject/src/finalProject/src/nav.hpp:18[m[K,
[0.287s]                  from [01m[K/home/shruthir/CSE180FinalProject/src/finalProject/src/nav.hpp:18[m[K,
[0.287s]                  from [01m[K/home/shruthir/CSE180FinalProject/src/finalProject/src/nav.hpp:18[m[K,
[0.287s]                  from [01m[K/home/shruthir/CSE180FinalProject/src/finalProject/src/nav.hpp:18[m[K,
[0.288s]                  from [01m[K/home/shruthir/CSE180FinalProject/src/finalProject/src/nav.hpp:18[m[K,
[0.288s]                  from [01m[K/home/shruthir/CSE180FinalProject/src/finalProject/src/nav.hpp:18[m[K,
[0.288s]                  from [01m[K/home/shruthir/CSE180FinalProject/src/finalProject/src/nav.hpp:18[m[K,
[0.288s]                  from [01m[K/home/shruthir/CSE180FinalProject/src/finalProject/src/nav.hpp:18[m[K,
[0.288s]                  from [01m[K/home/shruthir/CSE180FinalProject/src/finalProject/src/nav.hpp:18[m[K,
[0.288s]                  from [01m[K/home/shruthir/CSE180FinalProject/src/finalProject/src/nav.hpp:18[m[K,
[0.288s]                  from [01m[K/home/shruthir/CSE180FinalProject/src/finalProject/src/nav.hpp:18[m[K,
[0.288s]                  from [01m[K/home/shruthir/CSE180FinalProject/src/finalProject/src/nav.hpp:18[m[K,
[0.288s]                  from [01m[K/home/shruthir/CSE180FinalProject/src/finalProject/src/nav.hpp:18[m[K,
[0.288s]                  from [01m[K/home/shruthir/CSE180FinalProject/src/finalProject/src/nav.hpp:18[m[K,
[0.288s]                  from [01m[K/home/shruthir/CSE180FinalProject/src/finalProject/src/nav.hpp:18[m[K,
[0.288s]                  from [01m[K/home/shruthir/CSE180FinalProject/src/finalProject/src/nav.hpp:18[m[K,
[0.288s]                  from [01m[K/home/shruthir/CSE180FinalProject/src/finalProject/src/nav.hpp:18[m[K,
[0.288s]                  from [01m[K/home/shruthir/CSE180FinalProject/src/finalProject/src/nav.hpp:18[m[K,
[0.288s]                  from [01m[K/home/shruthir/CSE180FinalProject/src/finalProject/src/nav.hpp:18[m[K,
[0.289s]                  from [01m[K/home/shruthir/CSE180FinalProject/src/finalProject/src/nav.hpp:18[m[K,
[0.289s]                  from [01m[K/home/shruthir/CSE180FinalProject/src/finalProject/src/nav.hpp:18[m[K,
[0.289s]                  from [01m[K/home/shruthir/CSE180FinalProject/src/finalProject/src/nav.hpp:18[m[K,
[0.289s]                  from [01m[K/home/shruthir/CSE180FinalProject/src/finalProject/src/nav.hpp:18[m[K,
[0.289s]                  from [01m[K/home/shruthir/CSE180FinalProject/src/finalProject/src/nav.hpp:18[m[K,
[0.289s]                  from [01m[K/home/shruthir/CSE180FinalProject/src/finalProject/src/nav.hpp:18[m[K,
[0.289s]                  from [01m[K/home/shruthir/CSE180FinalProject/src/finalProject/src/nav.hpp:18[m[K,
[0.289s]                  from [01m[K/home/shruthir/CSE180FinalProject/src/finalProject/src/nav.hpp:18[m[K,
[0.289s]                  from [01m[K/home/shruthir/CSE180FinalProject/src/finalProject/src/nav.hpp:18[m[K,
[0.289s]                  from [01m[K/home/shruthir/CSE180FinalProject/src/finalProject/src/nav.hpp:18[m[K,
[0.289s]                  from [01m[K/home/shruthir/CSE180FinalProject/src/finalProject/src/nav.hpp:18[m[K,
[0.289s]                  from [01m[K/home/shruthir/CSE180FinalProject/src/finalProject/src/nav.hpp:18[m[K,
[0.289s]                  from [01m[K/home/shruthir/CSE180FinalProject/src/finalProject/src/nav.hpp:18[m[K,
[0.289s]                  from [01m[K/home/shruthir/CSE180FinalProject/src/finalProject/src/nav.hpp:18[m[K,
[0.289s]                  from [01m[K/home/shruthir/CSE180FinalProject/src/finalProject/src/nav.hpp:18[m[K,
[0.289s]                  from [01m[K/home/shruthir/CSE180FinalProject/src/finalProject/src/nav.hpp:18[m[K,
[0.289s]                  from [01m[K/home/shruthir/CSE180FinalProject/src/finalProject/src/nav.hpp:18[m[K,
[0.289s]                  from [01m[K/home/shruthir/CSE180FinalProject/src/finalProject/src/nav.hpp:18[m[K,
[0.290s]                  from [01m[K/home/shruthir/CSE180FinalProject/src/finalProject/src/nav.hpp:18[m[K,
[0.291s]                  from [01m[K/home/shruthir/CSE180FinalProject/src/finalProject/src/nav.hpp:18[m[K,
[0.292s]                  from [01m[K/home/shruthir/CSE180FinalProject/src/finalProject/src/nav.hpp:18[m[K,
[0.293s]                  from [01m[K/home/shruthir/CSE180FinalProject/src/finalProject/src/nav.hpp:18[m[K,
[0.295s]                  from [01m[K/home/shruthir/CSE180FinalProject/src/finalProject/src/nav.hpp:18[m[K,
[0.296s]                  from [01m[K/home/shruthir/CSE180FinalProject/src/finalProject/src/nav.hpp:18[m[K,
[0.296s]                  from [01m[K/home/shruthir/CSE180FinalProject/src/finalProject/src/nav.hpp:18[m[K,
[0.296s]                  from [01m[K/home/shruthir/CSE180FinalProject/src/finalProject/src/nav.hpp:18[m[K,
[0.297s]                  from [01m[K/home/shruthir/CSE180FinalProject/src/finalProject/src/nav.hpp:18[m[K,
[0.298s]                  from [01m[K/home/shruthir/CSE180FinalProject/src/finalProject/src/nav.hpp:18[m[K,
[0.298s]                  from [01m[K/home/shruthir/CSE180FinalProject/src/finalProject/src/nav.hpp:18[m[K,
[0.299s]                  from [01m[K/home/shruthir/CSE180FinalProject/src/finalProject/src/nav.hpp:18[m[K,
[0.299s]                  from [01m[K/home/shruthir/CSE180FinalProject/src/finalProject/src/nav.hpp:18[m[K,
[0.299s]                  from [01m[K/home/shruthir/CSE180FinalProject/src/finalProject/src/nav.hpp:18[m[K,
[0.300s]                  from [01m[K/home/shruthir/CSE180FinalProject/src/finalProject/src/nav.hpp:18[m[K,
[0.303s]                  from [01m[K/home/shruthir/CSE180FinalProject/src/finalProject/src/nav.hpp:18[m[K,
[0.304s]                  from [01m[K/home/shruthir/CSE180FinalProject/src/finalProject/src/nav.hpp:18[m[K,
[0.305s]                  from [01m[K/home/shruthir/CSE180FinalProject/src/finalProject/src/nav.hpp:18[m[K,
[0.305s]                  from [01m[K/home/shruthir/CSE180FinalProject/src/finalProject/src/nav.hpp:18[m[K,
[0.305s]                  from [01m[K/home/shruthir/CSE180FinalProject/src/finalProject/src/nav.hpp:18[m[K,
[0.305s]                  from [01m[K/home/shruthir/CSE180FinalProject/src/finalProject/src/nav.hpp:18[m[K,
[0.305s]                  from [01m[K/home/shruthir/CSE180FinalProject/src/finalProject/src/nav.hpp:18[m[K,
[0.305s]                  from [01m[K/home/shruthir/CSE180FinalProject/src/finalProject/src/nav.hpp:18[m[K,
[0.305s]                  from [01m[K/home/shruthir/CSE180FinalProject/src/finalProject/src/nav.hpp:18[m[K,
[0.306s]                  from [01m[K/home/shruthir/CSE180FinalProject/src/finalProject/src/nav.hpp:18[m[K,
[0.308s]                  from [01m[K/home/shruthir/CSE180FinalProject/src/finalProject/src/nav.hpp:18[m[K,
[0.309s]                  from [01m[K/home/shruthir/CSE180FinalProject/src/finalProject/src/nav.hpp:18[m[K,
[0.310s]                  from [01m[K/home/shruthir/CSE180FinalProject/src/finalProject/src/nav.hpp:18[m[K,
[0.311s]                  from [01m[K/home/shruthir/CSE180FinalProject/src/finalProject/src/nav.hpp:18[m[K,
[0.311s]                  from [01m[K/home/shruthir/CSE180FinalProject/src/finalProject/src/nav.hpp:18[m[K,
[0.311s]                  from [01m[K/home/shruthir/CSE180FinalProject/src/finalProject/src/nav.hpp:18[m[K,
[0.311s]                  from [01m[K/home/shruthir/CSE180FinalProject/src/finalProject/src/nav.hpp:18[m[K,
[0.311s]                  from [01m[K/home/shruthir/CSE180FinalProject/src/finalProject/src/nav.hpp:18[m[K,
[0.311s]                  from [01m[K/home/shruthir/CSE180FinalProject/src/finalProject/src/nav.hpp:18[m[K,
[0.312s]                  from [01m[K/home/shruthir/CSE180FinalProject/src/finalProject/src/nav.hpp:18[m[K,
[0.312s]                  from [01m[K/home/shruthir/CSE180FinalProject/src/finalProject/src/nav.hpp:18[m[K,
[0.313s]                  from [01m[K/home/shruthir/CSE180FinalProject/src/finalProject/src/nav.hpp:18[m[K,
[0.313s]                  from [01m[K/home/shruthir/CSE180FinalProject/src/finalProject/src/nav.hpp:18[m[K,
[0.313s]                  from [01m[K/home/shruthir/CSE180FinalProject/src/finalProject/src/nav.hpp:18[m[K,
[0.313s]                  from [01m[K/home/shruthir/CSE180FinalProject/src/finalProject/src/nav.hpp:18[m[K,
[0.313s]                  from [01m[K/home/shruthir/CSE180FinalProject/src/finalProject/src/nav.hpp:18[m[K,
[0.313s]                  from [01m[K/home/shruthir/CSE180FinalProject/src/finalProject/src/nav.hpp:18[m[K,
[0.313s]                  from [01m[K/home/shruthir/CSE180FinalProject/src/finalProject/src/nav.hpp:18[m[K,
[0.314s]                  from [01m[K/home/shruthir/CSE180FinalProject/src/finalProject/src/nav.hpp:18[m[K,
[0.314s]                  from [01m[K/home/shruthir/CSE180FinalProject/src/finalProject/src/nav.hpp:18[m[K,
[0.314s]                  from [01m[K/home/shruthir/CSE180FinalProject/src/finalProject/src/nav.hpp:18[m[K,
[0.314s]                  from [01m[K/home/shruthir/CSE180FinalProject/src/finalProject/src/nav.hpp:18[m[K,
[0.315s]                  from [01m[K/home/shruthir/CSE180FinalProject/src/finalProject/src/nav.hpp:18[m[K,
[0.315s]                  from [01m[K/home/shruthir/CSE180FinalProject/src/finalProject/src/nav.hpp:18[m[K,
[0.315s]                  from [01m[K/home/shruthir/CSE180FinalProject/src/finalProject/src/nav.hpp:18[m[K,
[0.315s]                  from [01m[K/home/shruthir/CSE180FinalProject/src/finalProject/src/nav.hpp:18[m[K,
[0.316s]                  from [01m[K/home/shruthir/CSE180FinalProject/src/finalProject/src/nav.hpp:18[m[K,
[0.316s]                  from [01m[K/home/shruthir/CSE180FinalProject/src/finalProject/src/nav.hpp:18[m[K,
[0.316s]                  from [01m[K/home/shruthir/CSE180FinalProject/src/finalProject/src/nav.hpp:18[m[K,
[0.316s]                  from [01m[K/home/shruthir/CSE180FinalProject/src/finalProject/src/nav.hpp:18[m[K,
[0.316s]                  from [01m[K/home/shruthir/CSE180FinalProject/src/finalProject/src/nav.hpp:18[m[K,
[0.316s]                  from [01m[K/home/shruthir/CSE180FinalProject/src/finalProject/src/nav.hpp:18[m[K,
[0.316s]                  from [01m[K/home/shruthir/CSE180FinalProject/src/finalProject/src/nav.hpp:18[m[K,
[0.316s]                  from [01m[K/home/shruthir/CSE180FinalProject/src/finalProject/src/nav.hpp:18[m[K,
[0.316s]                  from [01m[K/home/shruthir/CSE180FinalProject/src/finalProject/src/nav.hpp:18[m[K,
[0.316s]                  from [01m[K/home/shruthir/CSE180FinalProject/src/finalProject/src/nav.hpp:18[m[K,
[0.316s]                  from [01m[K/home/shruthir/CSE180FinalProject/src/finalProject/src/nav.hpp:18[m[K,
[0.317s]                  from [01m[K/home/shruthir/CSE180FinalProject/src/finalProject/src/nav.hpp:18[m[K,
[0.317s]                  from [01m[K/home/shruthir/CSE180FinalProject/src/finalProject/src/nav.hpp:18[m[K,
[0.317s]                  from [01m[K/home/shruthir/CSE180FinalProject/src/finalProject/src/nav.hpp:18[m[K,
[0.318s]                  from [01m[K/home/shruthir/CSE180FinalProject/src/finalProject/src/nav.hpp:18[m[K,
[0.318s]                  from [01m[K/home/shruthir/CSE180FinalProject/src/finalProject/src/nav.hpp:18[m[K,
[0.318s]                  from [01m[K/home/shruthir/CSE180FinalProject/src/finalProject/src/nav.hpp:18[m[K,
[0.318s]                  from [01m[K/home/shruthir/CSE180FinalProject/src/finalProject/src/nav.hpp:18[m[K,
[0.318s]                  from [01m[K/home/shruthir/CSE180FinalProject/src/finalProject/src/nav.hpp:18[m[K,
[0.319s]                  from [01m[K/home/shruthir/CSE180FinalProject/src/finalProject/src/nav.hpp:18[m[K,
[0.319s]                  from [01m[K/home/shruthir/CSE180FinalProject/src/finalProject/src/nav.hpp:18[m[K,
[0.319s]                  from [01m[K/home/shruthir/CSE180FinalProject/src/finalProject/src/nav.hpp:18[m[K,
[0.320s]                  from [01m[K/home/shruthir/CSE180FinalProject/src/finalProject/src/nav.hpp:18[m[K,
[0.322s]                  from [01m[K/home/shruthir/CSE180FinalProject/src/finalProject/src/nav.hpp:18[m[K,
[0.322s]                  from [01m[K/home/shruthir/CSE180FinalProject/src/finalProject/src/nav.hpp:18[m[K,
[0.324s]                  from [01m[K/home/shruthir/CSE180FinalProject/src/finalProject/src/nav.hpp:18[m[K,
[0.324s]                  from [01m[K/home/shruthir/CSE180FinalProject/src/finalProject/src/nav.hpp:18[m[K,
[0.325s]                  from [01m[K/home/shruthir/CSE180FinalProject/src/finalProject/src/nav.hpp:18[m[K,
[0.325s]                  from [01m[K/home/shruthir/CSE180FinalProject/src/finalProject/src/nav.hpp:18[m[K,
[0.326s]                  from [01m[K/home/shruthir/CSE180FinalProject/src/finalProject/src/nav.hpp:18[m[K,
[0.326s]                  from [01m[K/home/shruthir/CSE180FinalProject/src/finalProject/src/nav.hpp:18[m[K,
[0.326s]                  from [01m[K/home/shruthir/CSE180FinalProject/src/finalProject/src/nav.hpp:18[m[K,
[0.326s]                  from [01m[K/home/shruthir/CSE180FinalProject/src/finalProject/src/nav.hpp:18[m[K,
[0.326s]                  from [01m[K/home/shruthir/CSE180FinalProject/src/finalProject/src/nav.hpp:18[m[K,
[0.326s]                  from [01m[K/home/shruthir/CSE180FinalProject/src/finalProject/src/nav.hpp:18[m[K,
[0.326s]                  from [01m[K/home/shruthir/CSE180FinalProject/src/finalProject/src/navigation.cpp:12[m[K:
[0.326s] [01m[K/home/shruthir/CSE180FinalProject/src/finalProject/src/nav.hpp:17:30:[m[K [01;31m[Kerror: [m[K#include nested depth 200 exceeds maximum of 200 (use -fmax-include-depth=DEPTH to increase the maximum)
[0.326s]    17 | #include <rclcpp/rclcpp.hpp>
[0.328s]       |                              [01;31m[K^[m[K
[0.329s] [01m[K/home/shruthir/CSE180FinalProject/src/finalProject/src/nav.hpp:18:74:[m[K [01;31m[Kerror: [m[K#include nested depth 200 exceeds maximum of 200 (use -fmax-include-depth=DEPTH to increase the maximum)
[0.329s]    18 | #include </home/shruthir/CSE180FinalProject/src/finalProject/src/nav.hpp>
[0.329s]       |                                                                          [01;31m[K^[m[K
[0.329s] [01m[K/home/shruthir/CSE180FinalProject/src/finalProject/src/nav.hpp:19:44:[m[K [01;31m[Kerror: [m[K#include nested depth 200 exceeds maximum of 200 (use -fmax-include-depth=DEPTH to increase the maximum)
[0.329s]    19 | #include <lifecycle_msgs/srv/get_state.hpp>
[0.329s]       |                                            [01;31m[K^[m[K
[0.329s] [01m[K/home/shruthir/CSE180FinalProject/src/finalProject/src/nav.hpp:20:43:[m[K [01;31m[Kerror: [m[K#include nested depth 200 exceeds maximum of 200 (use -fmax-include-depth=DEPTH to increase the maximum)
[0.330s]    20 | #include <action_msgs/srv/cancel_goal.hpp>
[0.330s]       |                                           [01;31m[K^[m[K
[0.330s] [01m[K/home/shruthir/CSE180FinalProject/src/finalProject/src/nav.hpp:21:18:[m[K [01;31m[Kerror: [m[K#include nested depth 200 exceeds maximum of 200 (use -fmax-include-depth=DEPTH to increase the maximum)
[0.330s]    21 | #include <chrono>
[0.330s]       |                  [01;31m[K^[m[K
[0.330s] [01m[K/home/shruthir/CSE180FinalProject/src/finalProject/src/nav.hpp:19:10:[m[K [01;31m[Kfatal error: [m[Klifecycle_msgs/srv/get_state.hpp: No such file or directory
[0.330s]    19 | #include [01;31m[K<lifecycle_msgs/srv/get_state.hpp>[m[K
[0.330s]       |          [01;31m[K^~~~~~~~~~~~~~~~~~~~~~~~~~~~~~~~~~[m[K
[0.330s] compilation terminated.
[0.330s] gmake[2]: *** [CMakeFiles/navigation_node.dir/build.make:76: CMakeFiles/navigation_node.dir/src/navigation.cpp.o] Error 1
[0.330s] gmake[1]: *** [CMakeFiles/Makefile2:141: CMakeFiles/navigation_node.dir/all] Error 2
[0.330s] gmake: *** [Makefile:146: all] Error 2
[0.332s] Invoked command in '/home/shruthir/CSE180FinalProject/build/finalProject' returned '2': CMAKE_PREFIX_PATH=${CMAKE_PREFIX_PATH}:/opt/ros/jazzy DEBUGINFOD_URLS=https://debuginfod.ubuntu.com /usr/bin/cmake --build /home/shruthir/CSE180FinalProject/build/finalProject -- -j12 -l12
