[0.031s] Invoking command in '/home/shruthir/CSE180FinalProject/build/finalProject': CMAKE_PREFIX_PATH=${CMAKE_PREFIX_PATH}:/opt/ros/jazzy DEBUGINFOD_URLS=https://debuginfod.ubuntu.com /usr/bin/cmake --build /home/shruthir/CSE180FinalProject/build/finalProject -- -j12 -l12
[0.088s] Invoked command in '/home/shruthir/CSE180FinalProject/build/finalProject' returned '0': CMAKE_PREFIX_PATH=${CMAKE_PREFIX_PATH}:/opt/ros/jazzy DEBUGINFOD_URLS=https://debuginfod.ubuntu.com /usr/bin/cmake --build /home/shruthir/CSE180FinalProject/build/finalProject -- -j12 -l12
[0.102s] Invoking command in '/home/shruthir/CSE180FinalProject/build/finalProject': CMAKE_PREFIX_PATH=${CMAKE_PREFIX_PATH}:/opt/ros/jazzy DEBUGINFOD_URLS=https://debuginfod.ubuntu.com /usr/bin/cmake --install /home/shruthir/CSE180FinalProject/build/finalProject
[0.117s] -- Install configuration: ""
[0.118s] -- Up-to-date: /home/shruthir/CSE180FinalProject/install/finalProject/share/ament_index/resource_index/package_run_dependencies/finalProject
[0.118s] -- Up-to-date: /home/shruthir/CSE180FinalProject/install/finalProject/share/ament_index/resource_index/parent_prefix_path/finalProject
[0.119s] -- Up-to-date: /home/shruthir/CSE180FinalProject/install/finalProject/share/finalProject/environment/ament_prefix_path.sh
[0.120s] -- Up-to-date: /home/shruthir/CSE180FinalProject/install/finalProject/share/finalProject/environment/ament_prefix_path.dsv
[0.120s] -- Up-to-date: /home/shruthir/CSE180FinalProject/install/finalProject/share/finalProject/environment/path.sh
[0.124s] -- Up-to-date: /home/shruthir/CSE180FinalProject/install/finalProject/share/finalProject/environment/path.dsv
[0.130s] -- Up-to-date: /home/shruthir/CSE180FinalProject/install/finalProject/share/finalProject/local_setup.bash
[0.130s] -- Up-to-date: /home/shruthir/CSE180FinalProject/install/finalProject/share/finalProject/local_setup.sh
[0.130s] -- Up-to-date: /home/shruthir/CSE180FinalProject/install/finalProject/share/finalProject/local_setup.zsh
[0.131s] -- Up-to-date: /home/shruthir/CSE180FinalProject/install/finalProject/share/finalProject/local_setup.dsv
[0.131s] -- Installing: /home/shruthir/CSE180FinalProject/install/finalProject/share/finalProject/package.dsv
[0.131s] -- Up-to-date: /home/shruthir/CSE180FinalProject/install/finalProject/share/ament_index/resource_index/packages/finalProject
[0.131s] -- Up-to-date: /home/shruthir/CSE180FinalProject/install/finalProject/share/finalProject/cmake/finalProjectConfig.cmake
[0.131s] -- Up-to-date: /home/shruthir/CSE180FinalProject/install/finalProject/share/finalProject/cmake/finalProjectConfig-version.cmake
[0.131s] -- Up-to-date: /home/shruthir/CSE180FinalProject/install/finalProject/share/finalProject/package.xml
[0.131s] Invoked command in '/home/shruthir/CSE180FinalProject/build/finalProject' returned '0': CMAKE_PREFIX_PATH=${CMAKE_PREFIX_PATH}:/opt/ros/jazzy DEBUGINFOD_URLS=https://debuginfod.ubuntu.com /usr/bin/cmake --install /home/shruthir/CSE180FinalProject/build/finalProject
