[0.026s] Invoking command in '/home/shruthir/CSE180FinalProject/build/finalProject': CMAKE_PREFIX_PATH=${CMAKE_PREFIX_PATH}:/opt/ros/jazzy DEBUGINFOD_URLS=https://debuginfod.ubuntu.com /usr/bin/cmake --build /home/shruthir/CSE180FinalProject/build/finalProject -- -j12 -l12
[0.166s] [ 33%] Built target locomotion_node
[0.168s] [ 66%] Built target perception_node
[0.173s] [ 83%] [32mBuilding CXX object CMakeFiles/navigation_node.dir/src/navigation.cpp.o[0m
[0.753s] In file included from [01m[K/home/shruthir/CSE180FinalProject/src/finalProject/src/nav.hpp:18[m[K,
[0.753s]                  from [01m[K/home/shruthir/CSE180FinalProject/src/finalProject/src/nav.hpp:18[m[K,
[0.753s]                  from [01m[K/home/shruthir/CSE180FinalProject/src/finalProject/src/nav.hpp:18[m[K,
[0.753s]                  from [01m[K/home/shruthir/CSE180FinalProject/src/finalProject/src/nav.hpp:18[m[K,
[0.754s]                  from [01m[K/home/shruthir/CSE180FinalProject/src/finalProject/src/nav.hpp:18[m[K,
[0.754s]                  from [01m[K/home/shruthir/CSE180FinalProject/src/finalProject/src/nav.hpp:18[m[K,
[0.754s]                  from [01m[K/home/shruthir/CSE180FinalProject/src/finalProject/src/nav.hpp:18[m[K,
[0.754s]                  from [01m[K/home/shruthir/CSE180FinalProject/src/finalProject/src/nav.hpp:18[m[K,
[0.754s]                  from [01m[K/home/shruthir/CSE180FinalProject/src/finalProject/src/nav.hpp:18[m[K,
[0.754s]                  from [01m[K/home/shruthir/CSE180FinalProject/src/finalProject/src/nav.hpp:18[m[K,
[0.754s]                  from [01m[K/home/shruthir/CSE180FinalProject/src/finalProject/src/nav.hpp:18[m[K,
[0.754s]                  from [01m[K/home/shruthir/CSE180FinalProject/src/finalProject/src/nav.hpp:18[m[K,
[0.754s]                  from [01m[K/home/shruthir/CSE180FinalProject/src/finalProject/src/nav.hpp:18[m[K,
[0.754s]                  from [01m[K/home/shruthir/CSE180FinalProject/src/finalProject/src/nav.hpp:18[m[K,
[0.755s]                  from [01m[K/home/shruthir/CSE180FinalProject/src/finalProject/src/nav.hpp:18[m[K,
[0.755s]                  from [01m[K/home/shruthir/CSE180FinalProject/src/finalProject/src/nav.hpp:18[m[K,
[0.755s]                  from [01m[K/home/shruthir/CSE180FinalProject/src/finalProject/src/nav.hpp:18[m[K,
[0.755s]                  from [01m[K/home/shruthir/CSE180FinalProject/src/finalProject/src/nav.hpp:18[m[K,
[0.755s]                  from [01m[K/home/shruthir/CSE180FinalProject/src/finalProject/src/nav.hpp:18[m[K,
[0.755s]                  from [01m[K/home/shruthir/CSE180FinalProject/src/finalProject/src/nav.hpp:18[m[K,
[0.755s]                  from [01m[K/home/shruthir/CSE180FinalProject/src/finalProject/src/nav.hpp:18[m[K,
[0.755s]                  from [01m[K/home/shruthir/CSE180FinalProject/src/finalProject/src/nav.hpp:18[m[K,
[0.755s]                  from [01m[K/home/shruthir/CSE180FinalProject/src/finalProject/src/nav.hpp:18[m[K,
[0.755s]                  from [01m[K/home/shruthir/CSE180FinalProject/src/finalProject/src/nav.hpp:18[m[K,
[0.755s]                  from [01m[K/home/shruthir/CSE180FinalProject/src/finalProject/src/nav.hpp:18[m[K,
[0.755s]                  from [01m[K/home/shruthir/CSE180FinalProject/src/finalProject/src/nav.hpp:18[m[K,
[0.755s]                  from [01m[K/home/shruthir/CSE180FinalProject/src/finalProject/src/nav.hpp:18[m[K,
[0.755s]                  from [01m[K/home/shruthir/CSE180FinalProject/src/finalProject/src/nav.hpp:18[m[K,
[0.755s]                  from [01m[K/home/shruthir/CSE180FinalProject/src/finalProject/src/nav.hpp:18[m[K,
[0.755s]                  from [01m[K/home/shruthir/CSE180FinalProject/src/finalProject/src/nav.hpp:18[m[K,
[0.755s]                  from [01m[K/home/shruthir/CSE180FinalProject/src/finalProject/src/nav.hpp:18[m[K,
[0.755s]                  from [01m[K/home/shruthir/CSE180FinalProject/src/finalProject/src/nav.hpp:18[m[K,
[0.755s]                  from [01m[K/home/shruthir/CSE180FinalProject/src/finalProject/src/nav.hpp:18[m[K,
[0.756s]                  from [01m[K/home/shruthir/CSE180FinalProject/src/finalProject/src/nav.hpp:18[m[K,
[0.756s]                  from [01m[K/home/shruthir/CSE180FinalProject/src/finalProject/src/nav.hpp:18[m[K,
[0.756s]                  from [01m[K/home/shruthir/CSE180FinalProject/src/finalProject/src/nav.hpp:18[m[K,
[0.756s]                  from [01m[K/home/shruthir/CSE180FinalProject/src/finalProject/src/nav.hpp:18[m[K,
[0.756s]                  from [01m[K/home/shruthir/CSE180FinalProject/src/finalProject/src/nav.hpp:18[m[K,
[0.756s]                  from [01m[K/home/shruthir/CSE180FinalProject/src/finalProject/src/nav.hpp:18[m[K,
[0.756s]                  from [01m[K/home/shruthir/CSE180FinalProject/src/finalProject/src/nav.hpp:18[m[K,
[0.756s]                  from [01m[K/home/shruthir/CSE180FinalProject/src/finalProject/src/nav.hpp:18[m[K,
[0.756s]                  from [01m[K/home/shruthir/CSE180FinalProject/src/finalProject/src/nav.hpp:18[m[K,
[0.756s]                  from [01m[K/home/shruthir/CSE180FinalProject/src/finalProject/src/nav.hpp:18[m[K,
[0.756s]                  from [01m[K/home/shruthir/CSE180FinalProject/src/finalProject/src/nav.hpp:18[m[K,
[0.756s]                  from [01m[K/home/shruthir/CSE180FinalProject/src/finalProject/src/nav.hpp:18[m[K,
[0.756s]                  from [01m[K/home/shruthir/CSE180FinalProject/src/finalProject/src/nav.hpp:18[m[K,
[0.756s]                  from [01m[K/home/shruthir/CSE180FinalProject/src/finalProject/src/nav.hpp:18[m[K,
[0.756s]                  from [01m[K/home/shruthir/CSE180FinalProject/src/finalProject/src/nav.hpp:18[m[K,
[0.756s]                  from [01m[K/home/shruthir/CSE180FinalProject/src/finalProject/src/nav.hpp:18[m[K,
[0.756s]                  from [01m[K/home/shruthir/CSE180FinalProject/src/finalProject/src/nav.hpp:18[m[K,
[0.756s]                  from [01m[K/home/shruthir/CSE180FinalProject/src/finalProject/src/nav.hpp:18[m[K,
[0.757s]                  from [01m[K/home/shruthir/CSE180FinalProject/src/finalProject/src/nav.hpp:18[m[K,
[0.757s]                  from [01m[K/home/shruthir/CSE180FinalProject/src/finalProject/src/nav.hpp:18[m[K,
[0.757s]                  from [01m[K/home/shruthir/CSE180FinalProject/src/finalProject/src/nav.hpp:18[m[K,
[0.757s]                  from [01m[K/home/shruthir/CSE180FinalProject/src/finalProject/src/nav.hpp:18[m[K,
[0.757s]                  from [01m[K/home/shruthir/CSE180FinalProject/src/finalProject/src/nav.hpp:18[m[K,
[0.757s]                  from [01m[K/home/shruthir/CSE180FinalProject/src/finalProject/src/nav.hpp:18[m[K,
[0.757s]                  from [01m[K/home/shruthir/CSE180FinalProject/src/finalProject/src/nav.hpp:18[m[K,
[0.757s]                  from [01m[K/home/shruthir/CSE180FinalProject/src/finalProject/src/nav.hpp:18[m[K,
[0.757s]                  from [01m[K/home/shruthir/CSE180FinalProject/src/finalProject/src/nav.hpp:18[m[K,
[0.757s]                  from [01m[K/home/shruthir/CSE180FinalProject/src/finalProject/src/nav.hpp:18[m[K,
[0.757s]                  from [01m[K/home/shruthir/CSE180FinalProject/src/finalProject/src/nav.hpp:18[m[K,
[0.757s]                  from [01m[K/home/shruthir/CSE180FinalProject/src/finalProject/src/nav.hpp:18[m[K,
[0.757s]                  from [01m[K/home/shruthir/CSE180FinalProject/src/finalProject/src/nav.hpp:18[m[K,
[0.757s]                  from [01m[K/home/shruthir/CSE180FinalProject/src/finalProject/src/nav.hpp:18[m[K,
[0.757s]                  from [01m[K/home/shruthir/CSE180FinalProject/src/finalProject/src/nav.hpp:18[m[K,
[0.757s]                  from [01m[K/home/shruthir/CSE180FinalProject/src/finalProject/src/nav.hpp:18[m[K,
[0.757s]                  from [01m[K/home/shruthir/CSE180FinalProject/src/finalProject/src/nav.hpp:18[m[K,
[0.757s]                  from [01m[K/home/shruthir/CSE180FinalProject/src/finalProject/src/nav.hpp:18[m[K,
[0.757s]                  from [01m[K/home/shruthir/CSE180FinalProject/src/finalProject/src/nav.hpp:18[m[K,
[0.757s]                  from [01m[K/home/shruthir/CSE180FinalProject/src/finalProject/src/nav.hpp:18[m[K,
[0.758s]                  from [01m[K/home/shruthir/CSE180FinalProject/src/finalProject/src/nav.hpp:18[m[K,
[0.758s]                  from [01m[K/home/shruthir/CSE180FinalProject/src/finalProject/src/nav.hpp:18[m[K,
[0.758s]                  from [01m[K/home/shruthir/CSE180FinalProject/src/finalProject/src/nav.hpp:18[m[K,
[0.758s]                  from [01m[K/home/shruthir/CSE180FinalProject/src/finalProject/src/nav.hpp:18[m[K,
[0.758s]                  from [01m[K/home/shruthir/CSE180FinalProject/src/finalProject/src/nav.hpp:18[m[K,
[0.758s]                  from [01m[K/home/shruthir/CSE180FinalProject/src/finalProject/src/nav.hpp:18[m[K,
[0.758s]                  from [01m[K/home/shruthir/CSE180FinalProject/src/finalProject/src/nav.hpp:18[m[K,
[0.758s]                  from [01m[K/home/shruthir/CSE180FinalProject/src/finalProject/src/nav.hpp:18[m[K,
[0.758s]                  from [01m[K/home/shruthir/CSE180FinalProject/src/finalProject/src/nav.hpp:18[m[K,
[0.758s]                  from [01m[K/home/shruthir/CSE180FinalProject/src/finalProject/src/nav.hpp:18[m[K,
[0.758s]                  from [01m[K/home/shruthir/CSE180FinalProject/src/finalProject/src/nav.hpp:18[m[K,
[0.758s]                  from [01m[K/home/shruthir/CSE180FinalProject/src/finalProject/src/nav.hpp:18[m[K,
[0.758s]                  from [01m[K/home/shruthir/CSE180FinalProject/src/finalProject/src/nav.hpp:18[m[K,
[0.758s]                  from [01m[K/home/shruthir/CSE180FinalProject/src/finalProject/src/nav.hpp:18[m[K,
[0.758s]                  from [01m[K/home/shruthir/CSE180FinalProject/src/finalProject/src/nav.hpp:18[m[K,
[0.758s]                  from [01m[K/home/shruthir/CSE180FinalProject/src/finalProject/src/nav.hpp:18[m[K,
[0.758s]                  from [01m[K/home/shruthir/CSE180FinalProject/src/finalProject/src/nav.hpp:18[m[K,
[0.758s]                  from [01m[K/home/shruthir/CSE180FinalProject/src/finalProject/src/nav.hpp:18[m[K,
[0.758s]                  from [01m[K/home/shruthir/CSE180FinalProject/src/finalProject/src/nav.hpp:18[m[K,
[0.758s]                  from [01m[K/home/shruthir/CSE180FinalProject/src/finalProject/src/nav.hpp:18[m[K,
[0.758s]                  from [01m[K/home/shruthir/CSE180FinalProject/src/finalProject/src/nav.hpp:18[m[K,
[0.759s]                  from [01m[K/home/shruthir/CSE180FinalProject/src/finalProject/src/nav.hpp:18[m[K,
[0.759s]                  from [01m[K/home/shruthir/CSE180FinalProject/src/finalProject/src/nav.hpp:18[m[K,
[0.759s]                  from [01m[K/home/shruthir/CSE180FinalProject/src/finalProject/src/nav.hpp:18[m[K,
[0.759s]                  from [01m[K/home/shruthir/CSE180FinalProject/src/finalProject/src/nav.hpp:18[m[K,
[0.759s]                  from [01m[K/home/shruthir/CSE180FinalProject/src/finalProject/src/nav.hpp:18[m[K,
[0.759s]                  from [01m[K/home/shruthir/CSE180FinalProject/src/finalProject/src/nav.hpp:18[m[K,
[0.759s]                  from [01m[K/home/shruthir/CSE180FinalProject/src/finalProject/src/nav.hpp:18[m[K,
[0.759s]                  from [01m[K/home/shruthir/CSE180FinalProject/src/finalProject/src/nav.hpp:18[m[K,
[0.760s]                  from [01m[K/home/shruthir/CSE180FinalProject/src/finalProject/src/nav.hpp:18[m[K,
[0.760s]                  from [01m[K/home/shruthir/CSE180FinalProject/src/finalProject/src/nav.hpp:18[m[K,
[0.760s]                  from [01m[K/home/shruthir/CSE180FinalProject/src/finalProject/src/nav.hpp:18[m[K,
[0.760s]                  from [01m[K/home/shruthir/CSE180FinalProject/src/finalProject/src/nav.hpp:18[m[K,
[0.760s]                  from [01m[K/home/shruthir/CSE180FinalProject/src/finalProject/src/nav.hpp:18[m[K,
[0.760s]                  from [01m[K/home/shruthir/CSE180FinalProject/src/finalProject/src/nav.hpp:18[m[K,
[0.761s]                  from [01m[K/home/shruthir/CSE180FinalProject/src/finalProject/src/nav.hpp:18[m[K,
[0.761s]                  from [01m[K/home/shruthir/CSE180FinalProject/src/finalProject/src/nav.hpp:18[m[K,
[0.761s]                  from [01m[K/home/shruthir/CSE180FinalProject/src/finalProject/src/nav.hpp:18[m[K,
[0.761s]                  from [01m[K/home/shruthir/CSE180FinalProject/src/finalProject/src/nav.hpp:18[m[K,
[0.761s]                  from [01m[K/home/shruthir/CSE180FinalProject/src/finalProject/src/nav.hpp:18[m[K,
[0.761s]                  from [01m[K/home/shruthir/CSE180FinalProject/src/finalProject/src/nav.hpp:18[m[K,
[0.761s]                  from [01m[K/home/shruthir/CSE180FinalProject/src/finalProject/src/nav.hpp:18[m[K,
[0.762s]                  from [01m[K/home/shruthir/CSE180FinalProject/src/finalProject/src/nav.hpp:18[m[K,
[0.762s]                  from [01m[K/home/shruthir/CSE180FinalProject/src/finalProject/src/nav.hpp:18[m[K,
[0.762s]                  from [01m[K/home/shruthir/CSE180FinalProject/src/finalProject/src/nav.hpp:18[m[K,
[0.762s]                  from [01m[K/home/shruthir/CSE180FinalProject/src/finalProject/src/nav.hpp:18[m[K,
[0.762s]                  from [01m[K/home/shruthir/CSE180FinalProject/src/finalProject/src/nav.hpp:18[m[K,
[0.762s]                  from [01m[K/home/shruthir/CSE180FinalProject/src/finalProject/src/nav.hpp:18[m[K,
[0.763s]                  from [01m[K/home/shruthir/CSE180FinalProject/src/finalProject/src/nav.hpp:18[m[K,
[0.763s]                  from [01m[K/home/shruthir/CSE180FinalProject/src/finalProject/src/nav.hpp:18[m[K,
[0.763s]                  from [01m[K/home/shruthir/CSE180FinalProject/src/finalProject/src/nav.hpp:18[m[K,
[0.763s]                  from [01m[K/home/shruthir/CSE180FinalProject/src/finalProject/src/nav.hpp:18[m[K,
[0.763s]                  from [01m[K/home/shruthir/CSE180FinalProject/src/finalProject/src/nav.hpp:18[m[K,
[0.763s]                  from [01m[K/home/shruthir/CSE180FinalProject/src/finalProject/src/nav.hpp:18[m[K,
[0.763s]                  from [01m[K/home/shruthir/CSE180FinalProject/src/finalProject/src/nav.hpp:18[m[K,
[0.763s]                  from [01m[K/home/shruthir/CSE180FinalProject/src/finalProject/src/nav.hpp:18[m[K,
[0.763s]                  from [01m[K/home/shruthir/CSE180FinalProject/src/finalProject/src/nav.hpp:18[m[K,
[0.764s]                  from [01m[K/home/shruthir/CSE180FinalProject/src/finalProject/src/nav.hpp:18[m[K,
[0.764s]                  from [01m[K/home/shruthir/CSE180FinalProject/src/finalProject/src/nav.hpp:18[m[K,
[0.764s]                  from [01m[K/home/shruthir/CSE180FinalProject/src/finalProject/src/nav.hpp:18[m[K,
[0.764s]                  from [01m[K/home/shruthir/CSE180FinalProject/src/finalProject/src/nav.hpp:18[m[K,
[0.764s]                  from [01m[K/home/shruthir/CSE180FinalProject/src/finalProject/src/nav.hpp:18[m[K,
[0.764s]                  from [01m[K/home/shruthir/CSE180FinalProject/src/finalProject/src/nav.hpp:18[m[K,
[0.764s]                  from [01m[K/home/shruthir/CSE180FinalProject/src/finalProject/src/nav.hpp:18[m[K,
[0.765s]                  from [01m[K/home/shruthir/CSE180FinalProject/src/finalProject/src/nav.hpp:18[m[K,
[0.765s]                  from [01m[K/home/shruthir/CSE180FinalProject/src/finalProject/src/nav.hpp:18[m[K,
[0.766s]                  from [01m[K/home/shruthir/CSE180FinalProject/src/finalProject/src/nav.hpp:18[m[K,
[0.766s]                  from [01m[K/home/shruthir/CSE180FinalProject/src/finalProject/src/nav.hpp:18[m[K,
[0.766s]                  from [01m[K/home/shruthir/CSE180FinalProject/src/finalProject/src/nav.hpp:18[m[K,
[0.767s]                  from [01m[K/home/shruthir/CSE180FinalProject/src/finalProject/src/nav.hpp:18[m[K,
[0.768s]                  from [01m[K/home/shruthir/CSE180FinalProject/src/finalProject/src/nav.hpp:18[m[K,
[0.768s]                  from [01m[K/home/shruthir/CSE180FinalProject/src/finalProject/src/nav.hpp:18[m[K,
[0.768s]                  from [01m[K/home/shruthir/CSE180FinalProject/src/finalProject/src/nav.hpp:18[m[K,
[0.768s]                  from [01m[K/home/shruthir/CSE180FinalProject/src/finalProject/src/nav.hpp:18[m[K,
[0.768s]                  from [01m[K/home/shruthir/CSE180FinalProject/src/finalProject/src/nav.hpp:18[m[K,
[0.768s]                  from [01m[K/home/shruthir/CSE180FinalProject/src/finalProject/src/nav.hpp:18[m[K,
[0.768s]                  from [01m[K/home/shruthir/CSE180FinalProject/src/finalProject/src/nav.hpp:18[m[K,
[0.769s]                  from [01m[K/home/shruthir/CSE180FinalProject/src/finalProject/src/nav.hpp:18[m[K,
[0.769s]                  from [01m[K/home/shruthir/CSE180FinalProject/src/finalProject/src/nav.hpp:18[m[K,
[0.769s]                  from [01m[K/home/shruthir/CSE180FinalProject/src/finalProject/src/nav.hpp:18[m[K,
[0.769s]                  from [01m[K/home/shruthir/CSE180FinalProject/src/finalProject/src/nav.hpp:18[m[K,
[0.770s]                  from [01m[K/home/shruthir/CSE180FinalProject/src/finalProject/src/nav.hpp:18[m[K,
[0.770s]                  from [01m[K/home/shruthir/CSE180FinalProject/src/finalProject/src/nav.hpp:18[m[K,
[0.770s]                  from [01m[K/home/shruthir/CSE180FinalProject/src/finalProject/src/nav.hpp:18[m[K,
[0.771s]                  from [01m[K/home/shruthir/CSE180FinalProject/src/finalProject/src/nav.hpp:18[m[K,
[0.771s]                  from [01m[K/home/shruthir/CSE180FinalProject/src/finalProject/src/nav.hpp:18[m[K,
[0.771s]                  from [01m[K/home/shruthir/CSE180FinalProject/src/finalProject/src/nav.hpp:18[m[K,
[0.771s]                  from [01m[K/home/shruthir/CSE180FinalProject/src/finalProject/src/nav.hpp:18[m[K,
[0.771s]                  from [01m[K/home/shruthir/CSE180FinalProject/src/finalProject/src/nav.hpp:18[m[K,
[0.771s]                  from [01m[K/home/shruthir/CSE180FinalProject/src/finalProject/src/nav.hpp:18[m[K,
[0.771s]                  from [01m[K/home/shruthir/CSE180FinalProject/src/finalProject/src/nav.hpp:18[m[K,
[0.771s]                  from [01m[K/home/shruthir/CSE180FinalProject/src/finalProject/src/nav.hpp:18[m[K,
[0.772s]                  from [01m[K/home/shruthir/CSE180FinalProject/src/finalProject/src/nav.hpp:18[m[K,
[0.772s]                  from [01m[K/home/shruthir/CSE180FinalProject/src/finalProject/src/nav.hpp:18[m[K,
[0.772s]                  from [01m[K/home/shruthir/CSE180FinalProject/src/finalProject/src/nav.hpp:18[m[K,
[0.772s]                  from [01m[K/home/shruthir/CSE180FinalProject/src/finalProject/src/nav.hpp:18[m[K,
[0.772s]                  from [01m[K/home/shruthir/CSE180FinalProject/src/finalProject/src/nav.hpp:18[m[K,
[0.772s]                  from [01m[K/home/shruthir/CSE180FinalProject/src/finalProject/src/nav.hpp:18[m[K,
[0.772s]                  from [01m[K/home/shruthir/CSE180FinalProject/src/finalProject/src/nav.hpp:18[m[K,
[0.772s]                  from [01m[K/home/shruthir/CSE180FinalProject/src/finalProject/src/nav.hpp:18[m[K,
[0.772s]                  from [01m[K/home/shruthir/CSE180FinalProject/src/finalProject/src/nav.hpp:18[m[K,
[0.772s]                  from [01m[K/home/shruthir/CSE180FinalProject/src/finalProject/src/nav.hpp:18[m[K,
[0.773s]                  from [01m[K/home/shruthir/CSE180FinalProject/src/finalProject/src/nav.hpp:18[m[K,
[0.773s]                  from [01m[K/home/shruthir/CSE180FinalProject/src/finalProject/src/nav.hpp:18[m[K,
[0.773s]                  from [01m[K/home/shruthir/CSE180FinalProject/src/finalProject/src/nav.hpp:18[m[K,
[0.773s]                  from [01m[K/home/shruthir/CSE180FinalProject/src/finalProject/src/nav.hpp:18[m[K,
[0.773s]                  from [01m[K/home/shruthir/CSE180FinalProject/src/finalProject/src/nav.hpp:18[m[K,
[0.773s]                  from [01m[K/home/shruthir/CSE180FinalProject/src/finalProject/src/nav.hpp:18[m[K,
[0.773s]                  from [01m[K/home/shruthir/CSE180FinalProject/src/finalProject/src/nav.hpp:18[m[K,
[0.773s]                  from [01m[K/home/shruthir/CSE180FinalProject/src/finalProject/src/nav.hpp:18[m[K,
[0.773s]                  from [01m[K/home/shruthir/CSE180FinalProject/src/finalProject/src/nav.hpp:18[m[K,
[0.773s]                  from [01m[K/home/shruthir/CSE180FinalProject/src/finalProject/src/nav.hpp:18[m[K,
[0.773s]                  from [01m[K/home/shruthir/CSE180FinalProject/src/finalProject/src/nav.hpp:18[m[K,
[0.773s]                  from [01m[K/home/shruthir/CSE180FinalProject/src/finalProject/src/nav.hpp:18[m[K,
[0.773s]                  from [01m[K/home/shruthir/CSE180FinalProject/src/finalProject/src/nav.hpp:18[m[K,
[0.774s]                  from [01m[K/home/shruthir/CSE180FinalProject/src/finalProject/src/nav.hpp:18[m[K,
[0.775s]                  from [01m[K/home/shruthir/CSE180FinalProject/src/finalProject/src/nav.hpp:18[m[K,
[0.775s]                  from [01m[K/home/shruthir/CSE180FinalProject/src/finalProject/src/nav.hpp:18[m[K,
[0.775s]                  from [01m[K/home/shruthir/CSE180FinalProject/src/finalProject/src/nav.hpp:18[m[K,
[0.775s]                  from [01m[K/home/shruthir/CSE180FinalProject/src/finalProject/src/nav.hpp:18[m[K,
[0.775s]                  from [01m[K/home/shruthir/CSE180FinalProject/src/finalProject/src/nav.hpp:18[m[K,
[0.775s]                  from [01m[K/home/shruthir/CSE180FinalProject/src/finalProject/src/nav.hpp:18[m[K,
[0.775s]                  from [01m[K/home/shruthir/CSE180FinalProject/src/finalProject/src/nav.hpp:18[m[K,
[0.775s]                  from [01m[K/home/shruthir/CSE180FinalProject/src/finalProject/src/nav.hpp:18[m[K,
[0.776s]                  from [01m[K/home/shruthir/CSE180FinalProject/src/finalProject/src/nav.hpp:18[m[K,
[0.776s]                  from [01m[K/home/shruthir/CSE180FinalProject/src/finalProject/src/nav.hpp:18[m[K,
[0.776s]                  from [01m[K/home/shruthir/CSE180FinalProject/src/finalProject/src/nav.hpp:18[m[K,
[0.776s]                  from [01m[K/home/shruthir/CSE180FinalProject/src/finalProject/src/navigation.cpp:12[m[K:
[0.776s] [01m[K/home/shruthir/CSE180FinalProject/src/finalProject/src/nav.hpp:17:30:[m[K [01;31m[Kerror: [m[K#include nested depth 200 exceeds maximum of 200 (use -fmax-include-depth=DEPTH to increase the maximum)
[0.776s]    17 | #include <rclcpp/rclcpp.hpp>
[0.776s]       |                              [01;31m[K^[m[K
[0.776s] [01m[K/home/shruthir/CSE180FinalProject/src/finalProject/src/nav.hpp:18:74:[m[K [01;31m[Kerror: [m[K#include nested depth 200 exceeds maximum of 200 (use -fmax-include-depth=DEPTH to increase the maximum)
[0.776s]    18 | #include </home/shruthir/CSE180FinalProject/src/finalProject/src/nav.hpp>
[0.776s]       |                                                                          [01;31m[K^[m[K
[0.776s] [01m[K/home/shruthir/CSE180FinalProject/src/finalProject/src/nav.hpp:19:44:[m[K [01;31m[Kerror: [m[K#include nested depth 200 exceeds maximum of 200 (use -fmax-include-depth=DEPTH to increase the maximum)
[0.777s]    19 | #include <lifecycle_msgs/srv/get_state.hpp>
[0.777s]       |                                            [01;31m[K^[m[K
[0.777s] [01m[K/home/shruthir/CSE180FinalProject/src/finalProject/src/nav.hpp:20:43:[m[K [01;31m[Kerror: [m[K#include nested depth 200 exceeds maximum of 200 (use -fmax-include-depth=DEPTH to increase the maximum)
[0.777s]    20 | #include <action_msgs/srv/cancel_goal.hpp>
[0.777s]       |                                           [01;31m[K^[m[K
[0.777s] [01m[K/home/shruthir/CSE180FinalProject/src/finalProject/src/nav.hpp:21:18:[m[K [01;31m[Kerror: [m[K#include nested depth 200 exceeds maximum of 200 (use -fmax-include-depth=DEPTH to increase the maximum)
[0.777s]    21 | #include <chrono>
[0.777s]       |                  [01;31m[K^[m[K
[0.777s] [01m[K/home/shruthir/CSE180FinalProject/src/finalProject/src/nav.hpp:19:10:[m[K [01;31m[Kfatal error: [m[Klifecycle_msgs/srv/get_state.hpp: No such file or directory
[0.778s]    19 | #include [01;31m[K<lifecycle_msgs/srv/get_state.hpp>[m[K
[0.778s]       |          [01;31m[K^~~~~~~~~~~~~~~~~~~~~~~~~~~~~~~~~~[m[K
[0.778s] compilation terminated.
[0.778s] gmake[2]: *** [CMakeFiles/navigation_node.dir/build.make:76: CMakeFiles/navigation_node.dir/src/navigation.cpp.o] Error 1
[0.778s] gmake[1]: *** [CMakeFiles/Makefile2:141: CMakeFiles/navigation_node.dir/all] Error 2
[0.778s] gmake: *** [Makefile:146: all] Error 2
[0.778s] Invoked command in '/home/shruthir/CSE180FinalProject/build/finalProject' returned '2': CMAKE_PREFIX_PATH=${CMAKE_PREFIX_PATH}:/opt/ros/jazzy DEBUGINFOD_URLS=https://debuginfod.ubuntu.com /usr/bin/cmake --build /home/shruthir/CSE180FinalProject/build/finalProject -- -j12 -l12
