[0.054s] Invoking command in '/home/shruthir/CSE180FinalProject/build/finder_program': CMAKE_PREFIX_PATH=/opt/ros/jazzy DEBUGINFOD_URLS=https://debuginfod.ubuntu.com /usr/bin/cmake /home/shruthir/CSE180FinalProject/src/finder_program -DCMAKE_INSTALL_PREFIX=/home/shruthir/CSE180FinalProject/install/finder_program
[1.290s] -- The C compiler identification is GNU 13.3.0
[4.439s] -- The CXX compiler identification is GNU 13.3.0
[5.943s] -- Detecting C compiler ABI info
[7.102s] -- Detecting C compiler ABI info - done
[7.119s] -- Check for working C compiler: /usr/bin/cc - skipped
[7.121s] -- Detecting C compile features
[7.123s] -- Detecting C compile features - done
[7.805s] -- Detecting CXX compiler ABI info
[9.838s] -- Detecting CXX compiler ABI info - done
[9.850s] -- Check for working CXX compiler: /usr/bin/c++ - skipped
[9.851s] -- Detecting CXX compile features
[9.852s] -- Detecting CXX compile features - done
[9.916s] -- Found ament_cmake: 2.5.4 (/opt/ros/jazzy/share/ament_cmake/cmake)
[11.576s] -- Found Python3: /usr/bin/python3 (found version "3.12.3") found components: Interpreter 
[11.975s] -- Found rclcpp: 28.1.11 (/opt/ros/jazzy/share/rclcpp/cmake)
[12.476s] -- Found rosidl_generator_c: 4.6.6 (/opt/ros/jazzy/share/rosidl_generator_c/cmake)
[12.521s] -- Found rosidl_generator_cpp: 4.6.6 (/opt/ros/jazzy/share/rosidl_generator_cpp/cmake)
[12.601s] -- Using all available rosidl_typesupport_c: rosidl_typesupport_fastrtps_c;rosidl_typesupport_introspection_c
[12.665s] -- Using all available rosidl_typesupport_cpp: rosidl_typesupport_fastrtps_cpp;rosidl_typesupport_introspection_cpp
[12.944s] -- Found rmw_implementation_cmake: 7.3.2 (/opt/ros/jazzy/share/rmw_implementation_cmake/cmake)
[12.958s] -- Found rmw_fastrtps_cpp: 8.4.3 (/opt/ros/jazzy/share/rmw_fastrtps_cpp/cmake)
[13.375s] -- Found OpenSSL: /usr/lib/x86_64-linux-gnu/libcrypto.so (found version "3.0.13")  
[14.151s] -- Found FastRTPS: /opt/ros/jazzy/include (Required is at least version "2.13") 
[14.719s] -- Using RMW implementation 'rmw_fastrtps_cpp' as default
[15.680s] -- Found sensor_msgs: 5.3.6 (/opt/ros/jazzy/share/sensor_msgs/cmake)
[15.940s] -- Found nav_msgs: 5.3.6 (/opt/ros/jazzy/share/nav_msgs/cmake)
[16.030s] -- Found ament_lint_auto: 0.17.3 (/opt/ros/jazzy/share/ament_lint_auto/cmake)
[17.449s] -- Added test 'cppcheck' to perform static code analysis on C / C++ code
[17.543s] -- Configured cppcheck include dirs: 
[17.544s] -- Configured cppcheck exclude dirs and/or files: 
[17.572s] -- Added test 'lint_cmake' to check CMake code style
[17.725s] -- Added test 'uncrustify' to check C / C++ code style
[17.728s] -- Configured uncrustify additional arguments: 
[17.748s] -- Added test 'xmllint' to check XML markup files
[17.797s] -- Configuring done (17.5s)
[17.929s] -- Generating done (0.1s)
[17.988s] -- Build files have been written to: /home/shruthir/CSE180FinalProject/build/finder_program
[18.903s] Invoked command in '/home/shruthir/CSE180FinalProject/build/finder_program' returned '0': CMAKE_PREFIX_PATH=/opt/ros/jazzy DEBUGINFOD_URLS=https://debuginfod.ubuntu.com /usr/bin/cmake /home/shruthir/CSE180FinalProject/src/finder_program -DCMAKE_INSTALL_PREFIX=/home/shruthir/CSE180FinalProject/install/finder_program
[18.992s] Invoking command in '/home/shruthir/CSE180FinalProject/build/finder_program': CMAKE_PREFIX_PATH=/opt/ros/jazzy DEBUGINFOD_URLS=https://debuginfod.ubuntu.com /usr/bin/cmake --build /home/shruthir/CSE180FinalProject/build/finder_program -- -j12 -l12
[19.456s] Invoked command in '/home/shruthir/CSE180FinalProject/build/finder_program' returned '0': CMAKE_PREFIX_PATH=/opt/ros/jazzy DEBUGINFOD_URLS=https://debuginfod.ubuntu.com /usr/bin/cmake --build /home/shruthir/CSE180FinalProject/build/finder_program -- -j12 -l12
[19.503s] Invoking command in '/home/shruthir/CSE180FinalProject/build/finder_program': CMAKE_PREFIX_PATH=/opt/ros/jazzy DEBUGINFOD_URLS=https://debuginfod.ubuntu.com /usr/bin/cmake --install /home/shruthir/CSE180FinalProject/build/finder_program
[19.536s] -- Install configuration: ""
[19.539s] -- Installing: /home/shruthir/CSE180FinalProject/install/finder_program/share/ament_index/resource_index/package_run_dependencies/finder_program
[19.540s] -- Installing: /home/shruthir/CSE180FinalProject/install/finder_program/share/ament_index/resource_index/parent_prefix_path/finder_program
[19.542s] -- Installing: /home/shruthir/CSE180FinalProject/install/finder_program/share/finder_program/environment/ament_prefix_path.sh
[19.543s] -- Installing: /home/shruthir/CSE180FinalProject/install/finder_program/share/finder_program/environment/ament_prefix_path.dsv
[19.544s] -- Installing: /home/shruthir/CSE180FinalProject/install/finder_program/share/finder_program/environment/path.sh
[19.545s] -- Installing: /home/shruthir/CSE180FinalProject/install/finder_program/share/finder_program/environment/path.dsv
[19.545s] -- Installing: /home/shruthir/CSE180FinalProject/install/finder_program/share/finder_program/local_setup.bash
[19.546s] -- Installing: /home/shruthir/CSE180FinalProject/install/finder_program/share/finder_program/local_setup.sh
[19.547s] -- Installing: /home/shruthir/CSE180FinalProject/install/finder_program/share/finder_program/local_setup.zsh
[19.549s] -- Installing: /home/shruthir/CSE180FinalProject/install/finder_program/share/finder_program/local_setup.dsv
[19.551s] -- Installing: /home/shruthir/CSE180FinalProject/install/finder_program/share/finder_program/package.dsv
[19.553s] -- Installing: /home/shruthir/CSE180FinalProject/install/finder_program/share/ament_index/resource_index/packages/finder_program
[19.555s] -- Installing: /home/shruthir/CSE180FinalProject/install/finder_program/share/finder_program/cmake/finder_programConfig.cmake
[19.555s] -- Installing: /home/shruthir/CSE180FinalProject/install/finder_program/share/finder_program/cmake/finder_programConfig-version.cmake
[19.556s] -- Installing: /home/shruthir/CSE180FinalProject/install/finder_program/share/finder_program/package.xml
[19.579s] Invoked command in '/home/shruthir/CSE180FinalProject/build/finder_program' returned '0': CMAKE_PREFIX_PATH=/opt/ros/jazzy DEBUGINFOD_URLS=https://debuginfod.ubuntu.com /usr/bin/cmake --install /home/shruthir/CSE180FinalProject/build/finder_program
