[0.561s] DEBUG:colcon:Command line arguments: ['/usr/bin/colcon', 'build']
[0.562s] DEBUG:colcon:Parsed command line arguments: Namespace(log_base=None, log_level=None, verb_name='build', build_base='build', install_base='install', merge_install=False, symlink_install=False, test_result_base=None, continue_on_error=False, executor='parallel', parallel_workers=12, event_handlers=None, ignore_user_meta=False, metas=['./colcon.meta'], base_paths=['.'], packages_ignore=None, packages_ignore_regex=None, paths=None, packages_up_to=None, packages_up_to_regex=None, packages_above=None, packages_above_and_dependencies=None, packages_above_depth=None, packages_select_by_dep=None, packages_skip_by_dep=None, packages_skip_up_to=None, packages_select_build_failed=False, packages_skip_build_finished=False, packages_select_test_failures=False, packages_skip_test_passed=False, packages_select=None, packages_skip=None, packages_select_regex=None, packages_skip_regex=None, packages_start=None, packages_end=None, cmake_args=None, cmake_target=None, cmake_target_skip_unavailable=False, cmake_clean_cache=False, cmake_clean_first=False, cmake_force_configure=False, ament_cmake_args=None, catkin_cmake_args=None, catkin_skip_building_tests=False, verb_parser=<colcon_defaults.argument_parser.defaults.DefaultArgumentsDecorator object at 0x7f18513ac200>, verb_extension=<colcon_core.verb.build.BuildVerb object at 0x7f1851500d70>, main=<bound method BuildVerb.main of <colcon_core.verb.build.BuildVerb object at 0x7f1851500d70>>)
[0.776s] Level 1:colcon.colcon_core.package_discovery:discover_packages(colcon_meta) check parameters
[0.777s] Level 1:colcon.colcon_core.package_discovery:discover_packages(recursive) check parameters
[0.777s] Level 1:colcon.colcon_core.package_discovery:discover_packages(ignore) check parameters
[0.777s] Level 1:colcon.colcon_core.package_discovery:discover_packages(path) check parameters
[0.777s] Level 1:colcon.colcon_core.package_discovery:discover_packages(colcon_meta) discover
[0.777s] Level 1:colcon.colcon_core.package_discovery:discover_packages(recursive) discover
[0.778s] INFO:colcon.colcon_core.package_discovery:Crawling recursively for packages in '/home/shruthir/CSE180FinalProject/src'
[0.778s] Level 1:colcon.colcon_core.package_identification:_identify(.) by extensions ['ignore', 'ignore_ament_install']
[0.778s] Level 1:colcon.colcon_core.package_identification:_identify(.) by extension 'ignore'
[0.778s] Level 1:colcon.colcon_core.package_identification:_identify(.) by extension 'ignore_ament_install'
[0.779s] Level 1:colcon.colcon_core.package_identification:_identify(.) by extensions ['colcon_pkg']
[0.779s] Level 1:colcon.colcon_core.package_identification:_identify(.) by extension 'colcon_pkg'
[0.779s] Level 1:colcon.colcon_core.package_identification:_identify(.) by extensions ['colcon_meta']
[0.779s] Level 1:colcon.colcon_core.package_identification:_identify(.) by extension 'colcon_meta'
[0.779s] Level 1:colcon.colcon_core.package_identification:_identify(.) by extensions ['ros']
[0.779s] Level 1:colcon.colcon_core.package_identification:_identify(.) by extension 'ros'
[1.066s] Level 1:colcon.colcon_core.package_identification:_identify(.) by extensions ['cmake', 'python']
[1.066s] Level 1:colcon.colcon_core.package_identification:_identify(.) by extension 'cmake'
[1.067s] Level 1:colcon.colcon_core.package_identification:_identify(.) by extension 'python'
[1.067s] Level 1:colcon.colcon_core.package_identification:_identify(.) by extensions ['python_setup_py']
[1.068s] Level 1:colcon.colcon_core.package_identification:_identify(.) by extension 'python_setup_py'
[1.069s] Level 1:colcon.colcon_core.package_identification:_identify(build) by extensions ['ignore', 'ignore_ament_install']
[1.070s] Level 1:colcon.colcon_core.package_identification:_identify(build) by extension 'ignore'
[1.070s] Level 1:colcon.colcon_core.package_identification:_identify(build) ignored
[1.073s] Level 1:colcon.colcon_core.package_identification:_identify(finalProject) by extensions ['ignore', 'ignore_ament_install']
[1.074s] Level 1:colcon.colcon_core.package_identification:_identify(finalProject) by extension 'ignore'
[1.075s] Level 1:colcon.colcon_core.package_identification:_identify(finalProject) by extension 'ignore_ament_install'
[1.075s] Level 1:colcon.colcon_core.package_identification:_identify(finalProject) by extensions ['colcon_pkg']
[1.075s] Level 1:colcon.colcon_core.package_identification:_identify(finalProject) by extension 'colcon_pkg'
[1.076s] Level 1:colcon.colcon_core.package_identification:_identify(finalProject) by extensions ['colcon_meta']
[1.076s] Level 1:colcon.colcon_core.package_identification:_identify(finalProject) by extension 'colcon_meta'
[1.076s] Level 1:colcon.colcon_core.package_identification:_identify(finalProject) by extensions ['ros']
[1.076s] Level 1:colcon.colcon_core.package_identification:_identify(finalProject) by extension 'ros'
[1.130s] DEBUG:colcon.colcon_core.package_identification:Package 'finalProject' with type 'ros.ament_cmake' and name 'finalProject'
[1.131s] Level 1:colcon.colcon_core.package_identification:_identify(install) by extensions ['ignore', 'ignore_ament_install']
[1.132s] Level 1:colcon.colcon_core.package_identification:_identify(install) by extension 'ignore'
[1.141s] Level 1:colcon.colcon_core.package_identification:_identify(install) ignored
[1.141s] Level 1:colcon.colcon_core.package_identification:_identify(log) by extensions ['ignore', 'ignore_ament_install']
[1.142s] Level 1:colcon.colcon_core.package_identification:_identify(log) by extension 'ignore'
[1.142s] Level 1:colcon.colcon_core.package_identification:_identify(log) ignored
[1.142s] Level 1:colcon.colcon_core.package_discovery:discover_packages(recursive) using defaults
[1.143s] Level 1:colcon.colcon_core.package_discovery:discover_packages(ignore) discover
[1.143s] Level 1:colcon.colcon_core.package_discovery:discover_packages(ignore) using defaults
[1.143s] Level 1:colcon.colcon_core.package_discovery:discover_packages(path) discover
[1.143s] Level 1:colcon.colcon_core.package_discovery:discover_packages(path) using defaults
[1.309s] Level 5:colcon.colcon_core.verb:set package 'finalProject' build argument 'cmake_args' from command line to 'None'
[1.309s] Level 5:colcon.colcon_core.verb:set package 'finalProject' build argument 'cmake_target' from command line to 'None'
[1.310s] Level 5:colcon.colcon_core.verb:set package 'finalProject' build argument 'cmake_target_skip_unavailable' from command line to 'False'
[1.310s] Level 5:colcon.colcon_core.verb:set package 'finalProject' build argument 'cmake_clean_cache' from command line to 'False'
[1.310s] Level 5:colcon.colcon_core.verb:set package 'finalProject' build argument 'cmake_clean_first' from command line to 'False'
[1.310s] Level 5:colcon.colcon_core.verb:set package 'finalProject' build argument 'cmake_force_configure' from command line to 'False'
[1.310s] Level 5:colcon.colcon_core.verb:set package 'finalProject' build argument 'ament_cmake_args' from command line to 'None'
[1.310s] Level 5:colcon.colcon_core.verb:set package 'finalProject' build argument 'catkin_cmake_args' from command line to 'None'
[1.310s] Level 5:colcon.colcon_core.verb:set package 'finalProject' build argument 'catkin_skip_building_tests' from command line to 'False'
[1.310s] DEBUG:colcon.colcon_core.verb:Building package 'finalProject' with the following arguments: {'ament_cmake_args': None, 'build_base': '/home/shruthir/CSE180FinalProject/src/build/finalProject', 'catkin_cmake_args': None, 'catkin_skip_building_tests': False, 'cmake_args': None, 'cmake_clean_cache': False, 'cmake_clean_first': False, 'cmake_force_configure': False, 'cmake_target': None, 'cmake_target_skip_unavailable': False, 'install_base': '/home/shruthir/CSE180FinalProject/src/install/finalProject', 'merge_install': False, 'path': '/home/shruthir/CSE180FinalProject/src/finalProject', 'symlink_install': False, 'test_result_base': None}
[1.311s] INFO:colcon.colcon_core.executor:Executing jobs using 'parallel' executor
[1.327s] DEBUG:colcon.colcon_parallel_executor.executor.parallel:run_until_complete
[1.328s] INFO:colcon.colcon_ros.task.ament_cmake.build:Building ROS package in '/home/shruthir/CSE180FinalProject/src/finalProject' with build type 'ament_cmake'
[1.329s] INFO:colcon.colcon_cmake.task.cmake.build:Building CMake package in '/home/shruthir/CSE180FinalProject/src/finalProject'
[1.349s] INFO:colcon.colcon_core.plugin_system:Skipping extension 'colcon_core.shell.bat': Not used on non-Windows systems
[1.350s] DEBUG:colcon.colcon_core.shell:Skip shell extension 'dsv' for command environment
[1.438s] DEBUG:colcon.colcon_core.event_handler.log_command:Invoking command in '/home/shruthir/CSE180FinalProject/src/build/finalProject': CMAKE_PREFIX_PATH=${CMAKE_PREFIX_PATH}:/opt/ros/jazzy DEBUGINFOD_URLS=https://debuginfod.ubuntu.com /usr/bin/cmake /home/shruthir/CSE180FinalProject/src/finalProject -DCMAKE_INSTALL_PREFIX=/home/shruthir/CSE180FinalProject/src/install/finalProject
[16.013s] DEBUG:colcon.colcon_core.event_handler.log_command:Invoked command in '/home/shruthir/CSE180FinalProject/src/build/finalProject' returned '0': CMAKE_PREFIX_PATH=${CMAKE_PREFIX_PATH}:/opt/ros/jazzy DEBUGINFOD_URLS=https://debuginfod.ubuntu.com /usr/bin/cmake /home/shruthir/CSE180FinalProject/src/finalProject -DCMAKE_INSTALL_PREFIX=/home/shruthir/CSE180FinalProject/src/install/finalProject
[16.014s] DEBUG:colcon.colcon_core.event_handler.log_command:Invoking command in '/home/shruthir/CSE180FinalProject/src/build/finalProject': CMAKE_PREFIX_PATH=${CMAKE_PREFIX_PATH}:/opt/ros/jazzy DEBUGINFOD_URLS=https://debuginfod.ubuntu.com /usr/bin/cmake --build /home/shruthir/CSE180FinalProject/src/build/finalProject -- -j12 -l12
[95.182s] DEBUG:colcon.colcon_core.event_handler.log_command:Invoked command in '/home/shruthir/CSE180FinalProject/src/build/finalProject' returned '0': CMAKE_PREFIX_PATH=${CMAKE_PREFIX_PATH}:/opt/ros/jazzy DEBUGINFOD_URLS=https://debuginfod.ubuntu.com /usr/bin/cmake --build /home/shruthir/CSE180FinalProject/src/build/finalProject -- -j12 -l12
[95.227s] DEBUG:colcon.colcon_core.event_handler.log_command:Invoking command in '/home/shruthir/CSE180FinalProject/src/build/finalProject': CMAKE_PREFIX_PATH=${CMAKE_PREFIX_PATH}:/opt/ros/jazzy DEBUGINFOD_URLS=https://debuginfod.ubuntu.com /usr/bin/cmake --install /home/shruthir/CSE180FinalProject/src/build/finalProject
[95.666s] Level 1:colcon.colcon_core.environment:create_environment_scripts_only(finalProject)
[95.677s] Level 1:colcon.colcon_core.environment:checking '/home/shruthir/CSE180FinalProject/src/install/finalProject' for CMake module files
[95.678s] Level 1:colcon.colcon_core.environment:checking '/home/shruthir/CSE180FinalProject/src/install/finalProject' for CMake config files
[95.679s] Level 1:colcon.colcon_core.shell:create_environment_hook('finalProject', 'cmake_prefix_path')
[95.679s] INFO:colcon.colcon_core.shell:Creating environment descriptor '/home/shruthir/CSE180FinalProject/src/install/finalProject/share/finalProject/hook/cmake_prefix_path.dsv'
[95.682s] INFO:colcon.colcon_core.shell:Creating environment hook '/home/shruthir/CSE180FinalProject/src/install/finalProject/share/finalProject/hook/cmake_prefix_path.sh'
[95.684s] DEBUG:colcon.colcon_core.event_handler.log_command:Invoked command in '/home/shruthir/CSE180FinalProject/src/build/finalProject' returned '0': CMAKE_PREFIX_PATH=${CMAKE_PREFIX_PATH}:/opt/ros/jazzy DEBUGINFOD_URLS=https://debuginfod.ubuntu.com /usr/bin/cmake --install /home/shruthir/CSE180FinalProject/src/build/finalProject
[95.689s] Level 1:colcon.colcon_core.environment:checking '/home/shruthir/CSE180FinalProject/src/install/finalProject/lib'
[95.690s] Level 1:colcon.colcon_core.environment:checking '/home/shruthir/CSE180FinalProject/src/install/finalProject/bin'
[95.690s] Level 1:colcon.colcon_core.environment:checking '/home/shruthir/CSE180FinalProject/src/install/finalProject/lib/pkgconfig/finalProject.pc'
[95.695s] Level 1:colcon.colcon_core.environment:checking '/home/shruthir/CSE180FinalProject/src/install/finalProject/lib/python3.12/site-packages'
[95.695s] Level 1:colcon.colcon_core.environment:checking '/home/shruthir/CSE180FinalProject/src/install/finalProject/bin'
[95.696s] INFO:colcon.colcon_core.shell:Creating package descriptor '/home/shruthir/CSE180FinalProject/src/install/finalProject/share/finalProject/package.dsv'
[95.698s] INFO:colcon.colcon_core.shell:Creating package script '/home/shruthir/CSE180FinalProject/src/install/finalProject/share/finalProject/package.sh'
[95.701s] INFO:colcon.colcon_core.shell:Creating package script '/home/shruthir/CSE180FinalProject/src/install/finalProject/share/finalProject/package.bash'
[95.705s] INFO:colcon.colcon_core.shell:Creating package script '/home/shruthir/CSE180FinalProject/src/install/finalProject/share/finalProject/package.zsh'
[95.707s] Level 1:colcon.colcon_core.environment:create_file_with_runtime_dependencies(/home/shruthir/CSE180FinalProject/src/install/finalProject/share/colcon-core/packages/finalProject)
[95.709s] Level 1:colcon.colcon_core.environment:create_environment_scripts_only(finalProject)
[95.710s] Level 1:colcon.colcon_core.environment:checking '/home/shruthir/CSE180FinalProject/src/install/finalProject' for CMake module files
[95.711s] Level 1:colcon.colcon_core.environment:checking '/home/shruthir/CSE180FinalProject/src/install/finalProject' for CMake config files
[95.711s] Level 1:colcon.colcon_core.shell:create_environment_hook('finalProject', 'cmake_prefix_path')
[95.712s] INFO:colcon.colcon_core.shell:Creating environment descriptor '/home/shruthir/CSE180FinalProject/src/install/finalProject/share/finalProject/hook/cmake_prefix_path.dsv'
[95.713s] INFO:colcon.colcon_core.shell:Creating environment hook '/home/shruthir/CSE180FinalProject/src/install/finalProject/share/finalProject/hook/cmake_prefix_path.sh'
[95.714s] Level 1:colcon.colcon_core.environment:checking '/home/shruthir/CSE180FinalProject/src/install/finalProject/lib'
[95.715s] Level 1:colcon.colcon_core.environment:checking '/home/shruthir/CSE180FinalProject/src/install/finalProject/bin'
[95.715s] Level 1:colcon.colcon_core.environment:checking '/home/shruthir/CSE180FinalProject/src/install/finalProject/lib/pkgconfig/finalProject.pc'
[95.715s] Level 1:colcon.colcon_core.environment:checking '/home/shruthir/CSE180FinalProject/src/install/finalProject/lib/python3.12/site-packages'
[95.716s] Level 1:colcon.colcon_core.environment:checking '/home/shruthir/CSE180FinalProject/src/install/finalProject/bin'
[95.716s] INFO:colcon.colcon_core.shell:Creating package descriptor '/home/shruthir/CSE180FinalProject/src/install/finalProject/share/finalProject/package.dsv'
[95.718s] INFO:colcon.colcon_core.shell:Creating package script '/home/shruthir/CSE180FinalProject/src/install/finalProject/share/finalProject/package.sh'
[95.719s] INFO:colcon.colcon_core.shell:Creating package script '/home/shruthir/CSE180FinalProject/src/install/finalProject/share/finalProject/package.bash'
[95.720s] INFO:colcon.colcon_core.shell:Creating package script '/home/shruthir/CSE180FinalProject/src/install/finalProject/share/finalProject/package.zsh'
[95.721s] Level 1:colcon.colcon_core.environment:create_file_with_runtime_dependencies(/home/shruthir/CSE180FinalProject/src/install/finalProject/share/colcon-core/packages/finalProject)
[95.722s] DEBUG:colcon.colcon_parallel_executor.executor.parallel:closing loop
[95.723s] DEBUG:colcon.colcon_parallel_executor.executor.parallel:loop closed
[95.723s] DEBUG:colcon.colcon_parallel_executor.executor.parallel:run_until_complete finished with '0'
[95.724s] DEBUG:colcon.colcon_core.event_reactor:joining thread
[95.955s] INFO:colcon.colcon_core.plugin_system:Skipping extension 'colcon_notification.desktop_notification.notify_send': Could not find 'notify-send'
[95.955s] INFO:colcon.colcon_core.plugin_system:Skipping extension 'colcon_notification.desktop_notification.terminal_notifier': Not used on non-Darwin systems
[95.956s] INFO:colcon.colcon_core.plugin_system:Skipping extension 'colcon_notification.desktop_notification.win32': Not used on non-Windows systems
[95.956s] INFO:colcon.colcon_notification.desktop_notification:Sending desktop notification using 'notify2'
[95.974s] DEBUG:colcon.colcon_notification.desktop_notification.notify2:Failed to initialize notify2: org.freedesktop.DBus.Error.ServiceUnknown: The name org.freedesktop.Notifications was not provided by any .service files
[95.975s] DEBUG:colcon.colcon_core.event_reactor:joined thread
[95.975s] INFO:colcon.colcon_core.shell:Creating prefix script '/home/shruthir/CSE180FinalProject/src/install/local_setup.sh'
[95.978s] INFO:colcon.colcon_core.shell:Creating prefix util module '/home/shruthir/CSE180FinalProject/src/install/_local_setup_util_sh.py'
[95.983s] INFO:colcon.colcon_core.shell:Creating prefix chain script '/home/shruthir/CSE180FinalProject/src/install/setup.sh'
[95.987s] INFO:colcon.colcon_core.shell:Creating prefix script '/home/shruthir/CSE180FinalProject/src/install/local_setup.bash'
[95.990s] INFO:colcon.colcon_core.shell:Creating prefix chain script '/home/shruthir/CSE180FinalProject/src/install/setup.bash'
[95.994s] INFO:colcon.colcon_core.shell:Creating prefix script '/home/shruthir/CSE180FinalProject/src/install/local_setup.zsh'
[95.996s] INFO:colcon.colcon_core.shell:Creating prefix chain script '/home/shruthir/CSE180FinalProject/src/install/setup.zsh'
