[0.281s] DEBUG:colcon:Command line arguments: ['/usr/bin/colcon', 'build']
[0.281s] DEBUG:colcon:Parsed command line arguments: Namespace(log_base=None, log_level=None, verb_name='build', build_base='build', install_base='install', merge_install=False, symlink_install=False, test_result_base=None, continue_on_error=False, executor='parallel', parallel_workers=12, event_handlers=None, ignore_user_meta=False, metas=['./colcon.meta'], base_paths=['.'], packages_ignore=None, packages_ignore_regex=None, paths=None, packages_up_to=None, packages_up_to_regex=None, packages_above=None, packages_above_and_dependencies=None, packages_above_depth=None, packages_select_by_dep=None, packages_skip_by_dep=None, packages_skip_up_to=None, packages_select_build_failed=False, packages_skip_build_finished=False, packages_select_test_failures=False, packages_skip_test_passed=False, packages_select=None, packages_skip=None, packages_select_regex=None, packages_skip_regex=None, packages_start=None, packages_end=None, cmake_args=None, cmake_target=None, cmake_target_skip_unavailable=False, cmake_clean_cache=False, cmake_clean_first=False, cmake_force_configure=False, ament_cmake_args=None, catkin_cmake_args=None, catkin_skip_building_tests=False, verb_parser=<colcon_defaults.argument_parser.defaults.DefaultArgumentsDecorator object at 0x7fe214747da0>, verb_extension=<colcon_core.verb.build.BuildVerb object at 0x7fe214694890>, main=<bound method BuildVerb.main of <colcon_core.verb.build.BuildVerb object at 0x7fe214694890>>)
[0.339s] Level 1:colcon.colcon_core.package_discovery:discover_packages(colcon_meta) check parameters
[0.340s] Level 1:colcon.colcon_core.package_discovery:discover_packages(recursive) check parameters
[0.340s] Level 1:colcon.colcon_core.package_discovery:discover_packages(ignore) check parameters
[0.340s] Level 1:colcon.colcon_core.package_discovery:discover_packages(path) check parameters
[0.340s] Level 1:colcon.colcon_core.package_discovery:discover_packages(colcon_meta) discover
[0.340s] Level 1:colcon.colcon_core.package_discovery:discover_packages(recursive) discover
[0.340s] INFO:colcon.colcon_core.package_discovery:Crawling recursively for packages in '/home/shruthir/CSE180FinalProject/src'
[0.340s] Level 1:colcon.colcon_core.package_identification:_identify(.) by extensions ['ignore', 'ignore_ament_install']
[0.340s] Level 1:colcon.colcon_core.package_identification:_identify(.) by extension 'ignore'
[0.341s] Level 1:colcon.colcon_core.package_identification:_identify(.) by extension 'ignore_ament_install'
[0.341s] Level 1:colcon.colcon_core.package_identification:_identify(.) by extensions ['colcon_pkg']
[0.341s] Level 1:colcon.colcon_core.package_identification:_identify(.) by extension 'colcon_pkg'
[0.341s] Level 1:colcon.colcon_core.package_identification:_identify(.) by extensions ['colcon_meta']
[0.341s] Level 1:colcon.colcon_core.package_identification:_identify(.) by extension 'colcon_meta'
[0.341s] Level 1:colcon.colcon_core.package_identification:_identify(.) by extensions ['ros']
[0.341s] Level 1:colcon.colcon_core.package_identification:_identify(.) by extension 'ros'
[0.394s] Level 1:colcon.colcon_core.package_identification:_identify(.) by extensions ['cmake', 'python']
[0.394s] Level 1:colcon.colcon_core.package_identification:_identify(.) by extension 'cmake'
[0.395s] Level 1:colcon.colcon_core.package_identification:_identify(.) by extension 'python'
[0.395s] Level 1:colcon.colcon_core.package_identification:_identify(.) by extensions ['python_setup_py']
[0.395s] Level 1:colcon.colcon_core.package_identification:_identify(.) by extension 'python_setup_py'
[0.395s] Level 1:colcon.colcon_core.package_identification:_identify(build) by extensions ['ignore', 'ignore_ament_install']
[0.395s] Level 1:colcon.colcon_core.package_identification:_identify(build) by extension 'ignore'
[0.395s] Level 1:colcon.colcon_core.package_identification:_identify(build) ignored
[0.395s] Level 1:colcon.colcon_core.package_identification:_identify(finalProject) by extensions ['ignore', 'ignore_ament_install']
[0.395s] Level 1:colcon.colcon_core.package_identification:_identify(finalProject) by extension 'ignore'
[0.395s] Level 1:colcon.colcon_core.package_identification:_identify(finalProject) by extension 'ignore_ament_install'
[0.396s] Level 1:colcon.colcon_core.package_identification:_identify(finalProject) by extensions ['colcon_pkg']
[0.396s] Level 1:colcon.colcon_core.package_identification:_identify(finalProject) by extension 'colcon_pkg'
[0.396s] Level 1:colcon.colcon_core.package_identification:_identify(finalProject) by extensions ['colcon_meta']
[0.396s] Level 1:colcon.colcon_core.package_identification:_identify(finalProject) by extension 'colcon_meta'
[0.396s] Level 1:colcon.colcon_core.package_identification:_identify(finalProject) by extensions ['ros']
[0.396s] Level 1:colcon.colcon_core.package_identification:_identify(finalProject) by extension 'ros'
[0.400s] DEBUG:colcon.colcon_core.package_identification:Package 'finalProject' with type 'ros.ament_cmake' and name 'finalProject'
[0.400s] Level 1:colcon.colcon_core.package_identification:_identify(install) by extensions ['ignore', 'ignore_ament_install']
[0.400s] Level 1:colcon.colcon_core.package_identification:_identify(install) by extension 'ignore'
[0.400s] Level 1:colcon.colcon_core.package_identification:_identify(install) ignored
[0.400s] Level 1:colcon.colcon_core.package_identification:_identify(log) by extensions ['ignore', 'ignore_ament_install']
[0.401s] Level 1:colcon.colcon_core.package_identification:_identify(log) by extension 'ignore'
[0.401s] Level 1:colcon.colcon_core.package_identification:_identify(log) ignored
[0.401s] Level 1:colcon.colcon_core.package_discovery:discover_packages(recursive) using defaults
[0.401s] Level 1:colcon.colcon_core.package_discovery:discover_packages(ignore) discover
[0.401s] Level 1:colcon.colcon_core.package_discovery:discover_packages(ignore) using defaults
[0.401s] Level 1:colcon.colcon_core.package_discovery:discover_packages(path) discover
[0.401s] Level 1:colcon.colcon_core.package_discovery:discover_packages(path) using defaults
[0.438s] Level 5:colcon.colcon_core.verb:set package 'finalProject' build argument 'cmake_args' from command line to 'None'
[0.439s] Level 5:colcon.colcon_core.verb:set package 'finalProject' build argument 'cmake_target' from command line to 'None'
[0.439s] Level 5:colcon.colcon_core.verb:set package 'finalProject' build argument 'cmake_target_skip_unavailable' from command line to 'False'
[0.439s] Level 5:colcon.colcon_core.verb:set package 'finalProject' build argument 'cmake_clean_cache' from command line to 'False'
[0.439s] Level 5:colcon.colcon_core.verb:set package 'finalProject' build argument 'cmake_clean_first' from command line to 'False'
[0.440s] Level 5:colcon.colcon_core.verb:set package 'finalProject' build argument 'cmake_force_configure' from command line to 'False'
[0.440s] Level 5:colcon.colcon_core.verb:set package 'finalProject' build argument 'ament_cmake_args' from command line to 'None'
[0.440s] Level 5:colcon.colcon_core.verb:set package 'finalProject' build argument 'catkin_cmake_args' from command line to 'None'
[0.440s] Level 5:colcon.colcon_core.verb:set package 'finalProject' build argument 'catkin_skip_building_tests' from command line to 'False'
[0.440s] DEBUG:colcon.colcon_core.verb:Building package 'finalProject' with the following arguments: {'ament_cmake_args': None, 'build_base': '/home/shruthir/CSE180FinalProject/src/build/finalProject', 'catkin_cmake_args': None, 'catkin_skip_building_tests': False, 'cmake_args': None, 'cmake_clean_cache': False, 'cmake_clean_first': False, 'cmake_force_configure': False, 'cmake_target': None, 'cmake_target_skip_unavailable': False, 'install_base': '/home/shruthir/CSE180FinalProject/src/install/finalProject', 'merge_install': False, 'path': '/home/shruthir/CSE180FinalProject/src/finalProject', 'symlink_install': False, 'test_result_base': None}
[0.440s] INFO:colcon.colcon_core.executor:Executing jobs using 'parallel' executor
[0.442s] DEBUG:colcon.colcon_parallel_executor.executor.parallel:run_until_complete
[0.443s] INFO:colcon.colcon_ros.task.ament_cmake.build:Building ROS package in '/home/shruthir/CSE180FinalProject/src/finalProject' with build type 'ament_cmake'
[0.443s] INFO:colcon.colcon_cmake.task.cmake.build:Building CMake package in '/home/shruthir/CSE180FinalProject/src/finalProject'
[0.447s] INFO:colcon.colcon_core.plugin_system:Skipping extension 'colcon_core.shell.bat': Not used on non-Windows systems
[0.447s] DEBUG:colcon.colcon_core.shell:Skip shell extension 'dsv' for command environment
[0.470s] DEBUG:colcon.colcon_core.event_handler.log_command:Invoking command in '/home/shruthir/CSE180FinalProject/src/build/finalProject': CMAKE_PREFIX_PATH=${CMAKE_PREFIX_PATH}:/opt/ros/jazzy DEBUGINFOD_URLS=https://debuginfod.ubuntu.com /usr/bin/cmake --build /home/shruthir/CSE180FinalProject/src/build/finalProject -- -j12 -l12
[2.676s] DEBUG:colcon.colcon_core.event_handler.log_command:Invoked command in '/home/shruthir/CSE180FinalProject/src/build/finalProject' returned '2': CMAKE_PREFIX_PATH=${CMAKE_PREFIX_PATH}:/opt/ros/jazzy DEBUGINFOD_URLS=https://debuginfod.ubuntu.com /usr/bin/cmake --build /home/shruthir/CSE180FinalProject/src/build/finalProject -- -j12 -l12
[2.680s] Level 1:colcon.colcon_core.environment:create_environment_scripts_only(finalProject)
[2.685s] Level 1:colcon.colcon_core.environment:checking '/home/shruthir/CSE180FinalProject/src/install/finalProject' for CMake module files
[2.687s] Level 1:colcon.colcon_core.environment:checking '/home/shruthir/CSE180FinalProject/src/install/finalProject' for CMake config files
[2.687s] Level 1:colcon.colcon_core.shell:create_environment_hook('finalProject', 'cmake_prefix_path')
[2.687s] INFO:colcon.colcon_core.shell:Creating environment descriptor '/home/shruthir/CSE180FinalProject/src/install/finalProject/share/finalProject/hook/cmake_prefix_path.dsv'
[2.688s] INFO:colcon.colcon_core.shell:Creating environment hook '/home/shruthir/CSE180FinalProject/src/install/finalProject/share/finalProject/hook/cmake_prefix_path.sh'
[2.690s] Level 1:colcon.colcon_core.environment:checking '/home/shruthir/CSE180FinalProject/src/install/finalProject/bin'
[2.690s] Level 1:colcon.colcon_core.environment:checking '/home/shruthir/CSE180FinalProject/src/install/finalProject/lib/pkgconfig/finalProject.pc'
[2.693s] Level 1:colcon.colcon_core.environment:checking '/home/shruthir/CSE180FinalProject/src/install/finalProject/lib/python3.12/site-packages'
[2.693s] Level 1:colcon.colcon_core.environment:checking '/home/shruthir/CSE180FinalProject/src/install/finalProject/bin'
[2.693s] INFO:colcon.colcon_core.shell:Creating package descriptor '/home/shruthir/CSE180FinalProject/src/install/finalProject/share/finalProject/package.dsv'
[2.695s] INFO:colcon.colcon_core.shell:Creating package script '/home/shruthir/CSE180FinalProject/src/install/finalProject/share/finalProject/package.sh'
[2.696s] INFO:colcon.colcon_core.shell:Creating package script '/home/shruthir/CSE180FinalProject/src/install/finalProject/share/finalProject/package.bash'
[2.697s] INFO:colcon.colcon_core.shell:Creating package script '/home/shruthir/CSE180FinalProject/src/install/finalProject/share/finalProject/package.zsh'
[2.698s] Level 1:colcon.colcon_core.environment:create_file_with_runtime_dependencies(/home/shruthir/CSE180FinalProject/src/install/finalProject/share/colcon-core/packages/finalProject)
[2.709s] DEBUG:colcon.colcon_parallel_executor.executor.parallel:closing loop
[2.709s] DEBUG:colcon.colcon_parallel_executor.executor.parallel:loop closed
[2.713s] DEBUG:colcon.colcon_parallel_executor.executor.parallel:run_until_complete finished with '2'
[2.713s] DEBUG:colcon.colcon_core.event_reactor:joining thread
[2.847s] INFO:colcon.colcon_core.plugin_system:Skipping extension 'colcon_notification.desktop_notification.notify_send': Could not find 'notify-send'
[2.847s] INFO:colcon.colcon_core.plugin_system:Skipping extension 'colcon_notification.desktop_notification.terminal_notifier': Not used on non-Darwin systems
[2.847s] INFO:colcon.colcon_core.plugin_system:Skipping extension 'colcon_notification.desktop_notification.win32': Not used on non-Windows systems
[2.847s] INFO:colcon.colcon_notification.desktop_notification:Sending desktop notification using 'notify2'
[2.850s] DEBUG:colcon.colcon_notification.desktop_notification.notify2:Failed to initialize notify2: org.freedesktop.DBus.Error.ServiceUnknown: The name org.freedesktop.Notifications was not provided by any .service files
[2.850s] DEBUG:colcon.colcon_core.event_reactor:joined thread
[2.850s] INFO:colcon.colcon_core.shell:Creating prefix script '/home/shruthir/CSE180FinalProject/src/install/local_setup.sh'
[2.852s] INFO:colcon.colcon_core.shell:Creating prefix util module '/home/shruthir/CSE180FinalProject/src/install/_local_setup_util_sh.py'
[2.853s] INFO:colcon.colcon_core.shell:Creating prefix chain script '/home/shruthir/CSE180FinalProject/src/install/setup.sh'
[2.856s] INFO:colcon.colcon_core.shell:Creating prefix script '/home/shruthir/CSE180FinalProject/src/install/local_setup.bash'
[2.858s] INFO:colcon.colcon_core.shell:Creating prefix chain script '/home/shruthir/CSE180FinalProject/src/install/setup.bash'
[2.859s] INFO:colcon.colcon_core.shell:Creating prefix script '/home/shruthir/CSE180FinalProject/src/install/local_setup.zsh'
[2.860s] INFO:colcon.colcon_core.shell:Creating prefix chain script '/home/shruthir/CSE180FinalProject/src/install/setup.zsh'
