[0.061s] Invoking command in '/home/shruthir/CSE180FinalProject/build/finalProject': CMAKE_PREFIX_PATH=${CMAKE_PREFIX_PATH}:/opt/ros/jazzy DEBUGINFOD_URLS=https://debuginfod.ubuntu.com /usr/bin/cmake --build /home/shruthir/CSE180FinalProject/build/finalProject -- -j12 -l12
[0.828s] [ 33%] Built target locomotion_node
[0.841s] [ 66%] Built target navigation_node
[0.846s] [100%] Built target perception_node
[0.872s] Invoked command in '/home/shruthir/CSE180FinalProject/build/finalProject' returned '0': CMAKE_PREFIX_PATH=${CMAKE_PREFIX_PATH}:/opt/ros/jazzy DEBUGINFOD_URLS=https://debuginfod.ubuntu.com /usr/bin/cmake --build /home/shruthir/CSE180FinalProject/build/finalProject -- -j12 -l12
[0.894s] Invoking command in '/home/shruthir/CSE180FinalProject/build/finalProject': CMAKE_PREFIX_PATH=${CMAKE_PREFIX_PATH}:/opt/ros/jazzy DEBUGINFOD_URLS=https://debuginfod.ubuntu.com /usr/bin/cmake --install /home/shruthir/CSE180FinalProject/build/finalProject
[0.917s] -- Install configuration: ""
[0.954s] -- Up-to-date: /home/shruthir/CSE180FinalProject/install/finalProject/lib/finalProject/navigation_node
[0.956s] -- Up-to-date: /home/shruthir/CSE180FinalProject/install/finalProject/lib/finalProject/perception_node
[0.961s] -- Up-to-date: /home/shruthir/CSE180FinalProject/install/finalProject/lib/finalProject/locomotion_node
[0.965s] -- Up-to-date: /home/shruthir/CSE180FinalProject/install/finalProject/share/ament_index/resource_index/package_run_dependencies/finalProject
[0.965s] -- Up-to-date: /home/shruthir/CSE180FinalProject/install/finalProject/share/ament_index/resource_index/parent_prefix_path/finalProject
[0.968s] -- Up-to-date: /home/shruthir/CSE180FinalProject/install/finalProject/share/finalProject/environment/ament_prefix_path.sh
[0.969s] -- Up-to-date: /home/shruthir/CSE180FinalProject/install/finalProject/share/finalProject/environment/ament_prefix_path.dsv
[0.971s] -- Up-to-date: /home/shruthir/CSE180FinalProject/install/finalProject/share/finalProject/environment/path.sh
[0.971s] -- Up-to-date: /home/shruthir/CSE180FinalProject/install/finalProject/share/finalProject/environment/path.dsv
[0.971s] -- Up-to-date: /home/shruthir/CSE180FinalProject/install/finalProject/share/finalProject/local_setup.bash
[0.972s] -- Up-to-date: /home/shruthir/CSE180FinalProject/install/finalProject/share/finalProject/local_setup.sh
[0.974s] -- Up-to-date: /home/shruthir/CSE180FinalProject/install/finalProject/share/finalProject/local_setup.zsh
[0.974s] -- Up-to-date: /home/shruthir/CSE180FinalProject/install/finalProject/share/finalProject/local_setup.dsv
[0.974s] -- Installing: /home/shruthir/CSE180FinalProject/install/finalProject/share/finalProject/package.dsv
[0.976s] -- Up-to-date: /home/shruthir/CSE180FinalProject/install/finalProject/share/ament_index/resource_index/packages/finalProject
[0.976s] -- Up-to-date: /home/shruthir/CSE180FinalProject/install/finalProject/share/finalProject/cmake/finalProjectConfig.cmake
[0.976s] -- Up-to-date: /home/shruthir/CSE180FinalProject/install/finalProject/share/finalProject/cmake/finalProjectConfig-version.cmake
[0.976s] -- Up-to-date: /home/shruthir/CSE180FinalProject/install/finalProject/share/finalProject/package.xml
[0.980s] Invoked command in '/home/shruthir/CSE180FinalProject/build/finalProject' returned '0': CMAKE_PREFIX_PATH=${CMAKE_PREFIX_PATH}:/opt/ros/jazzy DEBUGINFOD_URLS=https://debuginfod.ubuntu.com /usr/bin/cmake --install /home/shruthir/CSE180FinalProject/build/finalProject
