[ 33%] Built target navigation_node
[ 50%] [32mBuilding CXX object CMakeFiles/perception_node.dir/src/perception.cpp.o[0m
[ 83%] Built target locomotion_node
[100%] [32m[1mLinking CXX executable perception_node[0m
[100%] Built target perception_node
-- Install configuration: ""
-- Up-to-date: /home/shruthir/CSE180FinalProject/install/finalProject/lib/finalProject/navigation_node
-- Installing: /home/shruthir/CSE180FinalProject/install/finalProject/lib/finalProject/perception_node
-- Set non-toolchain portion of runtime path of "/home/shruthir/CSE180FinalProject/install/finalProject/lib/finalProject/perception_node" to ""
-- Up-to-date: /home/shruthir/CSE180FinalProject/install/finalProject/lib/finalProject/locomotion_node
-- Up-to-date: /home/shruthir/CSE180FinalProject/install/finalProject/share/ament_index/resource_index/package_run_dependencies/finalProject
-- Up-to-date: /home/shruthir/CSE180FinalProject/install/finalProject/share/ament_index/resource_index/parent_prefix_path/finalProject
-- Up-to-date: /home/shruthir/CSE180FinalProject/install/finalProject/share/finalProject/environment/ament_prefix_path.sh
-- Up-to-date: /home/shruthir/CSE180FinalProject/install/finalProject/share/finalProject/environment/ament_prefix_path.dsv
-- Up-to-date: /home/shruthir/CSE180FinalProject/install/finalProject/share/finalProject/environment/path.sh
-- Up-to-date: /home/shruthir/CSE180FinalProject/install/finalProject/share/finalProject/environment/path.dsv
-- Up-to-date: /home/shruthir/CSE180FinalProject/install/finalProject/share/finalProject/local_setup.bash
-- Up-to-date: /home/shruthir/CSE180FinalProject/install/finalProject/share/finalProject/local_setup.sh
-- Up-to-date: /home/shruthir/CSE180FinalProject/install/finalProject/share/finalProject/local_setup.zsh
-- Up-to-date: /home/shruthir/CSE180FinalProject/install/finalProject/share/finalProject/local_setup.dsv
-- Installing: /home/shruthir/CSE180FinalProject/install/finalProject/share/finalProject/package.dsv
-- Up-to-date: /home/shruthir/CSE180FinalProject/install/finalProject/share/ament_index/resource_index/packages/finalProject
-- Up-to-date: /home/shruthir/CSE180FinalProject/install/finalProject/share/finalProject/cmake/finalProjectConfig.cmake
-- Up-to-date: /home/shruthir/CSE180FinalProject/install/finalProject/share/finalProject/cmake/finalProjectConfig-version.cmake
-- Up-to-date: /home/shruthir/CSE180FinalProject/install/finalProject/share/finalProject/package.xml
