[0.300s] DEBUG:colcon:Command line arguments: ['/usr/bin/colcon', 'build']
[0.300s] DEBUG:colcon:Parsed command line arguments: Namespace(log_base=None, log_level=None, verb_name='build', build_base='build', install_base='install', merge_install=False, symlink_install=False, test_result_base=None, continue_on_error=False, executor='parallel', parallel_workers=12, event_handlers=None, ignore_user_meta=False, metas=['./colcon.meta'], base_paths=['.'], packages_ignore=None, packages_ignore_regex=None, paths=None, packages_up_to=None, packages_up_to_regex=None, packages_above=None, packages_above_and_dependencies=None, packages_above_depth=None, packages_select_by_dep=None, packages_skip_by_dep=None, packages_skip_up_to=None, packages_select_build_failed=False, packages_skip_build_finished=False, packages_select_test_failures=False, packages_skip_test_passed=False, packages_select=None, packages_skip=None, packages_select_regex=None, packages_skip_regex=None, packages_start=None, packages_end=None, cmake_args=None, cmake_target=None, cmake_target_skip_unavailable=False, cmake_clean_cache=False, cmake_clean_first=False, cmake_force_configure=False, ament_cmake_args=None, catkin_cmake_args=None, catkin_skip_building_tests=False, verb_parser=<colcon_defaults.argument_parser.defaults.DefaultArgumentsDecorator object at 0x7fe7b0043b30>, verb_extension=<colcon_core.verb.build.BuildVerb object at 0x7fe7aff8c620>, main=<bound method BuildVerb.main of <colcon_core.verb.build.BuildVerb object at 0x7fe7aff8c620>>)
[0.352s] Level 1:colcon.colcon_core.package_discovery:discover_packages(colcon_meta) check parameters
[0.353s] Level 1:colcon.colcon_core.package_discovery:discover_packages(recursive) check parameters
[0.353s] Level 1:colcon.colcon_core.package_discovery:discover_packages(ignore) check parameters
[0.353s] Level 1:colcon.colcon_core.package_discovery:discover_packages(path) check parameters
[0.353s] Level 1:colcon.colcon_core.package_discovery:discover_packages(colcon_meta) discover
[0.353s] Level 1:colcon.colcon_core.package_discovery:discover_packages(recursive) discover
[0.353s] INFO:colcon.colcon_core.package_discovery:Crawling recursively for packages in '/home/shruthir/CSE180FinalProject'
[0.353s] Level 1:colcon.colcon_core.package_identification:_identify(.) by extensions ['ignore', 'ignore_ament_install']
[0.353s] Level 1:colcon.colcon_core.package_identification:_identify(.) by extension 'ignore'
[0.354s] Level 1:colcon.colcon_core.package_identification:_identify(.) by extension 'ignore_ament_install'
[0.354s] Level 1:colcon.colcon_core.package_identification:_identify(.) by extensions ['colcon_pkg']
[0.354s] Level 1:colcon.colcon_core.package_identification:_identify(.) by extension 'colcon_pkg'
[0.354s] Level 1:colcon.colcon_core.package_identification:_identify(.) by extensions ['colcon_meta']
[0.354s] Level 1:colcon.colcon_core.package_identification:_identify(.) by extension 'colcon_meta'
[0.354s] Level 1:colcon.colcon_core.package_identification:_identify(.) by extensions ['ros']
[0.354s] Level 1:colcon.colcon_core.package_identification:_identify(.) by extension 'ros'
[0.409s] Level 1:colcon.colcon_core.package_identification:_identify(.) by extensions ['cmake', 'python']
[0.410s] Level 1:colcon.colcon_core.package_identification:_identify(.) by extension 'cmake'
[0.410s] Level 1:colcon.colcon_core.package_identification:_identify(.) by extension 'python'
[0.410s] Level 1:colcon.colcon_core.package_identification:_identify(.) by extensions ['python_setup_py']
[0.410s] Level 1:colcon.colcon_core.package_identification:_identify(.) by extension 'python_setup_py'
[0.410s] Level 1:colcon.colcon_core.package_identification:_identify(build) by extensions ['ignore', 'ignore_ament_install']
[0.410s] Level 1:colcon.colcon_core.package_identification:_identify(build) by extension 'ignore'
[0.410s] Level 1:colcon.colcon_core.package_identification:_identify(build) ignored
[0.411s] Level 1:colcon.colcon_core.package_identification:_identify(install) by extensions ['ignore', 'ignore_ament_install']
[0.411s] Level 1:colcon.colcon_core.package_identification:_identify(install) by extension 'ignore'
[0.411s] Level 1:colcon.colcon_core.package_identification:_identify(install) ignored
[0.411s] Level 1:colcon.colcon_core.package_identification:_identify(log) by extensions ['ignore', 'ignore_ament_install']
[0.411s] Level 1:colcon.colcon_core.package_identification:_identify(log) by extension 'ignore'
[0.411s] Level 1:colcon.colcon_core.package_identification:_identify(log) ignored
[0.411s] Level 1:colcon.colcon_core.package_identification:_identify(src) by extensions ['ignore', 'ignore_ament_install']
[0.411s] Level 1:colcon.colcon_core.package_identification:_identify(src) by extension 'ignore'
[0.411s] Level 1:colcon.colcon_core.package_identification:_identify(src) by extension 'ignore_ament_install'
[0.412s] Level 1:colcon.colcon_core.package_identification:_identify(src) by extensions ['colcon_pkg']
[0.412s] Level 1:colcon.colcon_core.package_identification:_identify(src) by extension 'colcon_pkg'
[0.412s] Level 1:colcon.colcon_core.package_identification:_identify(src) by extensions ['colcon_meta']
[0.412s] Level 1:colcon.colcon_core.package_identification:_identify(src) by extension 'colcon_meta'
[0.412s] Level 1:colcon.colcon_core.package_identification:_identify(src) by extensions ['ros']
[0.412s] Level 1:colcon.colcon_core.package_identification:_identify(src) by extension 'ros'
[0.412s] Level 1:colcon.colcon_core.package_identification:_identify(src) by extensions ['cmake', 'python']
[0.412s] Level 1:colcon.colcon_core.package_identification:_identify(src) by extension 'cmake'
[0.412s] Level 1:colcon.colcon_core.package_identification:_identify(src) by extension 'python'
[0.412s] Level 1:colcon.colcon_core.package_identification:_identify(src) by extensions ['python_setup_py']
[0.412s] Level 1:colcon.colcon_core.package_identification:_identify(src) by extension 'python_setup_py'
[0.412s] Level 1:colcon.colcon_core.package_identification:_identify(src/build) by extensions ['ignore', 'ignore_ament_install']
[0.412s] Level 1:colcon.colcon_core.package_identification:_identify(src/build) by extension 'ignore'
[0.412s] Level 1:colcon.colcon_core.package_identification:_identify(src/build) ignored
[0.412s] Level 1:colcon.colcon_core.package_identification:_identify(src/finalProject) by extensions ['ignore', 'ignore_ament_install']
[0.413s] Level 1:colcon.colcon_core.package_identification:_identify(src/finalProject) by extension 'ignore'
[0.413s] Level 1:colcon.colcon_core.package_identification:_identify(src/finalProject) by extension 'ignore_ament_install'
[0.413s] Level 1:colcon.colcon_core.package_identification:_identify(src/finalProject) by extensions ['colcon_pkg']
[0.413s] Level 1:colcon.colcon_core.package_identification:_identify(src/finalProject) by extension 'colcon_pkg'
[0.413s] Level 1:colcon.colcon_core.package_identification:_identify(src/finalProject) by extensions ['colcon_meta']
[0.413s] Level 1:colcon.colcon_core.package_identification:_identify(src/finalProject) by extension 'colcon_meta'
[0.413s] Level 1:colcon.colcon_core.package_identification:_identify(src/finalProject) by extensions ['ros']
[0.413s] Level 1:colcon.colcon_core.package_identification:_identify(src/finalProject) by extension 'ros'
[0.419s] DEBUG:colcon.colcon_core.package_identification:Package 'src/finalProject' with type 'ros.ament_cmake' and name 'finalProject'
[0.419s] Level 1:colcon.colcon_core.package_identification:_identify(src/install) by extensions ['ignore', 'ignore_ament_install']
[0.419s] Level 1:colcon.colcon_core.package_identification:_identify(src/install) by extension 'ignore'
[0.420s] Level 1:colcon.colcon_core.package_identification:_identify(src/install) ignored
[0.420s] Level 1:colcon.colcon_core.package_identification:_identify(src/log) by extensions ['ignore', 'ignore_ament_install']
[0.420s] Level 1:colcon.colcon_core.package_identification:_identify(src/log) by extension 'ignore'
[0.420s] Level 1:colcon.colcon_core.package_identification:_identify(src/log) ignored
[0.420s] Level 1:colcon.colcon_core.package_discovery:discover_packages(recursive) using defaults
[0.421s] Level 1:colcon.colcon_core.package_discovery:discover_packages(ignore) discover
[0.421s] Level 1:colcon.colcon_core.package_discovery:discover_packages(ignore) using defaults
[0.421s] Level 1:colcon.colcon_core.package_discovery:discover_packages(path) discover
[0.421s] Level 1:colcon.colcon_core.package_discovery:discover_packages(path) using defaults
[0.454s] Level 5:colcon.colcon_core.verb:set package 'finalProject' build argument 'cmake_args' from command line to 'None'
[0.454s] Level 5:colcon.colcon_core.verb:set package 'finalProject' build argument 'cmake_target' from command line to 'None'
[0.454s] Level 5:colcon.colcon_core.verb:set package 'finalProject' build argument 'cmake_target_skip_unavailable' from command line to 'False'
[0.455s] Level 5:colcon.colcon_core.verb:set package 'finalProject' build argument 'cmake_clean_cache' from command line to 'False'
[0.455s] Level 5:colcon.colcon_core.verb:set package 'finalProject' build argument 'cmake_clean_first' from command line to 'False'
[0.455s] Level 5:colcon.colcon_core.verb:set package 'finalProject' build argument 'cmake_force_configure' from command line to 'False'
[0.455s] Level 5:colcon.colcon_core.verb:set package 'finalProject' build argument 'ament_cmake_args' from command line to 'None'
[0.455s] Level 5:colcon.colcon_core.verb:set package 'finalProject' build argument 'catkin_cmake_args' from command line to 'None'
[0.455s] Level 5:colcon.colcon_core.verb:set package 'finalProject' build argument 'catkin_skip_building_tests' from command line to 'False'
[0.455s] DEBUG:colcon.colcon_core.verb:Building package 'finalProject' with the following arguments: {'ament_cmake_args': None, 'build_base': '/home/shruthir/CSE180FinalProject/build/finalProject', 'catkin_cmake_args': None, 'catkin_skip_building_tests': False, 'cmake_args': None, 'cmake_clean_cache': False, 'cmake_clean_first': False, 'cmake_force_configure': False, 'cmake_target': None, 'cmake_target_skip_unavailable': False, 'install_base': '/home/shruthir/CSE180FinalProject/install/finalProject', 'merge_install': False, 'path': '/home/shruthir/CSE180FinalProject/src/finalProject', 'symlink_install': False, 'test_result_base': None}
[0.455s] INFO:colcon.colcon_core.executor:Executing jobs using 'parallel' executor
[0.457s] DEBUG:colcon.colcon_parallel_executor.executor.parallel:run_until_complete
[0.457s] INFO:colcon.colcon_ros.task.ament_cmake.build:Building ROS package in '/home/shruthir/CSE180FinalProject/src/finalProject' with build type 'ament_cmake'
[0.458s] INFO:colcon.colcon_cmake.task.cmake.build:Building CMake package in '/home/shruthir/CSE180FinalProject/src/finalProject'
[0.460s] INFO:colcon.colcon_core.plugin_system:Skipping extension 'colcon_core.shell.bat': Not used on non-Windows systems
[0.460s] DEBUG:colcon.colcon_core.shell:Skip shell extension 'dsv' for command environment
[0.479s] DEBUG:colcon.colcon_core.event_handler.log_command:Invoking command in '/home/shruthir/CSE180FinalProject/build/finalProject': CMAKE_PREFIX_PATH=${CMAKE_PREFIX_PATH}:/opt/ros/jazzy DEBUGINFOD_URLS=https://debuginfod.ubuntu.com /usr/bin/cmake --build /home/shruthir/CSE180FinalProject/build/finalProject -- -j12 -l12
[0.711s] DEBUG:colcon.colcon_core.event_handler.log_command:Invoked command in '/home/shruthir/CSE180FinalProject/build/finalProject' returned '0': CMAKE_PREFIX_PATH=${CMAKE_PREFIX_PATH}:/opt/ros/jazzy DEBUGINFOD_URLS=https://debuginfod.ubuntu.com /usr/bin/cmake --build /home/shruthir/CSE180FinalProject/build/finalProject -- -j12 -l12
[0.726s] DEBUG:colcon.colcon_core.event_handler.log_command:Invoking command in '/home/shruthir/CSE180FinalProject/build/finalProject': CMAKE_PREFIX_PATH=${CMAKE_PREFIX_PATH}:/opt/ros/jazzy DEBUGINFOD_URLS=https://debuginfod.ubuntu.com /usr/bin/cmake --install /home/shruthir/CSE180FinalProject/build/finalProject
[0.741s] Level 1:colcon.colcon_core.environment:create_environment_scripts_only(finalProject)
[0.742s] DEBUG:colcon.colcon_core.event_handler.log_command:Invoked command in '/home/shruthir/CSE180FinalProject/build/finalProject' returned '0': CMAKE_PREFIX_PATH=${CMAKE_PREFIX_PATH}:/opt/ros/jazzy DEBUGINFOD_URLS=https://debuginfod.ubuntu.com /usr/bin/cmake --install /home/shruthir/CSE180FinalProject/build/finalProject
[0.745s] Level 1:colcon.colcon_core.environment:checking '/home/shruthir/CSE180FinalProject/install/finalProject' for CMake module files
[0.745s] Level 1:colcon.colcon_core.environment:checking '/home/shruthir/CSE180FinalProject/install/finalProject' for CMake config files
[0.745s] Level 1:colcon.colcon_core.shell:create_environment_hook('finalProject', 'cmake_prefix_path')
[0.745s] INFO:colcon.colcon_core.shell:Creating environment descriptor '/home/shruthir/CSE180FinalProject/install/finalProject/share/finalProject/hook/cmake_prefix_path.dsv'
[0.746s] INFO:colcon.colcon_core.shell:Creating environment hook '/home/shruthir/CSE180FinalProject/install/finalProject/share/finalProject/hook/cmake_prefix_path.sh'
[0.747s] Level 1:colcon.colcon_core.environment:checking '/home/shruthir/CSE180FinalProject/install/finalProject/lib'
[0.747s] Level 1:colcon.colcon_core.environment:checking '/home/shruthir/CSE180FinalProject/install/finalProject/bin'
[0.747s] Level 1:colcon.colcon_core.environment:checking '/home/shruthir/CSE180FinalProject/install/finalProject/lib/pkgconfig/finalProject.pc'
[0.749s] Level 1:colcon.colcon_core.environment:checking '/home/shruthir/CSE180FinalProject/install/finalProject/lib/python3.12/site-packages'
[0.750s] Level 1:colcon.colcon_core.environment:checking '/home/shruthir/CSE180FinalProject/install/finalProject/bin'
[0.750s] INFO:colcon.colcon_core.shell:Creating package descriptor '/home/shruthir/CSE180FinalProject/install/finalProject/share/finalProject/package.dsv'
[0.751s] INFO:colcon.colcon_core.shell:Creating package script '/home/shruthir/CSE180FinalProject/install/finalProject/share/finalProject/package.sh'
[0.752s] INFO:colcon.colcon_core.shell:Creating package script '/home/shruthir/CSE180FinalProject/install/finalProject/share/finalProject/package.bash'
[0.753s] INFO:colcon.colcon_core.shell:Creating package script '/home/shruthir/CSE180FinalProject/install/finalProject/share/finalProject/package.zsh'
[0.753s] Level 1:colcon.colcon_core.environment:create_file_with_runtime_dependencies(/home/shruthir/CSE180FinalProject/install/finalProject/share/colcon-core/packages/finalProject)
[0.754s] Level 1:colcon.colcon_core.environment:create_environment_scripts_only(finalProject)
[0.754s] Level 1:colcon.colcon_core.environment:checking '/home/shruthir/CSE180FinalProject/install/finalProject' for CMake module files
[0.755s] Level 1:colcon.colcon_core.environment:checking '/home/shruthir/CSE180FinalProject/install/finalProject' for CMake config files
[0.755s] Level 1:colcon.colcon_core.shell:create_environment_hook('finalProject', 'cmake_prefix_path')
[0.756s] INFO:colcon.colcon_core.shell:Creating environment descriptor '/home/shruthir/CSE180FinalProject/install/finalProject/share/finalProject/hook/cmake_prefix_path.dsv'
[0.756s] INFO:colcon.colcon_core.shell:Creating environment hook '/home/shruthir/CSE180FinalProject/install/finalProject/share/finalProject/hook/cmake_prefix_path.sh'
[0.757s] Level 1:colcon.colcon_core.environment:checking '/home/shruthir/CSE180FinalProject/install/finalProject/lib'
[0.757s] Level 1:colcon.colcon_core.environment:checking '/home/shruthir/CSE180FinalProject/install/finalProject/bin'
[0.757s] Level 1:colcon.colcon_core.environment:checking '/home/shruthir/CSE180FinalProject/install/finalProject/lib/pkgconfig/finalProject.pc'
[0.757s] Level 1:colcon.colcon_core.environment:checking '/home/shruthir/CSE180FinalProject/install/finalProject/lib/python3.12/site-packages'
[0.757s] Level 1:colcon.colcon_core.environment:checking '/home/shruthir/CSE180FinalProject/install/finalProject/bin'
[0.758s] INFO:colcon.colcon_core.shell:Creating package descriptor '/home/shruthir/CSE180FinalProject/install/finalProject/share/finalProject/package.dsv'
[0.759s] INFO:colcon.colcon_core.shell:Creating package script '/home/shruthir/CSE180FinalProject/install/finalProject/share/finalProject/package.sh'
[0.760s] INFO:colcon.colcon_core.shell:Creating package script '/home/shruthir/CSE180FinalProject/install/finalProject/share/finalProject/package.bash'
[0.761s] INFO:colcon.colcon_core.shell:Creating package script '/home/shruthir/CSE180FinalProject/install/finalProject/share/finalProject/package.zsh'
[0.762s] Level 1:colcon.colcon_core.environment:create_file_with_runtime_dependencies(/home/shruthir/CSE180FinalProject/install/finalProject/share/colcon-core/packages/finalProject)
[0.763s] DEBUG:colcon.colcon_parallel_executor.executor.parallel:closing loop
[0.763s] DEBUG:colcon.colcon_parallel_executor.executor.parallel:loop closed
[0.763s] DEBUG:colcon.colcon_parallel_executor.executor.parallel:run_until_complete finished with '0'
[0.763s] DEBUG:colcon.colcon_core.event_reactor:joining thread
[0.868s] INFO:colcon.colcon_core.plugin_system:Skipping extension 'colcon_notification.desktop_notification.notify_send': Could not find 'notify-send'
[0.868s] INFO:colcon.colcon_core.plugin_system:Skipping extension 'colcon_notification.desktop_notification.terminal_notifier': Not used on non-Darwin systems
[0.868s] INFO:colcon.colcon_core.plugin_system:Skipping extension 'colcon_notification.desktop_notification.win32': Not used on non-Windows systems
[0.869s] INFO:colcon.colcon_notification.desktop_notification:Sending desktop notification using 'notify2'
[0.873s] DEBUG:colcon.colcon_notification.desktop_notification.notify2:Failed to initialize notify2: org.freedesktop.DBus.Error.ServiceUnknown: The name org.freedesktop.Notifications was not provided by any .service files
[0.873s] DEBUG:colcon.colcon_core.event_reactor:joined thread
[0.873s] INFO:colcon.colcon_core.shell:Creating prefix script '/home/shruthir/CSE180FinalProject/install/local_setup.sh'
[0.874s] INFO:colcon.colcon_core.shell:Creating prefix util module '/home/shruthir/CSE180FinalProject/install/_local_setup_util_sh.py'
[0.875s] INFO:colcon.colcon_core.shell:Creating prefix chain script '/home/shruthir/CSE180FinalProject/install/setup.sh'
[0.876s] INFO:colcon.colcon_core.shell:Creating prefix script '/home/shruthir/CSE180FinalProject/install/local_setup.bash'
[0.876s] INFO:colcon.colcon_core.shell:Creating prefix chain script '/home/shruthir/CSE180FinalProject/install/setup.bash'
[0.877s] INFO:colcon.colcon_core.shell:Creating prefix script '/home/shruthir/CSE180FinalProject/install/local_setup.zsh'
[0.878s] INFO:colcon.colcon_core.shell:Creating prefix chain script '/home/shruthir/CSE180FinalProject/install/setup.zsh'
