[0.821s] DEBUG:colcon:Command line arguments: ['/usr/bin/colcon', 'build']
[0.821s] DEBUG:colcon:Parsed command line arguments: Namespace(log_base=None, log_level=None, verb_name='build', build_base='build', install_base='install', merge_install=False, symlink_install=False, test_result_base=None, continue_on_error=False, executor='parallel', parallel_workers=12, event_handlers=None, ignore_user_meta=False, metas=['./colcon.meta'], base_paths=['.'], packages_ignore=None, packages_ignore_regex=None, paths=None, packages_up_to=None, packages_up_to_regex=None, packages_above=None, packages_above_and_dependencies=None, packages_above_depth=None, packages_select_by_dep=None, packages_skip_by_dep=None, packages_skip_up_to=None, packages_select_build_failed=False, packages_skip_build_finished=False, packages_select_test_failures=False, packages_skip_test_passed=False, packages_select=None, packages_skip=None, packages_select_regex=None, packages_skip_regex=None, packages_start=None, packages_end=None, cmake_args=None, cmake_target=None, cmake_target_skip_unavailable=False, cmake_clean_cache=False, cmake_clean_first=False, cmake_force_configure=False, ament_cmake_args=None, catkin_cmake_args=None, catkin_skip_building_tests=False, verb_parser=<colcon_defaults.argument_parser.defaults.DefaultArgumentsDecorator object at 0x7f280fbcfe30>, verb_extension=<colcon_core.verb.build.BuildVerb object at 0x7f280fb18740>, main=<bound method BuildVerb.main of <colcon_core.verb.build.BuildVerb object at 0x7f280fb18740>>)
[0.944s] Level 1:colcon.colcon_core.package_discovery:discover_packages(colcon_meta) check parameters
[0.944s] Level 1:colcon.colcon_core.package_discovery:discover_packages(recursive) check parameters
[0.944s] Level 1:colcon.colcon_core.package_discovery:discover_packages(ignore) check parameters
[0.944s] Level 1:colcon.colcon_core.package_discovery:discover_packages(path) check parameters
[0.944s] Level 1:colcon.colcon_core.package_discovery:discover_packages(colcon_meta) discover
[0.945s] Level 1:colcon.colcon_core.package_discovery:discover_packages(recursive) discover
[0.945s] INFO:colcon.colcon_core.package_discovery:Crawling recursively for packages in '/home/shruthir/CSE180FinalProject'
[0.945s] Level 1:colcon.colcon_core.package_identification:_identify(.) by extensions ['ignore', 'ignore_ament_install']
[0.945s] Level 1:colcon.colcon_core.package_identification:_identify(.) by extension 'ignore'
[0.945s] Level 1:colcon.colcon_core.package_identification:_identify(.) by extension 'ignore_ament_install'
[0.945s] Level 1:colcon.colcon_core.package_identification:_identify(.) by extensions ['colcon_pkg']
[0.945s] Level 1:colcon.colcon_core.package_identification:_identify(.) by extension 'colcon_pkg'
[0.945s] Level 1:colcon.colcon_core.package_identification:_identify(.) by extensions ['colcon_meta']
[0.945s] Level 1:colcon.colcon_core.package_identification:_identify(.) by extension 'colcon_meta'
[0.945s] Level 1:colcon.colcon_core.package_identification:_identify(.) by extensions ['ros']
[0.945s] Level 1:colcon.colcon_core.package_identification:_identify(.) by extension 'ros'
[1.011s] Level 1:colcon.colcon_core.package_identification:_identify(.) by extensions ['cmake', 'python']
[1.011s] Level 1:colcon.colcon_core.package_identification:_identify(.) by extension 'cmake'
[1.011s] Level 1:colcon.colcon_core.package_identification:_identify(.) by extension 'python'
[1.011s] Level 1:colcon.colcon_core.package_identification:_identify(.) by extensions ['python_setup_py']
[1.011s] Level 1:colcon.colcon_core.package_identification:_identify(.) by extension 'python_setup_py'
[1.011s] Level 1:colcon.colcon_core.package_identification:_identify(build) by extensions ['ignore', 'ignore_ament_install']
[1.011s] Level 1:colcon.colcon_core.package_identification:_identify(build) by extension 'ignore'
[1.011s] Level 1:colcon.colcon_core.package_identification:_identify(build) ignored
[1.011s] Level 1:colcon.colcon_core.package_identification:_identify(install) by extensions ['ignore', 'ignore_ament_install']
[1.012s] Level 1:colcon.colcon_core.package_identification:_identify(install) by extension 'ignore'
[1.012s] Level 1:colcon.colcon_core.package_identification:_identify(install) ignored
[1.012s] Level 1:colcon.colcon_core.package_identification:_identify(log) by extensions ['ignore', 'ignore_ament_install']
[1.012s] Level 1:colcon.colcon_core.package_identification:_identify(log) by extension 'ignore'
[1.012s] Level 1:colcon.colcon_core.package_identification:_identify(log) ignored
[1.012s] Level 1:colcon.colcon_core.package_identification:_identify(src) by extensions ['ignore', 'ignore_ament_install']
[1.012s] Level 1:colcon.colcon_core.package_identification:_identify(src) by extension 'ignore'
[1.012s] Level 1:colcon.colcon_core.package_identification:_identify(src) by extension 'ignore_ament_install'
[1.012s] Level 1:colcon.colcon_core.package_identification:_identify(src) by extensions ['colcon_pkg']
[1.012s] Level 1:colcon.colcon_core.package_identification:_identify(src) by extension 'colcon_pkg'
[1.012s] Level 1:colcon.colcon_core.package_identification:_identify(src) by extensions ['colcon_meta']
[1.012s] Level 1:colcon.colcon_core.package_identification:_identify(src) by extension 'colcon_meta'
[1.013s] Level 1:colcon.colcon_core.package_identification:_identify(src) by extensions ['ros']
[1.013s] Level 1:colcon.colcon_core.package_identification:_identify(src) by extension 'ros'
[1.013s] Level 1:colcon.colcon_core.package_identification:_identify(src) by extensions ['cmake', 'python']
[1.013s] Level 1:colcon.colcon_core.package_identification:_identify(src) by extension 'cmake'
[1.013s] Level 1:colcon.colcon_core.package_identification:_identify(src) by extension 'python'
[1.013s] Level 1:colcon.colcon_core.package_identification:_identify(src) by extensions ['python_setup_py']
[1.013s] Level 1:colcon.colcon_core.package_identification:_identify(src) by extension 'python_setup_py'
[1.013s] Level 1:colcon.colcon_core.package_identification:_identify(src/build) by extensions ['ignore', 'ignore_ament_install']
[1.013s] Level 1:colcon.colcon_core.package_identification:_identify(src/build) by extension 'ignore'
[1.013s] Level 1:colcon.colcon_core.package_identification:_identify(src/build) ignored
[1.014s] Level 1:colcon.colcon_core.package_identification:_identify(src/finalProject) by extensions ['ignore', 'ignore_ament_install']
[1.014s] Level 1:colcon.colcon_core.package_identification:_identify(src/finalProject) by extension 'ignore'
[1.014s] Level 1:colcon.colcon_core.package_identification:_identify(src/finalProject) by extension 'ignore_ament_install'
[1.014s] Level 1:colcon.colcon_core.package_identification:_identify(src/finalProject) by extensions ['colcon_pkg']
[1.014s] Level 1:colcon.colcon_core.package_identification:_identify(src/finalProject) by extension 'colcon_pkg'
[1.014s] Level 1:colcon.colcon_core.package_identification:_identify(src/finalProject) by extensions ['colcon_meta']
[1.014s] Level 1:colcon.colcon_core.package_identification:_identify(src/finalProject) by extension 'colcon_meta'
[1.014s] Level 1:colcon.colcon_core.package_identification:_identify(src/finalProject) by extensions ['ros']
[1.014s] Level 1:colcon.colcon_core.package_identification:_identify(src/finalProject) by extension 'ros'
[1.020s] DEBUG:colcon.colcon_core.package_identification:Package 'src/finalProject' with type 'ros.ament_cmake' and name 'finalProject'
[1.020s] Level 1:colcon.colcon_core.package_identification:_identify(src/install) by extensions ['ignore', 'ignore_ament_install']
[1.020s] Level 1:colcon.colcon_core.package_identification:_identify(src/install) by extension 'ignore'
[1.020s] Level 1:colcon.colcon_core.package_identification:_identify(src/install) ignored
[1.020s] Level 1:colcon.colcon_core.package_identification:_identify(src/log) by extensions ['ignore', 'ignore_ament_install']
[1.021s] Level 1:colcon.colcon_core.package_identification:_identify(src/log) by extension 'ignore'
[1.021s] Level 1:colcon.colcon_core.package_identification:_identify(src/log) ignored
[1.021s] Level 1:colcon.colcon_core.package_discovery:discover_packages(recursive) using defaults
[1.021s] Level 1:colcon.colcon_core.package_discovery:discover_packages(ignore) discover
[1.021s] Level 1:colcon.colcon_core.package_discovery:discover_packages(ignore) using defaults
[1.021s] Level 1:colcon.colcon_core.package_discovery:discover_packages(path) discover
[1.021s] Level 1:colcon.colcon_core.package_discovery:discover_packages(path) using defaults
[1.092s] Level 5:colcon.colcon_core.verb:set package 'finalProject' build argument 'cmake_args' from command line to 'None'
[1.093s] Level 5:colcon.colcon_core.verb:set package 'finalProject' build argument 'cmake_target' from command line to 'None'
[1.093s] Level 5:colcon.colcon_core.verb:set package 'finalProject' build argument 'cmake_target_skip_unavailable' from command line to 'False'
[1.093s] Level 5:colcon.colcon_core.verb:set package 'finalProject' build argument 'cmake_clean_cache' from command line to 'False'
[1.093s] Level 5:colcon.colcon_core.verb:set package 'finalProject' build argument 'cmake_clean_first' from command line to 'False'
[1.093s] Level 5:colcon.colcon_core.verb:set package 'finalProject' build argument 'cmake_force_configure' from command line to 'False'
[1.094s] Level 5:colcon.colcon_core.verb:set package 'finalProject' build argument 'ament_cmake_args' from command line to 'None'
[1.094s] Level 5:colcon.colcon_core.verb:set package 'finalProject' build argument 'catkin_cmake_args' from command line to 'None'
[1.094s] Level 5:colcon.colcon_core.verb:set package 'finalProject' build argument 'catkin_skip_building_tests' from command line to 'False'
[1.095s] DEBUG:colcon.colcon_core.verb:Building package 'finalProject' with the following arguments: {'ament_cmake_args': None, 'build_base': '/home/shruthir/CSE180FinalProject/build/finalProject', 'catkin_cmake_args': None, 'catkin_skip_building_tests': False, 'cmake_args': None, 'cmake_clean_cache': False, 'cmake_clean_first': False, 'cmake_force_configure': False, 'cmake_target': None, 'cmake_target_skip_unavailable': False, 'install_base': '/home/shruthir/CSE180FinalProject/install/finalProject', 'merge_install': False, 'path': '/home/shruthir/CSE180FinalProject/src/finalProject', 'symlink_install': False, 'test_result_base': None}
[1.097s] INFO:colcon.colcon_core.executor:Executing jobs using 'parallel' executor
[1.099s] DEBUG:colcon.colcon_parallel_executor.executor.parallel:run_until_complete
[1.100s] INFO:colcon.colcon_ros.task.ament_cmake.build:Building ROS package in '/home/shruthir/CSE180FinalProject/src/finalProject' with build type 'ament_cmake'
[1.100s] INFO:colcon.colcon_cmake.task.cmake.build:Building CMake package in '/home/shruthir/CSE180FinalProject/src/finalProject'
[1.113s] INFO:colcon.colcon_core.plugin_system:Skipping extension 'colcon_core.shell.bat': Not used on non-Windows systems
[1.113s] DEBUG:colcon.colcon_core.shell:Skip shell extension 'dsv' for command environment
[1.175s] DEBUG:colcon.colcon_core.event_handler.log_command:Invoking command in '/home/shruthir/CSE180FinalProject/build/finalProject': CMAKE_PREFIX_PATH=${CMAKE_PREFIX_PATH}:/opt/ros/jazzy DEBUGINFOD_URLS=https://debuginfod.ubuntu.com /usr/bin/cmake --build /home/shruthir/CSE180FinalProject/build/finalProject -- -j12 -l12
[19.302s] DEBUG:colcon.colcon_core.event_handler.log_command:Invoked command in '/home/shruthir/CSE180FinalProject/build/finalProject' returned '0': CMAKE_PREFIX_PATH=${CMAKE_PREFIX_PATH}:/opt/ros/jazzy DEBUGINFOD_URLS=https://debuginfod.ubuntu.com /usr/bin/cmake --build /home/shruthir/CSE180FinalProject/build/finalProject -- -j12 -l12
[19.318s] DEBUG:colcon.colcon_core.event_handler.log_command:Invoking command in '/home/shruthir/CSE180FinalProject/build/finalProject': CMAKE_PREFIX_PATH=${CMAKE_PREFIX_PATH}:/opt/ros/jazzy DEBUGINFOD_URLS=https://debuginfod.ubuntu.com /usr/bin/cmake --install /home/shruthir/CSE180FinalProject/build/finalProject
[19.384s] Level 1:colcon.colcon_core.environment:create_environment_scripts_only(finalProject)
[19.387s] DEBUG:colcon.colcon_core.event_handler.log_command:Invoked command in '/home/shruthir/CSE180FinalProject/build/finalProject' returned '0': CMAKE_PREFIX_PATH=${CMAKE_PREFIX_PATH}:/opt/ros/jazzy DEBUGINFOD_URLS=https://debuginfod.ubuntu.com /usr/bin/cmake --install /home/shruthir/CSE180FinalProject/build/finalProject
[19.408s] Level 1:colcon.colcon_core.environment:checking '/home/shruthir/CSE180FinalProject/install/finalProject' for CMake module files
[19.409s] Level 1:colcon.colcon_core.environment:checking '/home/shruthir/CSE180FinalProject/install/finalProject' for CMake config files
[19.410s] Level 1:colcon.colcon_core.shell:create_environment_hook('finalProject', 'cmake_prefix_path')
[19.410s] INFO:colcon.colcon_core.shell:Creating environment descriptor '/home/shruthir/CSE180FinalProject/install/finalProject/share/finalProject/hook/cmake_prefix_path.dsv'
[19.413s] INFO:colcon.colcon_core.shell:Creating environment hook '/home/shruthir/CSE180FinalProject/install/finalProject/share/finalProject/hook/cmake_prefix_path.sh'
[19.417s] Level 1:colcon.colcon_core.environment:checking '/home/shruthir/CSE180FinalProject/install/finalProject/lib'
[19.418s] Level 1:colcon.colcon_core.environment:checking '/home/shruthir/CSE180FinalProject/install/finalProject/bin'
[19.418s] Level 1:colcon.colcon_core.environment:checking '/home/shruthir/CSE180FinalProject/install/finalProject/lib/pkgconfig/finalProject.pc'
[19.423s] Level 1:colcon.colcon_core.environment:checking '/home/shruthir/CSE180FinalProject/install/finalProject/lib/python3.12/site-packages'
[19.424s] Level 1:colcon.colcon_core.environment:checking '/home/shruthir/CSE180FinalProject/install/finalProject/bin'
[19.424s] INFO:colcon.colcon_core.shell:Creating package descriptor '/home/shruthir/CSE180FinalProject/install/finalProject/share/finalProject/package.dsv'
[19.427s] INFO:colcon.colcon_core.shell:Creating package script '/home/shruthir/CSE180FinalProject/install/finalProject/share/finalProject/package.sh'
[19.431s] INFO:colcon.colcon_core.shell:Creating package script '/home/shruthir/CSE180FinalProject/install/finalProject/share/finalProject/package.bash'
[19.436s] INFO:colcon.colcon_core.shell:Creating package script '/home/shruthir/CSE180FinalProject/install/finalProject/share/finalProject/package.zsh'
[19.439s] Level 1:colcon.colcon_core.environment:create_file_with_runtime_dependencies(/home/shruthir/CSE180FinalProject/install/finalProject/share/colcon-core/packages/finalProject)
[19.441s] Level 1:colcon.colcon_core.environment:create_environment_scripts_only(finalProject)
[19.442s] Level 1:colcon.colcon_core.environment:checking '/home/shruthir/CSE180FinalProject/install/finalProject' for CMake module files
[19.443s] Level 1:colcon.colcon_core.environment:checking '/home/shruthir/CSE180FinalProject/install/finalProject' for CMake config files
[19.444s] Level 1:colcon.colcon_core.shell:create_environment_hook('finalProject', 'cmake_prefix_path')
[19.444s] INFO:colcon.colcon_core.shell:Creating environment descriptor '/home/shruthir/CSE180FinalProject/install/finalProject/share/finalProject/hook/cmake_prefix_path.dsv'
[19.445s] INFO:colcon.colcon_core.shell:Creating environment hook '/home/shruthir/CSE180FinalProject/install/finalProject/share/finalProject/hook/cmake_prefix_path.sh'
[19.446s] Level 1:colcon.colcon_core.environment:checking '/home/shruthir/CSE180FinalProject/install/finalProject/lib'
[19.447s] Level 1:colcon.colcon_core.environment:checking '/home/shruthir/CSE180FinalProject/install/finalProject/bin'
[19.447s] Level 1:colcon.colcon_core.environment:checking '/home/shruthir/CSE180FinalProject/install/finalProject/lib/pkgconfig/finalProject.pc'
[19.447s] Level 1:colcon.colcon_core.environment:checking '/home/shruthir/CSE180FinalProject/install/finalProject/lib/python3.12/site-packages'
[19.448s] Level 1:colcon.colcon_core.environment:checking '/home/shruthir/CSE180FinalProject/install/finalProject/bin'
[19.449s] INFO:colcon.colcon_core.shell:Creating package descriptor '/home/shruthir/CSE180FinalProject/install/finalProject/share/finalProject/package.dsv'
[19.451s] INFO:colcon.colcon_core.shell:Creating package script '/home/shruthir/CSE180FinalProject/install/finalProject/share/finalProject/package.sh'
[19.454s] INFO:colcon.colcon_core.shell:Creating package script '/home/shruthir/CSE180FinalProject/install/finalProject/share/finalProject/package.bash'
[19.456s] INFO:colcon.colcon_core.shell:Creating package script '/home/shruthir/CSE180FinalProject/install/finalProject/share/finalProject/package.zsh'
[19.457s] Level 1:colcon.colcon_core.environment:create_file_with_runtime_dependencies(/home/shruthir/CSE180FinalProject/install/finalProject/share/colcon-core/packages/finalProject)
[19.459s] DEBUG:colcon.colcon_parallel_executor.executor.parallel:closing loop
[19.460s] DEBUG:colcon.colcon_parallel_executor.executor.parallel:loop closed
[19.462s] DEBUG:colcon.colcon_parallel_executor.executor.parallel:run_until_complete finished with '0'
[19.464s] DEBUG:colcon.colcon_core.event_reactor:joining thread
[19.613s] INFO:colcon.colcon_core.plugin_system:Skipping extension 'colcon_notification.desktop_notification.notify_send': Could not find 'notify-send'
[19.614s] INFO:colcon.colcon_core.plugin_system:Skipping extension 'colcon_notification.desktop_notification.terminal_notifier': Not used on non-Darwin systems
[19.614s] INFO:colcon.colcon_core.plugin_system:Skipping extension 'colcon_notification.desktop_notification.win32': Not used on non-Windows systems
[19.614s] INFO:colcon.colcon_notification.desktop_notification:Sending desktop notification using 'notify2'
[19.699s] DEBUG:colcon.colcon_notification.desktop_notification.notify2:Failed to initialize notify2: org.freedesktop.DBus.Error.ServiceUnknown: The name org.freedesktop.Notifications was not provided by any .service files
[19.700s] DEBUG:colcon.colcon_core.event_reactor:joined thread
[19.700s] INFO:colcon.colcon_core.shell:Creating prefix script '/home/shruthir/CSE180FinalProject/install/local_setup.sh'
[19.702s] INFO:colcon.colcon_core.shell:Creating prefix util module '/home/shruthir/CSE180FinalProject/install/_local_setup_util_sh.py'
[19.703s] INFO:colcon.colcon_core.shell:Creating prefix chain script '/home/shruthir/CSE180FinalProject/install/setup.sh'
[19.705s] INFO:colcon.colcon_core.shell:Creating prefix script '/home/shruthir/CSE180FinalProject/install/local_setup.bash'
[19.706s] INFO:colcon.colcon_core.shell:Creating prefix chain script '/home/shruthir/CSE180FinalProject/install/setup.bash'
[19.707s] INFO:colcon.colcon_core.shell:Creating prefix script '/home/shruthir/CSE180FinalProject/install/local_setup.zsh'
[19.708s] INFO:colcon.colcon_core.shell:Creating prefix chain script '/home/shruthir/CSE180FinalProject/install/setup.zsh'
